0 verbose cli /home/maison/.nvm/versions/node/v14.17.0/bin/node /home/maison/.nvm/versions/node/v14.17.0/bin/npm
1 info using npm@8.16.0
2 info using node@v14.17.0
3 timing npm:load:whichnode Completed in 0ms
4 timing config:load:defaults Completed in 2ms
5 timing config:load:file:/home/maison/.nvm/versions/node/v14.17.0/lib/node_modules/npm/npmrc Completed in 4ms
6 timing config:load:builtin Completed in 4ms
7 timing config:load:cli Completed in 2ms
8 timing config:load:env Completed in 0ms
9 timing config:load:file:/home/maison/WebstormProjects/landing/.npmrc Completed in 0ms
10 timing config:load:project Completed in 4ms
11 timing config:load:file:/home/maison/.npmrc Completed in 1ms
12 timing config:load:user Completed in 1ms
13 timing config:load:file:/home/maison/.nvm/versions/node/v14.17.0/etc/npmrc Completed in 0ms
14 timing config:load:global Completed in 0ms
15 timing config:load:validate Completed in 2ms
16 timing config:load:credentials Completed in 1ms
17 timing config:load:setEnvs Completed in 1ms
18 timing config:load Completed in 18ms
19 timing npm:load:configload Completed in 18ms
20 timing npm:load:mkdirpcache Completed in 1ms
21 timing npm:load:mkdirplogs Completed in 1ms
22 verbose title npm rebuild node-sass
23 verbose argv "rebuild" "node-sass"
24 timing npm:load:setTitle Completed in 1ms
25 timing config:load:flatten Completed in 3ms
26 timing npm:load:display Completed in 5ms
27 verbose logfile logs-max:10 dir:/home/maison/WebstormProjects/landing/C:tmpnodejsnpm-cache/_logs
28 verbose logfile /home/maison/WebstormProjects/landing/C:tmpnodejsnpm-cache/_logs/2022-08-07T16_38_27_409Z-debug-0.log
29 timing npm:load:logFile Completed in 5ms
30 timing npm:load:timers Completed in 1ms
31 timing npm:load:configScope Completed in 0ms
32 timing npm:load Completed in 33ms
33 timing arborist:ctor Completed in 3ms
34 silly logfile done cleaning log files
35 timing arborist:ctor Completed in 0ms
36 timing build:queue Completed in 1ms
37 timing build:link:node_modules/node-sass Completed in 1ms
38 timing build:link Completed in 1ms
39 info run node-sass@7.0.1 install node_modules/node-sass node scripts/install.js
40 info run node-sass@7.0.1 install { code: 0, signal: null }
41 timing build:run:install:node_modules/node-sass Completed in 364ms
42 timing build:run:install Completed in 365ms
43 info run node-sass@7.0.1 postinstall node_modules/node-sass node scripts/build.js
44 info run node-sass@7.0.1 postinstall { code: 0, signal: null }
45 timing build:run:postinstall:node_modules/node-sass Completed in 397ms
46 timing build:run:postinstall Completed in 397ms
47 timing build:deps Completed in 764ms
48 timing build Completed in 765ms
49 timing command:rebuild Completed in 1680ms
50 verbose exit 0
51 timing npm Completed in 2203ms
52 info ok
