0 verbose cli /home/maison/.nvm/versions/node/v14.17.0/bin/node /home/maison/.nvm/versions/node/v14.17.0/bin/npm
1 info using npm@8.16.0
2 info using node@v14.17.0
3 timing npm:load:whichnode Completed in 0ms
4 timing config:load:defaults Completed in 1ms
5 timing config:load:file:/home/maison/.nvm/versions/node/v14.17.0/lib/node_modules/npm/npmrc Completed in 3ms
6 timing config:load:builtin Completed in 4ms
7 timing config:load:cli Completed in 2ms
8 timing config:load:env Completed in 0ms
9 timing config:load:file:/home/maison/WebstormProjects/landing/.npmrc Completed in 0ms
10 timing config:load:project Completed in 4ms
11 timing config:load:file:/home/maison/.npmrc Completed in 1ms
12 timing config:load:user Completed in 1ms
13 timing config:load:file:/home/maison/.nvm/versions/node/v14.17.0/etc/npmrc Completed in 1ms
14 timing config:load:global Completed in 1ms
15 timing config:load:validate Completed in 2ms
16 timing config:load:credentials Completed in 0ms
17 timing config:load:setEnvs Completed in 0ms
18 timing config:load Completed in 16ms
19 timing npm:load:configload Completed in 17ms
20 timing npm:load:mkdirpcache Completed in 1ms
21 timing npm:load:mkdirplogs Completed in 0ms
22 verbose title npm audit fix
23 verbose argv "audit" "fix"
24 timing npm:load:setTitle Completed in 2ms
25 timing config:load:flatten Completed in 3ms
26 timing npm:load:display Completed in 5ms
27 verbose logfile logs-max:10 dir:/home/maison/WebstormProjects/landing/C:tmpnodejsnpm-cache/_logs
28 verbose logfile /home/maison/WebstormProjects/landing/C:tmpnodejsnpm-cache/_logs/2022-08-07T16_31_10_125Z-debug-0.log
29 timing npm:load:logFile Completed in 5ms
30 timing npm:load:timers Completed in 0ms
31 timing npm:load:configScope Completed in 1ms
32 timing npm:load Completed in 32ms
33 timing arborist:ctor Completed in 1ms
34 silly logfile done cleaning log files
35 silly audit bulk request {
35 silly audit   '@achrinza/node-ipc': [ '9.2.5' ],
35 silly audit   '@ampproject/remapping': [ '2.2.0' ],
35 silly audit   '@jridgewell/gen-mapping': [ '0.1.1', '0.3.2' ],
35 silly audit   '@babel/code-frame': [ '7.18.6', '7.12.11' ],
35 silly audit   '@babel/compat-data': [ '7.18.8' ],
35 silly audit   '@babel/core': [ '7.18.10' ],
35 silly audit   '@babel/eslint-parser': [ '7.18.9' ],
35 silly audit   '@babel/generator': [ '7.18.12' ],
35 silly audit   '@babel/helper-annotate-as-pure': [ '7.18.6' ],
35 silly audit   '@babel/helper-builder-binary-assignment-operator-visitor': [ '7.18.9' ],
35 silly audit   '@babel/helper-compilation-targets': [ '7.18.9' ],
35 silly audit   '@babel/helper-create-class-features-plugin': [ '7.18.9' ],
35 silly audit   '@babel/helper-create-regexp-features-plugin': [ '7.18.6' ],
35 silly audit   '@babel/helper-define-polyfill-provider': [ '0.3.2' ],
35 silly audit   '@babel/helper-environment-visitor': [ '7.18.9' ],
35 silly audit   '@babel/helper-explode-assignable-expression': [ '7.18.6' ],
35 silly audit   '@babel/helper-function-name': [ '7.18.9' ],
35 silly audit   '@babel/helper-hoist-variables': [ '7.18.6' ],
35 silly audit   '@babel/helper-member-expression-to-functions': [ '7.18.9' ],
35 silly audit   '@babel/helper-module-imports': [ '7.18.6' ],
35 silly audit   '@babel/helper-module-transforms': [ '7.18.9' ],
35 silly audit   '@babel/helper-optimise-call-expression': [ '7.18.6' ],
35 silly audit   '@babel/helper-plugin-utils': [ '7.18.9' ],
35 silly audit   '@babel/helper-remap-async-to-generator': [ '7.18.9' ],
35 silly audit   '@babel/helper-replace-supers': [ '7.18.9' ],
35 silly audit   '@babel/helper-simple-access': [ '7.18.6' ],
35 silly audit   '@babel/helper-skip-transparent-expression-wrappers': [ '7.18.9' ],
35 silly audit   '@babel/helper-split-export-declaration': [ '7.18.6' ],
35 silly audit   '@babel/helper-string-parser': [ '7.18.10' ],
35 silly audit   '@babel/helper-validator-identifier': [ '7.18.6' ],
35 silly audit   '@babel/helper-validator-option': [ '7.18.6' ],
35 silly audit   '@babel/helper-wrap-function': [ '7.18.11' ],
35 silly audit   '@babel/helpers': [ '7.18.9' ],
35 silly audit   '@babel/highlight': [ '7.18.6' ],
35 silly audit   'ansi-styles': [ '3.2.1', '4.3.0' ],
35 silly audit   chalk: [ '2.4.2', '3.0.0', '4.1.2' ],
35 silly audit   'color-convert': [ '1.9.3', '2.0.1' ],
35 silly audit   'color-name': [ '1.1.3', '1.1.4' ],
35 silly audit   'has-flag': [ '3.0.0', '4.0.0' ],
35 silly audit   'supports-color': [ '5.5.0', '8.1.1', '7.2.0' ],
35 silly audit   '@babel/parser': [ '7.18.11' ],
35 silly audit   '@babel/plugin-bugfix-safari-id-destructuring-collision-in-function-expression': [ '7.18.6' ],
35 silly audit   '@babel/plugin-bugfix-v8-spread-parameters-in-optional-chaining': [ '7.18.9' ],
35 silly audit   '@babel/plugin-proposal-async-generator-functions': [ '7.18.10' ],
35 silly audit   '@babel/plugin-proposal-class-properties': [ '7.18.6' ],
35 silly audit   '@babel/plugin-proposal-class-static-block': [ '7.18.6' ],
35 silly audit   '@babel/plugin-proposal-decorators': [ '7.18.10' ],
35 silly audit   '@babel/plugin-proposal-dynamic-import': [ '7.18.6' ],
35 silly audit   '@babel/plugin-proposal-export-namespace-from': [ '7.18.9' ],
35 silly audit   '@babel/plugin-proposal-json-strings': [ '7.18.6' ],
35 silly audit   '@babel/plugin-proposal-logical-assignment-operators': [ '7.18.9' ],
35 silly audit   '@babel/plugin-proposal-nullish-coalescing-operator': [ '7.18.6' ],
35 silly audit   '@babel/plugin-proposal-numeric-separator': [ '7.18.6' ],
35 silly audit   '@babel/plugin-proposal-object-rest-spread': [ '7.18.9' ],
35 silly audit   '@babel/plugin-proposal-optional-catch-binding': [ '7.18.6' ],
35 silly audit   '@babel/plugin-proposal-optional-chaining': [ '7.18.9' ],
35 silly audit   '@babel/plugin-proposal-private-methods': [ '7.18.6' ],
35 silly audit   '@babel/plugin-proposal-private-property-in-object': [ '7.18.6' ],
35 silly audit   '@babel/plugin-proposal-unicode-property-regex': [ '7.18.6' ],
35 silly audit   '@babel/plugin-syntax-async-generators': [ '7.8.4' ],
35 silly audit   '@babel/plugin-syntax-class-properties': [ '7.12.13' ],
35 silly audit   '@babel/plugin-syntax-class-static-block': [ '7.14.5' ],
35 silly audit   '@babel/plugin-syntax-decorators': [ '7.18.6' ],
35 silly audit   '@babel/plugin-syntax-dynamic-import': [ '7.8.3' ],
35 silly audit   '@babel/plugin-syntax-export-namespace-from': [ '7.8.3' ],
35 silly audit   '@babel/plugin-syntax-import-assertions': [ '7.18.6' ],
35 silly audit   '@babel/plugin-syntax-json-strings': [ '7.8.3' ],
35 silly audit   '@babel/plugin-syntax-jsx': [ '7.18.6' ],
35 silly audit   '@babel/plugin-syntax-logical-assignment-operators': [ '7.10.4' ],
35 silly audit   '@babel/plugin-syntax-nullish-coalescing-operator': [ '7.8.3' ],
35 silly audit   '@babel/plugin-syntax-numeric-separator': [ '7.10.4' ],
35 silly audit   '@babel/plugin-syntax-object-rest-spread': [ '7.8.3' ],
35 silly audit   '@babel/plugin-syntax-optional-catch-binding': [ '7.8.3' ],
35 silly audit   '@babel/plugin-syntax-optional-chaining': [ '7.8.3' ],
35 silly audit   '@babel/plugin-syntax-private-property-in-object': [ '7.14.5' ],
35 silly audit   '@babel/plugin-syntax-top-level-await': [ '7.14.5' ],
35 silly audit   '@babel/plugin-transform-arrow-functions': [ '7.18.6' ],
35 silly audit   '@babel/plugin-transform-async-to-generator': [ '7.18.6' ],
35 silly audit   '@babel/plugin-transform-block-scoped-functions': [ '7.18.6' ],
35 silly audit   '@babel/plugin-transform-block-scoping': [ '7.18.9' ],
35 silly audit   '@babel/plugin-transform-classes': [ '7.18.9' ],
35 silly audit   '@babel/plugin-transform-computed-properties': [ '7.18.9' ],
35 silly audit   '@babel/plugin-transform-destructuring': [ '7.18.9' ],
35 silly audit   '@babel/plugin-transform-dotall-regex': [ '7.18.6' ],
35 silly audit   '@babel/plugin-transform-duplicate-keys': [ '7.18.9' ],
35 silly audit   '@babel/plugin-transform-exponentiation-operator': [ '7.18.6' ],
35 silly audit   '@babel/plugin-transform-for-of': [ '7.18.8' ],
35 silly audit   '@babel/plugin-transform-function-name': [ '7.18.9' ],
35 silly audit   '@babel/plugin-transform-literals': [ '7.18.9' ],
35 silly audit   '@babel/plugin-transform-member-expression-literals': [ '7.18.6' ],
35 silly audit   '@babel/plugin-transform-modules-amd': [ '7.18.6' ],
35 silly audit   '@babel/plugin-transform-modules-commonjs': [ '7.18.6' ],
35 silly audit   '@babel/plugin-transform-modules-systemjs': [ '7.18.9' ],
35 silly audit   '@babel/plugin-transform-modules-umd': [ '7.18.6' ],
35 silly audit   '@babel/plugin-transform-named-capturing-groups-regex': [ '7.18.6' ],
35 silly audit   '@babel/plugin-transform-new-target': [ '7.18.6' ],
35 silly audit   '@babel/plugin-transform-object-super': [ '7.18.6' ],
35 silly audit   '@babel/plugin-transform-parameters': [ '7.18.8' ],
35 silly audit   '@babel/plugin-transform-property-literals': [ '7.18.6' ],
35 silly audit   '@babel/plugin-transform-regenerator': [ '7.18.6' ],
35 silly audit   '@babel/plugin-transform-reserved-words': [ '7.18.6' ],
35 silly audit   '@babel/plugin-transform-runtime': [ '7.18.10' ],
35 silly audit   '@babel/plugin-transform-shorthand-properties': [ '7.18.6' ],
35 silly audit   '@babel/plugin-transform-spread': [ '7.18.9' ],
35 silly audit   '@babel/plugin-transform-sticky-regex': [ '7.18.6' ],
35 silly audit   '@babel/plugin-transform-template-literals': [ '7.18.9' ],
35 silly audit   '@babel/plugin-transform-typeof-symbol': [ '7.18.9' ],
35 silly audit   '@babel/plugin-transform-unicode-escapes': [ '7.18.10' ],
35 silly audit   '@babel/plugin-transform-unicode-regex': [ '7.18.6' ],
35 silly audit   '@babel/preset-env': [ '7.18.10' ],
35 silly audit   '@babel/preset-modules': [ '0.1.5' ],
35 silly audit   '@babel/runtime': [ '7.18.9' ],
35 silly audit   '@babel/template': [ '7.18.10' ],
35 silly audit   '@babel/traverse': [ '7.18.11' ],
35 silly audit   '@babel/types': [ '7.18.10' ],
35 silly audit   '@eslint/eslintrc': [ '0.4.3' ],
35 silly audit   globals: [ '13.17.0', '11.12.0' ],
35 silly audit   '@gar/promisify': [ '1.1.3' ],
35 silly audit   '@hapi/hoek': [ '9.3.0' ],
35 silly audit   '@hapi/topo': [ '5.1.0' ],
35 silly audit   '@humanwhocodes/config-array': [ '0.5.0' ],
35 silly audit   '@humanwhocodes/object-schema': [ '1.2.1' ],
35 silly audit   '@jridgewell/resolve-uri': [ '3.1.0' ],
35 silly audit   '@jridgewell/set-array': [ '1.1.2' ],
35 silly audit   '@jridgewell/source-map': [ '0.3.2' ],
35 silly audit   '@jridgewell/sourcemap-codec': [ '1.4.14' ],
35 silly audit   '@jridgewell/trace-mapping': [ '0.3.14' ],
35 silly audit   '@leichtgewicht/ip-codec': [ '2.0.4' ],
35 silly audit   '@node-ipc/js-queue': [ '2.0.3' ],
35 silly audit   '@nodelib/fs.scandir': [ '2.1.5' ],
35 silly audit   '@nodelib/fs.stat': [ '2.0.5' ],
35 silly audit   '@nodelib/fs.walk': [ '1.2.8' ],
35 silly audit   '@npmcli/fs': [ '1.1.1' ],
35 silly audit   'lru-cache': [ '6.0.0', '4.1.5' ],
35 silly audit   semver: [ '7.3.7', '7.0.0', '5.7.1', '6.3.0' ],
35 silly audit   '@npmcli/move-file': [ '1.1.2' ],
35 silly audit   mkdirp: [ '1.0.4', '0.5.6' ],
35 silly audit   '@polka/url': [ '1.0.0-next.21' ],
35 silly audit   '@sideway/address': [ '4.1.4' ],
35 silly audit   '@sideway/formula': [ '3.0.0' ],
35 silly audit   '@sideway/pinpoint': [ '2.0.0' ],
35 silly audit   '@soda/friendly-errors-webpack-plugin': [ '1.8.1' ],
35 silly audit   '@soda/get-current-script': [ '1.0.2' ],
35 silly audit   '@tootallnate/once': [ '1.1.2' ],
35 silly audit   '@trysound/sax': [ '0.2.0' ],
35 silly audit   '@types/body-parser': [ '1.19.2' ],
35 silly audit   '@types/bonjour': [ '3.5.10' ],
35 silly audit   '@types/connect': [ '3.4.35' ],
35 silly audit   '@types/connect-history-api-fallback': [ '1.3.5' ],
35 silly audit   '@types/eslint': [ '8.4.5' ],
35 silly audit   '@types/eslint-scope': [ '3.7.4' ],
35 silly audit   '@types/estree': [ '1.0.0', '0.0.51' ],
35 silly audit   '@types/express': [ '4.17.13' ],
35 silly audit   '@types/express-serve-static-core': [ '4.17.30' ],
35 silly audit   '@types/html-minifier-terser': [ '6.1.0' ],
35 silly audit   '@types/http-proxy': [ '1.17.9' ],
35 silly audit   '@types/json-schema': [ '7.0.11' ],
35 silly audit   '@types/mime': [ '3.0.1' ],
35 silly audit   '@types/minimist': [ '1.2.2' ],
35 silly audit   '@types/node': [ '18.6.4' ],
35 silly audit   '@types/normalize-package-data': [ '2.4.1' ],
35 silly audit   '@types/parse-json': [ '4.0.0' ],
35 silly audit   '@types/qs': [ '6.9.7' ],
35 silly audit   '@types/range-parser': [ '1.2.4' ],
35 silly audit   '@types/retry': [ '0.12.0' ],
35 silly audit   '@types/serve-index': [ '1.9.1' ],
35 silly audit   '@types/serve-static': [ '1.15.0' ],
35 silly audit   '@types/sockjs': [ '0.3.33' ],
35 silly audit   '@types/ws': [ '8.5.3' ],
35 silly audit   '@vue/babel-helper-vue-jsx-merge-props': [ '1.2.1' ],
35 silly audit   '@vue/babel-helper-vue-transform-on': [ '1.0.2' ],
35 silly audit   '@vue/babel-plugin-jsx': [ '1.1.1' ],
35 silly audit   camelcase: [ '6.3.0', '5.3.1' ],
35 silly audit   'html-tags': [ '3.2.0', '2.0.0' ],
35 silly audit   '@vue/babel-plugin-transform-vue-jsx': [ '1.2.1' ],
35 silly audit   '@vue/babel-preset-app': [ '5.0.8' ],
35 silly audit   '@vue/babel-preset-jsx': [ '1.3.1' ],
35 silly audit   '@vue/babel-sugar-composition-api-inject-h': [ '1.3.0' ],
35 silly audit   '@vue/babel-sugar-composition-api-render-instance': [ '1.3.0' ],
35 silly audit   '@vue/babel-sugar-functional-vue': [ '1.2.2' ],
35 silly audit   '@vue/babel-sugar-inject-h': [ '1.2.2' ],
35 silly audit   '@vue/babel-sugar-v-model': [ '1.3.0' ],
35 silly audit   '@vue/babel-sugar-v-on': [ '1.3.0' ],
35 silly audit   '@vue/cli-overlay': [ '5.0.8' ],
35 silly audit   '@vue/cli-plugin-babel': [ '5.0.8' ],
35 silly audit   '@vue/cli-plugin-eslint': [ '5.0.8' ],
35 silly audit   '@vue/cli-plugin-router': [ '5.0.8' ],
35 silly audit   '@vue/cli-plugin-vuex': [ '5.0.8' ],
35 silly audit   '@vue/cli-service': [ '5.0.8' ],
35 silly audit   'hash-sum': [ '2.0.0', '1.0.2' ],
35 silly audit   '@vue/cli-shared-utils': [ '5.0.8' ],
35 silly audit   '@vue/compiler-core': [ '3.2.37' ],
35 silly audit   '@vue/compiler-dom': [ '3.2.37' ],
35 silly audit   '@vue/compiler-sfc': [ '3.2.37' ],
35 silly audit   '@vue/compiler-ssr': [ '3.2.37' ],
35 silly audit   '@vue/component-compiler-utils': [ '3.3.0' ],
35 silly audit   picocolors: [ '0.2.1', '1.0.0' ],
35 silly audit   postcss: [ '7.0.39', '8.4.16' ],
35 silly audit   '@vue/devtools-api': [ '6.2.1' ],
35 silly audit   '@vue/reactivity': [ '3.2.37' ],
35 silly audit   '@vue/reactivity-transform': [ '3.2.37' ],
35 silly audit   '@vue/runtime-core': [ '3.2.37' ],
35 silly audit   '@vue/runtime-dom': [ '3.2.37' ],
35 silly audit   '@vue/server-renderer': [ '3.2.37' ],
35 silly audit   '@vue/shared': [ '3.2.37' ],
35 silly audit   'vue-loader': [ '15.10.0', '17.0.0' ],
35 silly audit   json5: [ '1.0.1', '2.2.1' ],
35 silly audit   'loader-utils': [ '1.4.0', '2.0.2' ],
35 silly audit   '@vue/web-component-wrapper': [ '1.3.0' ],
35 silly audit   '@webassemblyjs/ast': [ '1.11.1' ],
35 silly audit   '@webassemblyjs/floating-point-hex-parser': [ '1.11.1' ],
35 silly audit   '@webassemblyjs/helper-api-error': [ '1.11.1' ],
35 silly audit   '@webassemblyjs/helper-buffer': [ '1.11.1' ],
35 silly audit   '@webassemblyjs/helper-numbers': [ '1.11.1' ],
35 silly audit   '@webassemblyjs/helper-wasm-bytecode': [ '1.11.1' ],
35 silly audit   '@webassemblyjs/helper-wasm-section': [ '1.11.1' ],
35 silly audit   '@webassemblyjs/ieee754': [ '1.11.1' ],
35 silly audit   '@webassemblyjs/leb128': [ '1.11.1' ],
35 silly audit   '@webassemblyjs/utf8': [ '1.11.1' ],
35 silly audit   '@webassemblyjs/wasm-edit': [ '1.11.1' ],
35 silly audit   '@webassemblyjs/wasm-gen': [ '1.11.1' ],
35 silly audit   '@webassemblyjs/wasm-opt': [ '1.11.1' ],
35 silly audit   '@webassemblyjs/wasm-parser': [ '1.11.1' ],
35 silly audit   '@webassemblyjs/wast-printer': [ '1.11.1' ],
35 silly audit   '@xtuc/ieee754': [ '1.2.0' ],
35 silly audit   '@xtuc/long': [ '4.2.2' ],
35 silly audit   abbrev: [ '1.1.1' ],
35 silly audit   accepts: [ '1.3.8' ],
35 silly audit   acorn: [ '8.8.0', '7.4.1' ],
35 silly audit   'acorn-import-assertions': [ '1.8.0' ],
35 silly audit   'acorn-jsx': [ '5.3.2' ],
35 silly audit   'acorn-walk': [ '8.2.0' ],
35 silly audit   address: [ '1.2.0' ],
35 silly audit   'agent-base': [ '6.0.2' ],
35 silly audit   agentkeepalive: [ '4.2.1' ],
35 silly audit   depd: [ '1.1.2', '2.0.0' ],
35 silly audit   'aggregate-error': [ '3.1.0' ],
35 silly audit   ajv: [ '6.12.6', '8.11.0' ],
35 silly audit   'ajv-keywords': [ '3.5.2', '5.1.0' ],
35 silly audit   'ansi-colors': [ '4.1.3' ],
35 silly audit   'ansi-escapes': [ '3.2.0' ],
35 silly audit   'ansi-html-community': [ '0.0.8' ],
35 silly audit   'ansi-regex': [ '5.0.1', '3.0.1' ],
35 silly audit   'any-promise': [ '1.3.0' ],
35 silly audit   anymatch: [ '3.1.2' ],
35 silly audit   aproba: [ '2.0.0' ],
35 silly audit   arch: [ '2.2.0' ],
35 silly audit   'are-we-there-yet': [ '2.0.0', '3.0.1' ],
35 silly audit   argparse: [ '1.0.10' ],
35 silly audit   'array-flatten': [ '1.1.1', '2.1.2' ],
35 silly audit   'array-union': [ '2.1.0' ],
35 silly audit   arrify: [ '1.0.1' ],
35 silly audit   asn1: [ '0.2.6' ],
35 silly audit   'assert-plus': [ '1.0.0' ],
35 silly audit   'astral-regex': [ '2.0.0' ],
35 silly audit   async: [ '2.6.4' ],
35 silly audit   'async-foreach': [ '0.1.3' ],
35 silly audit   asynckit: [ '0.4.0' ],
35 silly audit   'at-least-node': [ '1.0.0' ],
35 silly audit   autoprefixer: [ '10.4.8' ],
35 silly audit   'aws-sign2': [ '0.7.0' ],
35 silly audit   aws4: [ '1.11.0' ],
35 silly audit   'babel-loader': [ '8.2.5' ],
35 silly audit   'schema-utils': [ '2.7.1', '3.1.1', '4.0.0' ],
35 silly audit   'babel-plugin-dynamic-import-node': [ '2.3.3' ],
35 silly audit   'babel-plugin-polyfill-corejs2': [ '0.3.2' ],
35 silly audit   'babel-plugin-polyfill-corejs3': [ '0.5.3' ],
35 silly audit   'babel-plugin-polyfill-regenerator': [ '0.4.0' ],
35 silly audit   'balanced-match': [ '1.0.2' ],
35 silly audit   'base64-js': [ '1.5.1' ],
35 silly audit   batch: [ '0.6.1' ],
35 silly audit   'bcrypt-pbkdf': [ '1.0.2' ],
35 silly audit   'big.js': [ '5.2.2' ],
35 silly audit   'binary-extensions': [ '2.2.0' ],
35 silly audit   bl: [ '4.1.0' ],
35 silly audit   bluebird: [ '3.7.2' ],
35 silly audit   'body-parser': [ '1.20.0' ],
35 silly audit   debug: [ '2.6.9', '4.3.4', '3.2.7' ],
35 silly audit   ms: [ '2.0.0', '2.1.2', '2.1.3' ],
35 silly audit   'bonjour-service': [ '1.0.13' ],
35 silly audit   boolbase: [ '1.0.0' ],
35 silly audit   'brace-expansion': [ '1.1.11' ],
35 silly audit   braces: [ '3.0.2' ],
35 silly audit   browserslist: [ '4.21.3' ],
35 silly audit   buffer: [ '5.7.1' ],
35 silly audit   'buffer-from': [ '1.1.2' ],
35 silly audit   bytes: [ '3.1.2', '3.0.0' ],
35 silly audit   cacache: [ '15.3.0' ],
35 silly audit   'call-bind': [ '1.0.2' ],
35 silly audit   callsites: [ '3.1.0' ],
35 silly audit   'camel-case': [ '4.1.2' ],
35 silly audit   'camelcase-keys': [ '6.2.2' ],
35 silly audit   'caniuse-api': [ '3.0.0' ],
35 silly audit   'caniuse-lite': [ '1.0.30001374' ],
35 silly audit   'case-sensitive-paths-webpack-plugin': [ '2.4.0' ],
35 silly audit   caseless: [ '0.12.0' ],
35 silly audit   chokidar: [ '3.5.3' ],
35 silly audit   chownr: [ '2.0.0' ],
35 silly audit   'chrome-trace-event': [ '1.0.3' ],
35 silly audit   'ci-info': [ '1.6.0' ],
35 silly audit   'clean-css': [ '5.3.1' ],
35 silly audit   'clean-stack': [ '2.2.0' ],
35 silly audit   'cli-cursor': [ '2.1.0', '3.1.0' ],
35 silly audit   'cli-highlight': [ '2.1.11' ],
35 silly audit   'cli-spinners': [ '2.7.0' ],
35 silly audit   clipboardy: [ '2.3.0' ],
35 silly audit   cliui: [ '7.0.4' ],
35 silly audit   clone: [ '1.0.4' ],
35 silly audit   'clone-deep': [ '4.0.1' ],
35 silly audit   'color-support': [ '1.1.3' ],
35 silly audit   colord: [ '2.9.2' ],
35 silly audit   colorette: [ '2.0.19' ],
35 silly audit   'combined-stream': [ '1.0.8' ],
35 silly audit   commander: [ '7.2.0', '8.3.0', '2.20.3' ],
35 silly audit   commondir: [ '1.0.1' ],
35 silly audit   compressible: [ '2.0.18' ],
35 silly audit   compression: [ '1.7.4' ],
35 silly audit   'safe-buffer': [ '5.1.2', '5.2.1' ],
35 silly audit   'concat-map': [ '0.0.1' ],
35 silly audit   'connect-history-api-fallback': [ '2.0.0' ],
35 silly audit   'console-control-strings': [ '1.1.0' ],
35 silly audit   consolidate: [ '0.15.1' ],
35 silly audit   'content-disposition': [ '0.5.4' ],
35 silly audit   'content-type': [ '1.0.4' ],
35 silly audit   'convert-source-map': [ '1.8.0' ],
35 silly audit   cookie: [ '0.5.0' ],
35 silly audit   'cookie-signature': [ '1.0.6' ],
35 silly audit   'copy-webpack-plugin': [ '9.1.0' ],
35 silly audit   'glob-parent': [ '6.0.2', '5.1.2' ],
35 silly audit   'core-js': [ '3.24.1' ],
35 silly audit   'core-js-compat': [ '3.24.1' ],
35 silly audit   'core-util-is': [ '1.0.3', '1.0.2' ],
35 silly audit   cosmiconfig: [ '7.0.1' ],
35 silly audit   'cross-spawn': [ '7.0.3', '6.0.5', '5.1.0' ],
35 silly audit   'path-key': [ '3.1.1', '2.0.1' ],
35 silly audit   'shebang-command': [ '2.0.0', '1.2.0' ],
35 silly audit   'shebang-regex': [ '3.0.0', '1.0.0' ],
35 silly audit   which: [ '2.0.2', '1.3.1' ],
35 silly audit   'css-declaration-sorter': [ '6.3.0' ],
35 silly audit   'css-loader': [ '6.7.1' ],
35 silly audit   'css-minimizer-webpack-plugin': [ '3.4.1' ],
35 silly audit   'css-select': [ '4.3.0' ],
35 silly audit   'css-tree': [ '1.1.3' ],
35 silly audit   'css-what': [ '6.1.0' ],
35 silly audit   cssesc: [ '3.0.0' ],
35 silly audit   cssnano: [ '5.1.12' ],
35 silly audit   'cssnano-preset-default': [ '5.2.12' ],
35 silly audit   'cssnano-utils': [ '3.1.0' ],
35 silly audit   csso: [ '4.2.0' ],
35 silly audit   csstype: [ '2.6.20' ],
35 silly audit   dashdash: [ '1.14.1' ],
35 silly audit   decamelize: [ '1.2.0' ],
35 silly audit   'decamelize-keys': [ '1.1.0' ],
35 silly audit   'map-obj': [ '1.0.1', '4.3.0' ],
35 silly audit   'deep-is': [ '0.1.4' ],
35 silly audit   deepmerge: [ '1.5.2' ],
35 silly audit   'default-gateway': [ '6.0.3' ],
35 silly audit   execa: [ '5.1.1', '1.0.0', '0.8.0' ],
35 silly audit   'get-stream': [ '6.0.1', '4.1.0', '3.0.0' ],
35 silly audit   'is-stream': [ '2.0.1', '1.1.0' ],
35 silly audit   'npm-run-path': [ '4.0.1', '2.0.2' ],
35 silly audit   defaults: [ '1.0.3' ],
35 silly audit   'define-lazy-prop': [ '2.0.0' ],
35 silly audit   'define-properties': [ '1.1.4' ],
35 silly audit   'delayed-stream': [ '1.0.0' ],
35 silly audit   delegates: [ '1.0.0' ],
35 silly audit   destroy: [ '1.2.0' ],
35 silly audit   'detect-node': [ '2.1.0' ],
35 silly audit   'dir-glob': [ '3.0.1' ],
35 silly audit   'dns-equal': [ '1.0.0' ],
35 silly audit   'dns-packet': [ '5.4.0' ],
35 silly audit   doctrine: [ '3.0.0' ],
35 silly audit   'dom-converter': [ '0.2.0' ],
35 silly audit   'dom-serializer': [ '1.4.1' ],
35 silly audit   domelementtype: [ '2.3.0' ],
35 silly audit   domhandler: [ '4.3.1' ],
35 silly audit   domutils: [ '2.8.0' ],
35 silly audit   'dot-case': [ '3.0.4' ],
35 silly audit   dotenv: [ '10.0.0' ],
35 silly audit   'dotenv-expand': [ '5.1.0' ],
35 silly audit   duplexer: [ '0.1.2' ],
35 silly audit   'easy-stack': [ '1.0.1' ],
35 silly audit   'ecc-jsbn': [ '0.1.2' ],
35 silly audit   'ee-first': [ '1.1.1' ],
35 silly audit   'electron-to-chromium': [ '1.4.211' ],
35 silly audit   'emoji-regex': [ '8.0.0' ],
35 silly audit   'emojis-list': [ '3.0.0' ],
35 silly audit   encodeurl: [ '1.0.2' ],
35 silly audit   encoding: [ '0.1.13' ],
35 silly audit   'iconv-lite': [ '0.6.3', '0.4.24' ],
35 silly audit   'end-of-stream': [ '1.4.4' ],
35 silly audit   'enhanced-resolve': [ '5.10.0' ],
35 silly audit   enquirer: [ '2.3.6' ],
35 silly audit   entities: [ '2.2.0' ],
35 silly audit   'env-paths': [ '2.2.1' ],
35 silly audit   'err-code': [ '2.0.3' ],
35 silly audit   'error-ex': [ '1.3.2' ],
35 silly audit   'error-stack-parser': [ '2.1.4' ],
35 silly audit   'es-module-lexer': [ '0.9.3' ],
35 silly audit   escalade: [ '3.1.1' ],
35 silly audit   'escape-html': [ '1.0.3' ],
35 silly audit   'escape-string-regexp': [ '1.0.5', '4.0.0' ],
35 silly audit   eslint: [ '7.32.0' ],
35 silly audit   'eslint-plugin-vue': [ '8.7.1' ],
35 silly audit   'eslint-utils': [ '3.0.0', '2.1.0' ],
35 silly audit   'eslint-scope': [ '5.1.1', '7.1.1' ],
35 silly audit   estraverse: [ '4.3.0', '5.3.0' ],
35 silly audit   'eslint-visitor-keys': [ '1.3.0', '2.1.0', '3.3.0' ],
35 silly audit   'eslint-webpack-plugin': [ '3.2.0' ],
35 silly audit   'jest-worker': [ '28.1.3', '27.5.1' ],
35 silly audit   espree: [ '7.3.1', '9.3.3' ],
35 silly audit   esprima: [ '4.0.1' ],
35 silly audit   esquery: [ '1.4.0' ],
35 silly audit   esrecurse: [ '4.3.0' ],
35 silly audit   'estree-walker': [ '2.0.2' ],
35 silly audit   esutils: [ '2.0.3' ],
35 silly audit   etag: [ '1.8.1' ],
35 silly audit   'event-pubsub': [ '4.3.0' ],
35 silly audit   eventemitter3: [ '4.0.7' ],
35 silly audit   events: [ '3.3.0' ],
35 silly audit   express: [ '4.18.1' ],
35 silly audit   extend: [ '3.0.2' ],
35 silly audit   extsprintf: [ '1.3.0' ],
35 silly audit   'fast-deep-equal': [ '3.1.3' ],
35 silly audit   'fast-glob': [ '3.2.11' ],
35 silly audit   'fast-json-stable-stringify': [ '2.1.0' ],
35 silly audit   'fast-levenshtein': [ '2.0.6' ],
35 silly audit   fastq: [ '1.13.0' ],
35 silly audit   'faye-websocket': [ '0.11.4' ],
35 silly audit   figures: [ '2.0.0' ],
35 silly audit   'file-entry-cache': [ '6.0.1' ],
35 silly audit   'fill-range': [ '7.0.1' ],
35 silly audit   finalhandler: [ '1.2.0' ],
35 silly audit   'find-cache-dir': [ '3.3.2' ],
35 silly audit   'find-up': [ '4.1.0' ],
35 silly audit   'flat-cache': [ '3.0.4' ],
35 silly audit   flatted: [ '3.2.6' ],
35 silly audit   'follow-redirects': [ '1.15.1' ],
35 silly audit   'forever-agent': [ '0.6.1' ],
35 silly audit   'form-data': [ '2.3.3' ],
35 silly audit   forwarded: [ '0.2.0' ],
35 silly audit   'fraction.js': [ '4.2.0' ],
35 silly audit   fresh: [ '0.5.2' ],
35 silly audit   'fs-extra': [ '9.1.0' ],
35 silly audit   'fs-minipass': [ '2.1.0' ],
35 silly audit   'fs-monkey': [ '1.0.3' ],
35 silly audit   'fs.realpath': [ '1.0.0' ],
35 silly audit   'function-bind': [ '1.1.1' ],
35 silly audit   'functional-red-black-tree': [ '1.0.1' ],
35 silly audit   gauge: [ '3.0.2', '4.0.4' ],
35 silly audit   gaze: [ '1.1.3' ],
35 silly audit   gensync: [ '1.0.0-beta.2' ],
35 silly audit   'get-caller-file': [ '2.0.5' ],
35 silly audit   'get-intrinsic': [ '1.1.2' ],
35 silly audit   'get-stdin': [ '4.0.1' ],
35 silly audit   getpass: [ '0.1.7' ],
35 silly audit   glob: [ '7.2.3', '7.1.7' ],
35 silly audit   'glob-to-regexp': [ '0.4.1' ],
35 silly audit   globby: [ '11.1.0' ],
35 silly audit   ignore: [ '5.2.0', '4.0.6' ],
35 silly audit   globule: [ '1.3.4' ],
35 silly audit   minimatch: [ '3.0.8', '3.1.2' ],
35 silly audit   'graceful-fs': [ '4.2.10' ],
35 silly audit   'gzip-size': [ '6.0.0' ],
35 silly audit   'handle-thing': [ '2.0.1' ],
35 silly audit   'har-schema': [ '2.0.0' ],
35 silly audit   'har-validator': [ '5.1.5' ],
35 silly audit   'hard-rejection': [ '2.1.0' ],
35 silly audit   has: [ '1.0.3' ],
35 silly audit   'has-property-descriptors': [ '1.0.0' ],
35 silly audit   'has-symbols': [ '1.0.3' ],
35 silly audit   'has-unicode': [ '2.0.1' ],
35 silly audit   he: [ '1.2.0' ],
35 silly audit   'highlight.js': [ '10.7.3' ],
35 silly audit   'hosted-git-info': [ '2.8.9', '4.1.0' ],
35 silly audit   'hpack.js': [ '2.1.6' ],
35 silly audit   'readable-stream': [ '2.3.7', '3.6.0' ],
35 silly audit   string_decoder: [ '1.1.1', '1.3.0' ],
35 silly audit   'html-entities': [ '2.3.3' ],
35 silly audit   'html-minifier-terser': [ '6.1.0' ],
35 silly audit   'html-webpack-plugin': [ '5.5.0' ],
35 silly audit   htmlparser2: [ '6.1.0' ],
35 silly audit   'http-cache-semantics': [ '4.1.0' ],
35 silly audit   'http-deceiver': [ '1.2.7' ],
35 silly audit   'http-errors': [ '2.0.0', '1.6.3' ],
35 silly audit   'http-parser-js': [ '0.5.8' ],
35 silly audit   'http-proxy': [ '1.18.1' ],
35 silly audit   'http-proxy-agent': [ '4.0.1' ],
35 silly audit   'http-proxy-middleware': [ '2.0.6' ],
35 silly audit   'http-signature': [ '1.2.0' ],
35 silly audit   'https-proxy-agent': [ '5.0.1' ],
35 silly audit   'human-signals': [ '2.1.0' ],
35 silly audit   'humanize-ms': [ '1.2.1' ],
35 silly audit   'icss-utils': [ '5.1.0' ],
35 silly audit   ieee754: [ '1.2.1' ],
35 silly audit   'import-fresh': [ '3.3.0' ],
35 silly audit   imurmurhash: [ '0.1.4' ],
35 silly audit   'indent-string': [ '4.0.0' ],
35 silly audit   'infer-owner': [ '1.0.4' ],
35 silly audit   inflight: [ '1.0.6' ],
35 silly audit   inherits: [ '2.0.4', '2.0.3' ],
35 silly audit   ip: [ '2.0.0' ],
35 silly audit   'ipaddr.js': [ '2.0.1', '1.9.1' ],
35 silly audit   'is-arrayish': [ '0.2.1' ],
35 silly audit   'is-binary-path': [ '2.1.0' ],
35 silly audit   'is-ci': [ '1.2.1' ],
35 silly audit   'is-core-module': [ '2.10.0' ],
35 silly audit   'is-docker': [ '2.2.1' ],
35 silly audit   'is-extglob': [ '2.1.1' ],
35 silly audit   'is-file-esm': [ '1.0.0' ],
35 silly audit   'is-fullwidth-code-point': [ '3.0.0', '2.0.0' ],
35 silly audit   'is-glob': [ '4.0.3' ],
35 silly audit   'is-interactive': [ '1.0.0' ],
35 silly audit   'is-lambda': [ '1.0.1' ],
35 silly audit   'is-number': [ '7.0.0' ],
35 silly audit   'is-plain-obj': [ '3.0.0', '1.1.0' ],
35 silly audit   'is-plain-object': [ '2.0.4' ],
35 silly audit   'is-typedarray': [ '1.0.0' ],
35 silly audit   'is-unicode-supported': [ '0.1.0' ],
35 silly audit   'is-wsl': [ '2.2.0' ],
35 silly audit   isarray: [ '1.0.0' ],
35 silly audit   isexe: [ '2.0.0' ],
35 silly audit   isobject: [ '3.0.1' ],
35 silly audit   isstream: [ '0.1.2' ],
35 silly audit   'javascript-stringify': [ '2.1.0' ],
35 silly audit   joi: [ '17.6.0' ],
35 silly audit   'js-base64': [ '2.6.4' ],
35 silly audit   'js-message': [ '1.0.7' ],
35 silly audit   'js-tokens': [ '4.0.0' ],
35 silly audit   'js-yaml': [ '3.14.1' ],
35 silly audit   jsbn: [ '0.1.1' ],
35 silly audit   jsesc: [ '2.5.2', '0.5.0' ],
35 silly audit   'json-parse-better-errors': [ '1.0.2' ],
35 silly audit   'json-parse-even-better-errors': [ '2.3.1' ],
35 silly audit   'json-schema': [ '0.4.0' ],
35 silly audit   'json-schema-traverse': [ '0.4.1', '1.0.0' ],
35 silly audit   'json-stable-stringify-without-jsonify': [ '1.0.1' ],
35 silly audit   'json-stringify-safe': [ '5.0.1' ],
35 silly audit   jsonfile: [ '6.1.0' ],
35 silly audit   jsprim: [ '1.4.2' ],
35 silly audit   'kind-of': [ '6.0.3' ],
35 silly audit   klona: [ '2.0.5' ],
35 silly audit   'launch-editor': [ '2.5.0' ],
35 silly audit   'launch-editor-middleware': [ '2.5.0' ],
35 silly audit   levn: [ '0.4.1' ],
35 silly audit   lilconfig: [ '2.0.6' ],
35 silly audit   'lines-and-columns': [ '1.2.4' ],
35 silly audit   'loader-runner': [ '4.3.0' ],
35 silly audit   'locate-path': [ '5.0.0' ],
35 silly audit   lodash: [ '4.17.21' ],
35 silly audit   'lodash.debounce': [ '4.0.8' ],
35 silly audit   'lodash.defaultsdeep': [ '4.6.1' ],
35 silly audit   'lodash.kebabcase': [ '4.1.1' ],
35 silly audit   'lodash.mapvalues': [ '4.6.0' ],
35 silly audit   'lodash.memoize': [ '4.1.2' ],
35 silly audit   'lodash.merge': [ '4.6.2' ],
35 silly audit   'lodash.truncate': [ '4.4.2' ],
35 silly audit   'lodash.uniq': [ '4.5.0' ],
35 silly audit   'log-symbols': [ '4.1.0' ],
35 silly audit   'log-update': [ '2.3.0' ],
35 silly audit   'string-width': [ '2.1.1', '4.2.3' ],
35 silly audit   'strip-ansi': [ '4.0.0', '6.0.1' ],
35 silly audit   'wrap-ansi': [ '3.0.1', '7.0.0' ],
35 silly audit   'lower-case': [ '2.0.2' ],
35 silly audit   yallist: [ '2.1.2', '4.0.0' ],
35 silly audit   'magic-string': [ '0.25.9' ],
35 silly audit   'make-dir': [ '3.1.0' ],
35 silly audit   'make-fetch-happen': [ '9.1.0' ],
35 silly audit   'mdn-data': [ '2.0.14' ],
35 silly audit   'media-typer': [ '0.3.0' ],
35 silly audit   memfs: [ '3.4.7' ],
35 silly audit   meow: [ '9.0.0' ],
35 silly audit   'normalize-package-data': [ '3.0.3', '2.5.0' ],
35 silly audit   'type-fest': [ '0.18.1', '0.8.1', '0.6.0', '0.20.2' ],
35 silly audit   'merge-descriptors': [ '1.0.1' ],
35 silly audit   'merge-source-map': [ '1.1.0' ],
35 silly audit   'merge-stream': [ '2.0.0' ],
35 silly audit   merge2: [ '1.4.1' ],
35 silly audit   methods: [ '1.1.2' ],
35 silly audit   micromatch: [ '4.0.5' ],
35 silly audit   mime: [ '1.6.0' ],
35 silly audit   'mime-db': [ '1.52.0' ],
35 silly audit   'mime-types': [ '2.1.35' ],
35 silly audit   'mimic-fn': [ '2.1.0', '1.2.0' ],
35 silly audit   'min-indent': [ '1.0.1' ],
35 silly audit   'mini-css-extract-plugin': [ '2.6.1' ],
35 silly audit   'minimalistic-assert': [ '1.0.1' ],
35 silly audit   minimist: [ '1.2.6' ],
35 silly audit   'minimist-options': [ '4.1.0' ],
35 silly audit   minipass: [ '3.3.4' ],
35 silly audit   'minipass-collect': [ '1.0.2' ],
35 silly audit   'minipass-fetch': [ '1.4.1' ],
35 silly audit   'minipass-flush': [ '1.0.5' ],
35 silly audit   'minipass-pipeline': [ '1.2.4' ],
35 silly audit   'minipass-sized': [ '1.0.3' ],
35 silly audit   minizlib: [ '2.1.2' ],
35 silly audit   'module-alias': [ '2.2.2' ],
35 silly audit   mrmime: [ '1.0.1' ],
35 silly audit   'multicast-dns': [ '7.2.5' ],
35 silly audit   mz: [ '2.7.0' ],
35 silly audit   nan: [ '2.16.0' ],
35 silly audit   nanoid: [ '3.3.4' ],
35 silly audit   'natural-compare': [ '1.4.0' ],
35 silly audit   negotiator: [ '0.6.3' ],
35 silly audit   'neo-async': [ '2.6.2' ],
35 silly audit   'nice-try': [ '1.0.5' ],
35 silly audit   'no-case': [ '3.0.4' ],
35 silly audit   'node-fetch': [ '2.6.7' ],
35 silly audit   'node-forge': [ '1.3.1' ],
35 silly audit   'node-gyp': [ '8.4.1' ],
35 silly audit   npmlog: [ '6.0.2', '5.0.1' ],
35 silly audit   'node-releases': [ '2.0.6' ],
35 silly audit   'node-sass': [ '7.0.1' ],
35 silly audit   nopt: [ '5.0.0' ],
35 silly audit   'normalize-path': [ '3.0.0', '1.0.0' ],
35 silly audit   'normalize-range': [ '0.1.2' ],
35 silly audit   'normalize-url': [ '6.1.0' ],
35 silly audit   'nth-check': [ '2.1.1' ],
35 silly audit   'oauth-sign': [ '0.9.0' ],
35 silly audit   'object-assign': [ '4.1.1' ],
35 silly audit   'object-inspect': [ '1.12.2' ],
35 silly audit   'object-keys': [ '1.1.1' ],
35 silly audit   'object.assign': [ '4.1.3' ],
35 silly audit   obuf: [ '1.1.2' ],
35 silly audit   'on-finished': [ '2.4.1' ],
35 silly audit   'on-headers': [ '1.0.2' ],
35 silly audit   once: [ '1.4.0' ],
35 silly audit   onetime: [ '5.1.2', '2.0.1' ],
35 silly audit   open: [ '8.4.0' ],
35 silly audit   opener: [ '1.5.2' ],
35 silly audit   optionator: [ '0.9.1' ],
35 silly audit   ora: [ '5.4.1' ],
35 silly audit   'restore-cursor': [ '3.1.0', '2.0.0' ],
35 silly audit   'p-finally': [ '1.0.0' ],
35 silly audit   'p-limit': [ '2.3.0' ],
35 silly audit   'p-locate': [ '4.1.0' ],
35 silly audit   'p-map': [ '4.0.0' ],
35 silly audit   'p-retry': [ '4.6.2' ],
35 silly audit   'p-try': [ '2.2.0' ],
35 silly audit   'param-case': [ '3.0.4' ],
35 silly audit   'parent-module': [ '1.0.1' ],
35 silly audit   'parse-json': [ '5.2.0' ],
35 silly audit   parse5: [ '5.1.1', '6.0.1' ],
35 silly audit   'parse5-htmlparser2-tree-adapter': [ '6.0.1' ],
35 silly audit   parseurl: [ '1.3.3' ],
35 silly audit   'pascal-case': [ '3.1.2' ],
35 silly audit   'path-exists': [ '4.0.0' ],
35 silly audit   'path-is-absolute': [ '1.0.1' ],
35 silly audit   'path-parse': [ '1.0.7' ],
35 silly audit   'path-to-regexp': [ '0.1.7' ],
35 silly audit   'path-type': [ '4.0.0' ],
35 silly audit   'performance-now': [ '2.1.0' ],
35 silly audit   picomatch: [ '2.3.1' ],
35 silly audit   'pkg-dir': [ '4.2.0' ],
35 silly audit   portfinder: [ '1.0.29' ],
35 silly audit   'postcss-calc': [ '8.2.4' ],
35 silly audit   'postcss-colormin': [ '5.3.0' ],
35 silly audit   'postcss-convert-values': [ '5.1.2' ],
35 silly audit   'postcss-discard-comments': [ '5.1.2' ],
35 silly audit   'postcss-discard-duplicates': [ '5.1.0' ],
35 silly audit   'postcss-discard-empty': [ '5.1.1' ],
35 silly audit   'postcss-discard-overridden': [ '5.1.0' ],
35 silly audit   'postcss-loader': [ '6.2.1' ],
35 silly audit   'postcss-merge-longhand': [ '5.1.6' ],
35 silly audit   'postcss-merge-rules': [ '5.1.2' ],
35 silly audit   'postcss-minify-font-values': [ '5.1.0' ],
35 silly audit   'postcss-minify-gradients': [ '5.1.1' ],
35 silly audit   'postcss-minify-params': [ '5.1.3' ],
35 silly audit   'postcss-minify-selectors': [ '5.2.1' ],
35 silly audit   'postcss-modules-extract-imports': [ '3.0.0' ],
35 silly audit   'postcss-modules-local-by-default': [ '4.0.0' ],
35 silly audit   'postcss-modules-scope': [ '3.0.0' ],
35 silly audit   'postcss-modules-values': [ '4.0.0' ],
35 silly audit   'postcss-normalize-charset': [ '5.1.0' ],
35 silly audit   'postcss-normalize-display-values': [ '5.1.0' ],
35 silly audit   'postcss-normalize-positions': [ '5.1.1' ],
35 silly audit   'postcss-normalize-repeat-style': [ '5.1.1' ],
35 silly audit   'postcss-normalize-string': [ '5.1.0' ],
35 silly audit   'postcss-normalize-timing-functions': [ '5.1.0' ],
35 silly audit   'postcss-normalize-unicode': [ '5.1.0' ],
35 silly audit   'postcss-normalize-url': [ '5.1.0' ],
35 silly audit   'postcss-normalize-whitespace': [ '5.1.1' ],
35 silly audit   'postcss-ordered-values': [ '5.1.3' ],
35 silly audit   'postcss-reduce-initial': [ '5.1.0' ],
35 silly audit   'postcss-reduce-transforms': [ '5.1.0' ],
35 silly audit   'postcss-selector-parser': [ '6.0.10' ],
35 silly audit   'postcss-svgo': [ '5.1.0' ],
35 silly audit   'postcss-unique-selectors': [ '5.1.1' ],
35 silly audit   'postcss-value-parser': [ '4.2.0' ],
35 silly audit   'prelude-ls': [ '1.2.1' ],
35 silly audit   prettier: [ '2.7.1' ],
35 silly audit   'pretty-error': [ '4.0.0' ],
35 silly audit   'process-nextick-args': [ '2.0.1' ],
35 silly audit   progress: [ '2.0.3' ],
35 silly audit   'progress-webpack-plugin': [ '1.0.16' ],
35 silly audit   'promise-inflight': [ '1.0.1' ],
35 silly audit   'promise-retry': [ '2.0.1' ],
35 silly audit   retry: [ '0.12.0', '0.13.1' ],
35 silly audit   'proxy-addr': [ '2.0.7' ],
35 silly audit   pseudomap: [ '1.0.2' ],
35 silly audit   psl: [ '1.9.0' ],
35 silly audit   pump: [ '3.0.0' ],
35 silly audit   punycode: [ '2.1.1' ],
35 silly audit   qs: [ '6.10.3', '6.5.3' ],
35 silly audit   'queue-microtask': [ '1.2.3' ],
35 silly audit   'quick-lru': [ '4.0.1' ],
35 silly audit   randombytes: [ '2.1.0' ],
35 silly audit   'range-parser': [ '1.2.1' ],
35 silly audit   'raw-body': [ '2.5.1' ],
35 silly audit   'read-pkg': [ '5.2.0' ],
35 silly audit   'read-pkg-up': [ '7.0.1' ],
35 silly audit   readdirp: [ '3.6.0' ],
35 silly audit   redent: [ '3.0.0' ],
35 silly audit   'strip-indent': [ '3.0.0', '2.0.0' ],
35 silly audit   regenerate: [ '1.4.2' ],
35 silly audit   'regenerate-unicode-properties': [ '10.0.1' ],
35 silly audit   'regenerator-runtime': [ '0.13.9' ],
35 silly audit   'regenerator-transform': [ '0.15.0' ],
35 silly audit   regexpp: [ '3.2.0' ],
35 silly audit   'regexpu-core': [ '5.1.0' ],
35 silly audit   regjsgen: [ '0.6.0' ],
35 silly audit   regjsparser: [ '0.8.4' ],
35 silly audit   relateurl: [ '0.2.7' ],
35 silly audit   renderkid: [ '3.0.0' ],
35 silly audit   request: [ '2.88.2' ],
35 silly audit   uuid: [ '3.4.0', '8.3.2' ],
35 silly audit   'require-directory': [ '2.1.1' ],
35 silly audit   'require-from-string': [ '2.0.2' ],
35 silly audit   'requires-port': [ '1.0.0' ],
35 silly audit   resolve: [ '1.22.1' ],
35 silly audit   'resolve-from': [ '4.0.0' ],
35 silly audit   reusify: [ '1.0.4' ],
35 silly audit   rimraf: [ '3.0.2' ],
35 silly audit   'run-parallel': [ '1.2.0' ],
35 silly audit   'safer-buffer': [ '2.1.2' ],
35 silly audit   'sass-graph': [ '4.0.0' ],
35 silly audit   yargs: [ '17.5.1', '16.2.0' ],
35 silly audit   'yargs-parser': [ '21.1.1', '20.2.9' ],
35 silly audit   'sass-loader': [ '13.0.2' ],
35 silly audit   'ajv-formats': [ '2.1.1' ],
35 silly audit   'scss-tokenizer': [ '0.3.0' ],
35 silly audit   'source-map': [ '0.7.4', '0.6.1' ],
35 silly audit   'select-hose': [ '2.0.0' ],
35 silly audit   selfsigned: [ '2.0.1' ],
35 silly audit   send: [ '0.18.0' ],
35 silly audit   'serialize-javascript': [ '6.0.0' ],
35 silly audit   'serve-index': [ '1.9.1' ],
35 silly audit   setprototypeof: [ '1.1.0', '1.2.0' ],
35 silly audit   statuses: [ '1.5.0', '2.0.1' ],
35 silly audit   'serve-static': [ '1.15.0' ],
35 silly audit   'set-blocking': [ '2.0.0' ],
35 silly audit   'shallow-clone': [ '3.0.1' ],
35 silly audit   'shell-quote': [ '1.7.3' ],
35 silly audit   'side-channel': [ '1.0.4' ],
35 silly audit   'signal-exit': [ '3.0.7' ],
35 silly audit   sirv: [ '1.0.19' ],
35 silly audit   slash: [ '3.0.0' ],
35 silly audit   'slice-ansi': [ '4.0.0' ],
35 silly audit   'smart-buffer': [ '4.2.0' ],
35 silly audit   sockjs: [ '0.3.24' ],
35 silly audit   socks: [ '2.7.0' ],
35 silly audit   'socks-proxy-agent': [ '6.2.1' ],
35 silly audit   'source-map-js': [ '1.0.2' ],
35 silly audit   'source-map-support': [ '0.5.21' ],
35 silly audit   'sourcemap-codec': [ '1.4.8' ],
35 silly audit   'spdx-correct': [ '3.1.1' ],
35 silly audit   'spdx-exceptions': [ '2.3.0' ],
35 silly audit   'spdx-expression-parse': [ '3.0.1' ],
35 silly audit   'spdx-license-ids': [ '3.0.11' ],
35 silly audit   spdy: [ '4.0.2' ],
35 silly audit   'spdy-transport': [ '3.0.0' ],
35 silly audit   'sprintf-js': [ '1.0.3' ],
35 silly audit   sshpk: [ '1.17.0' ],
35 silly audit   ssri: [ '8.0.1' ],
35 silly audit   stable: [ '0.1.8' ],
35 silly audit   stackframe: [ '1.3.4' ],
35 silly audit   'stdout-stream': [ '1.4.1' ],
35 silly audit   'strip-eof': [ '1.0.0' ],
35 silly audit   'strip-final-newline': [ '2.0.0' ],
35 silly audit   'strip-json-comments': [ '3.1.1' ],
35 silly audit   stylehacks: [ '5.1.0' ],
35 silly audit   'supports-preserve-symlinks-flag': [ '1.0.0' ],
35 silly audit   'svg-tags': [ '1.0.0' ],
35 silly audit   svgo: [ '2.8.0' ],
35 silly audit   table: [ '6.8.0' ],
35 silly audit   tapable: [ '2.2.1' ],
35 silly audit   tar: [ '6.1.11' ],
35 silly audit   terser: [ '5.14.2' ],
35 silly audit   'terser-webpack-plugin': [ '5.3.3' ],
35 silly audit   'text-table': [ '0.2.0' ],
35 silly audit   thenify: [ '3.3.1' ],
35 silly audit   'thenify-all': [ '1.6.0' ],
35 silly audit   'thread-loader': [ '3.0.4' ],
35 silly audit   thunky: [ '1.1.0' ],
35 silly audit   'to-fast-properties': [ '2.0.0' ],
35 silly audit   'to-regex-range': [ '5.0.1' ],
35 silly audit   toidentifier: [ '1.0.1' ],
35 silly audit   totalist: [ '1.1.0' ],
35 silly audit   'tough-cookie': [ '2.5.0' ],
35 silly audit   tr46: [ '0.0.3' ],
35 silly audit   'trim-newlines': [ '3.0.1' ],
35 silly audit   'true-case-path': [ '1.0.3' ],
35 silly audit   tslib: [ '2.4.0' ],
35 silly audit   'tunnel-agent': [ '0.6.0' ],
35 silly audit   tweetnacl: [ '0.14.5' ],
35 silly audit   'type-check': [ '0.4.0' ],
35 silly audit   'type-is': [ '1.6.18' ],
35 silly audit   'unicode-canonical-property-names-ecmascript': [ '2.0.0' ],
35 silly audit   'unicode-match-property-ecmascript': [ '2.0.0' ],
35 silly audit   'unicode-match-property-value-ecmascript': [ '2.0.0' ],
35 silly audit   'unicode-property-aliases-ecmascript': [ '2.0.0' ],
35 silly audit   'unique-filename': [ '1.1.1' ],
35 silly audit   'unique-slug': [ '2.0.2' ],
35 silly audit   universalify: [ '2.0.0' ],
35 silly audit   unpipe: [ '1.0.0' ],
35 silly audit   'update-browserslist-db': [ '1.0.5' ],
35 silly audit   'uri-js': [ '4.4.1' ],
35 silly audit   'util-deprecate': [ '1.0.2' ],
35 silly audit   utila: [ '0.4.0' ],
35 silly audit   'utils-merge': [ '1.0.1' ],
35 silly audit   'v8-compile-cache': [ '2.3.0' ],
35 silly audit   'validate-npm-package-license': [ '3.0.4' ],
35 silly audit   vary: [ '1.1.2' ],
35 silly audit   verror: [ '1.10.0' ],
35 silly audit   vue: [ '3.2.37' ],
35 silly audit   'vue-eslint-parser': [ '8.3.0' ],
35 silly audit   'vue-hot-reload-api': [ '2.3.4' ],
35 silly audit   'vue-router': [ '4.1.3' ],
35 silly audit   'vue-style-loader': [ '4.1.3' ],
35 silly audit   'vue-template-es2015-compiler': [ '1.9.1' ],
35 silly audit   watchpack: [ '2.4.0' ],
35 silly audit   wbuf: [ '1.7.3' ],
35 silly audit   wcwidth: [ '1.0.1' ],
35 silly audit   'webidl-conversions': [ '3.0.1' ],
35 silly audit   webpack: [ '5.74.0' ],
35 silly audit   'webpack-bundle-analyzer': [ '4.5.0' ],
35 silly audit   'webpack-chain': [ '6.5.1' ],
35 silly audit   'webpack-dev-middleware': [ '5.3.3' ],
35 silly audit   'webpack-dev-server': [ '4.9.3' ],
35 silly audit   ws: [ '8.8.1', '7.5.9' ],
35 silly audit   'webpack-merge': [ '5.8.0' ],
35 silly audit   'webpack-sources': [ '3.2.3' ],
35 silly audit   'webpack-virtual-modules': [ '0.4.4' ],
35 silly audit   'websocket-driver': [ '0.7.4' ],
35 silly audit   'websocket-extensions': [ '0.1.4' ],
35 silly audit   'whatwg-fetch': [ '3.6.2' ],
35 silly audit   'whatwg-url': [ '5.0.0' ],
35 silly audit   'wide-align': [ '1.1.5' ],
35 silly audit   wildcard: [ '2.0.0' ],
35 silly audit   'word-wrap': [ '1.2.3' ],
35 silly audit   wrappy: [ '1.0.2' ],
35 silly audit   y18n: [ '5.0.8' ],
35 silly audit   yaml: [ '1.10.2' ],
35 silly audit   yorkie: [ '2.0.0' ]
35 silly audit }
36 http fetch POST 200 https://registry.npmjs.org/-/npm/v1/security/advisories/bulk 492ms
37 timing auditReport:getReport Completed in 509ms
38 silly audit report {
38 silly audit report   'scss-tokenizer': [
38 silly audit report     {
38 silly audit report       id: 1081480,
38 silly audit report       url: 'https://github.com/advisories/GHSA-7mwh-4pqv-wmr8',
38 silly audit report       title: 'Regular expression denial of service in scss-tokenizer',
38 silly audit report       severity: 'high',
38 silly audit report       vulnerable_versions: '<=0.4.2',
38 silly audit report       cwe: [Array],
38 silly audit report       cvss: [Object]
38 silly audit report     }
38 silly audit report   ]
38 silly audit report }
39 timing metavuln:cache:get:security-advisory:scss-tokenizer:JIYGYMu9XpTJ1ilVMckUyZuSr7Dxr5OXkkpXV6tUohoft/eqUsc0hLF4dIs0rVpoxwtPJUXd0FWJZ7JzSX5U9A== Completed in 7ms
40 http fetch GET 200 https://registry.npmjs.org/scss-tokenizer 19ms (cache hit)
41 timing metavuln:packument:scss-tokenizer Completed in 22ms
42 timing metavuln:load:security-advisory:scss-tokenizer:1081480 Completed in 1ms
43 timing metavuln:calculate:security-advisory:scss-tokenizer:1081480 Completed in 24ms
44 timing metavuln:cache:get:security-advisory:sass-graph:aTXgXCaeArkxPg/buM9GI5xWACTKAGNSzvXd7Ki2VQ3UtDIXB7WYYERzxVn+tR5s6zucqy4UcMUnrZTdyACT+A== Completed in 3ms
45 http fetch GET 200 https://registry.npmjs.org/sass-graph 6ms (cache hit)
46 timing metavuln:packument:sass-graph Completed in 8ms
47 timing metavuln:load:security-advisory:sass-graph:JIYGYMu9XpTJ1ilVMckUyZuSr7Dxr5OXkkpXV6tUohoft/eqUsc0hLF4dIs0rVpoxwtPJUXd0FWJZ7JzSX5U9A== Completed in 0ms
48 timing metavuln:calculate:security-advisory:sass-graph:JIYGYMu9XpTJ1ilVMckUyZuSr7Dxr5OXkkpXV6tUohoft/eqUsc0hLF4dIs0rVpoxwtPJUXd0FWJZ7JzSX5U9A== Completed in 8ms
49 timing metavuln:cache:get:security-advisory:node-sass:lTxEL+IrStSHJVBdIU56ouCZ5XcQugAK21oCziK2Oy0awvxEuTtd4OR7xpAuKO092efZvvKgJS8Q4BzEp1FeQw== Completed in 5ms
50 http fetch GET 200 https://registry.npmjs.org/node-sass 7ms (cache hit)
51 timing metavuln:packument:node-sass Completed in 10ms
52 timing metavuln:load:security-advisory:node-sass:aTXgXCaeArkxPg/buM9GI5xWACTKAGNSzvXd7Ki2VQ3UtDIXB7WYYERzxVn+tR5s6zucqy4UcMUnrZTdyACT+A== Completed in 1ms
53 timing metavuln:calculate:security-advisory:node-sass:aTXgXCaeArkxPg/buM9GI5xWACTKAGNSzvXd7Ki2VQ3UtDIXB7WYYERzxVn+tR5s6zucqy4UcMUnrZTdyACT+A== Completed in 12ms
54 timing metavuln:cache:get:security-advisory:sass-loader:y/KZfFP6iKhQFLvDl/wwxE51grHG+rSlT9FBTvSPtaJVwD92L/vtO2A99pnMmI9fMT/nJEzyN08RH+J2pPmkFQ== Completed in 3ms
55 http fetch GET 200 https://registry.npmjs.org/sass-loader 5ms (cache hit)
56 timing metavuln:packument:sass-loader Completed in 8ms
57 timing metavuln:load:security-advisory:sass-loader:lTxEL+IrStSHJVBdIU56ouCZ5XcQugAK21oCziK2Oy0awvxEuTtd4OR7xpAuKO092efZvvKgJS8Q4BzEp1FeQw== Completed in 0ms
58 timing metavuln:calculate:security-advisory:sass-loader:lTxEL+IrStSHJVBdIU56ouCZ5XcQugAK21oCziK2Oy0awvxEuTtd4OR7xpAuKO092efZvvKgJS8Q4BzEp1FeQw== Completed in 8ms
59 timing auditReport:init Completed in 79ms
60 timing audit Completed in 1439ms
61 timing idealTree:init Completed in 7ms
62 timing idealTree:userRequests Completed in 1ms
63 silly idealTree buildDeps
64 silly fetch manifest node-sass@^7.0.1
65 silly placeDep ROOT node-sass@7.0.1 KEEP for: landing@0.1.0 want: ^7.0.1
66 timing idealTree:#root Completed in 44ms
67 silly fetch manifest sass-graph@4.0.0
68 silly placeDep ROOT sass-graph@4.0.0 KEEP for: node-sass@7.0.1 want: 4.0.0
69 timing idealTree:node_modules/node-sass Completed in 42ms
70 silly fetch manifest scss-tokenizer@^0.3.0
71 silly placeDep ROOT scss-tokenizer@0.3.0 KEEP for: sass-graph@4.0.0 want: ^0.3.0
72 timing idealTree:node_modules/sass-graph Completed in 28ms
73 silly fetch manifest node-sass@^4.0.0 || ^5.0.0 || ^6.0.0 || ^7.0.0
74 silly placeDep ROOT node-sass@4.5.3 KEEP for: sass-loader@13.0.2 want: ^4.0.0 || ^5.0.0 || ^6.0.0 || ^7.0.0
75 timing idealTree:node_modules/sass-loader Completed in 29ms
76 timing idealTree:buildDeps Completed in 147ms
77 timing idealTree:fixDepFlags Completed in 0ms
78 timing idealTree Completed in 172ms
79 timing arborist:ctor Completed in 0ms
80 timing reify:loadTrees Completed in 1098ms
81 timing reify:diffTrees Completed in 36ms
82 silly reify moves {}
83 timing reify:retireShallow Completed in 1ms
84 timing reify:createSparse Completed in 0ms
85 timing reify:loadBundles Completed in 0ms
86 silly audit bulk request {
86 silly audit   '@achrinza/node-ipc': [ '9.2.5' ],
86 silly audit   '@ampproject/remapping': [ '2.2.0' ],
86 silly audit   '@jridgewell/gen-mapping': [ '0.1.1', '0.3.2' ],
86 silly audit   '@babel/code-frame': [ '7.18.6', '7.12.11' ],
86 silly audit   '@babel/compat-data': [ '7.18.8' ],
86 silly audit   '@babel/core': [ '7.18.10' ],
86 silly audit   '@babel/eslint-parser': [ '7.18.9' ],
86 silly audit   '@babel/generator': [ '7.18.12' ],
86 silly audit   '@babel/helper-annotate-as-pure': [ '7.18.6' ],
86 silly audit   '@babel/helper-builder-binary-assignment-operator-visitor': [ '7.18.9' ],
86 silly audit   '@babel/helper-compilation-targets': [ '7.18.9' ],
86 silly audit   '@babel/helper-create-class-features-plugin': [ '7.18.9' ],
86 silly audit   '@babel/helper-create-regexp-features-plugin': [ '7.18.6' ],
86 silly audit   '@babel/helper-define-polyfill-provider': [ '0.3.2' ],
86 silly audit   '@babel/helper-environment-visitor': [ '7.18.9' ],
86 silly audit   '@babel/helper-explode-assignable-expression': [ '7.18.6' ],
86 silly audit   '@babel/helper-function-name': [ '7.18.9' ],
86 silly audit   '@babel/helper-hoist-variables': [ '7.18.6' ],
86 silly audit   '@babel/helper-member-expression-to-functions': [ '7.18.9' ],
86 silly audit   '@babel/helper-module-imports': [ '7.18.6' ],
86 silly audit   '@babel/helper-module-transforms': [ '7.18.9' ],
86 silly audit   '@babel/helper-optimise-call-expression': [ '7.18.6' ],
86 silly audit   '@babel/helper-plugin-utils': [ '7.18.9' ],
86 silly audit   '@babel/helper-remap-async-to-generator': [ '7.18.9' ],
86 silly audit   '@babel/helper-replace-supers': [ '7.18.9' ],
86 silly audit   '@babel/helper-simple-access': [ '7.18.6' ],
86 silly audit   '@babel/helper-skip-transparent-expression-wrappers': [ '7.18.9' ],
86 silly audit   '@babel/helper-split-export-declaration': [ '7.18.6' ],
86 silly audit   '@babel/helper-string-parser': [ '7.18.10' ],
86 silly audit   '@babel/helper-validator-identifier': [ '7.18.6' ],
86 silly audit   '@babel/helper-validator-option': [ '7.18.6' ],
86 silly audit   '@babel/helper-wrap-function': [ '7.18.11' ],
86 silly audit   '@babel/helpers': [ '7.18.9' ],
86 silly audit   '@babel/highlight': [ '7.18.6' ],
86 silly audit   'ansi-styles': [ '3.2.1', '4.3.0' ],
86 silly audit   chalk: [ '2.4.2', '3.0.0', '4.1.2' ],
86 silly audit   'color-convert': [ '1.9.3', '2.0.1' ],
86 silly audit   'color-name': [ '1.1.3', '1.1.4' ],
86 silly audit   'has-flag': [ '3.0.0', '4.0.0' ],
86 silly audit   'supports-color': [ '5.5.0', '8.1.1', '7.2.0' ],
86 silly audit   '@babel/parser': [ '7.18.11' ],
86 silly audit   '@babel/plugin-bugfix-safari-id-destructuring-collision-in-function-expression': [ '7.18.6' ],
86 silly audit   '@babel/plugin-bugfix-v8-spread-parameters-in-optional-chaining': [ '7.18.9' ],
86 silly audit   '@babel/plugin-proposal-async-generator-functions': [ '7.18.10' ],
86 silly audit   '@babel/plugin-proposal-class-properties': [ '7.18.6' ],
86 silly audit   '@babel/plugin-proposal-class-static-block': [ '7.18.6' ],
86 silly audit   '@babel/plugin-proposal-decorators': [ '7.18.10' ],
86 silly audit   '@babel/plugin-proposal-dynamic-import': [ '7.18.6' ],
86 silly audit   '@babel/plugin-proposal-export-namespace-from': [ '7.18.9' ],
86 silly audit   '@babel/plugin-proposal-json-strings': [ '7.18.6' ],
86 silly audit   '@babel/plugin-proposal-logical-assignment-operators': [ '7.18.9' ],
86 silly audit   '@babel/plugin-proposal-nullish-coalescing-operator': [ '7.18.6' ],
86 silly audit   '@babel/plugin-proposal-numeric-separator': [ '7.18.6' ],
86 silly audit   '@babel/plugin-proposal-object-rest-spread': [ '7.18.9' ],
86 silly audit   '@babel/plugin-proposal-optional-catch-binding': [ '7.18.6' ],
86 silly audit   '@babel/plugin-proposal-optional-chaining': [ '7.18.9' ],
86 silly audit   '@babel/plugin-proposal-private-methods': [ '7.18.6' ],
86 silly audit   '@babel/plugin-proposal-private-property-in-object': [ '7.18.6' ],
86 silly audit   '@babel/plugin-proposal-unicode-property-regex': [ '7.18.6' ],
86 silly audit   '@babel/plugin-syntax-async-generators': [ '7.8.4' ],
86 silly audit   '@babel/plugin-syntax-class-properties': [ '7.12.13' ],
86 silly audit   '@babel/plugin-syntax-class-static-block': [ '7.14.5' ],
86 silly audit   '@babel/plugin-syntax-decorators': [ '7.18.6' ],
86 silly audit   '@babel/plugin-syntax-dynamic-import': [ '7.8.3' ],
86 silly audit   '@babel/plugin-syntax-export-namespace-from': [ '7.8.3' ],
86 silly audit   '@babel/plugin-syntax-import-assertions': [ '7.18.6' ],
86 silly audit   '@babel/plugin-syntax-json-strings': [ '7.8.3' ],
86 silly audit   '@babel/plugin-syntax-jsx': [ '7.18.6' ],
86 silly audit   '@babel/plugin-syntax-logical-assignment-operators': [ '7.10.4' ],
86 silly audit   '@babel/plugin-syntax-nullish-coalescing-operator': [ '7.8.3' ],
86 silly audit   '@babel/plugin-syntax-numeric-separator': [ '7.10.4' ],
86 silly audit   '@babel/plugin-syntax-object-rest-spread': [ '7.8.3' ],
86 silly audit   '@babel/plugin-syntax-optional-catch-binding': [ '7.8.3' ],
86 silly audit   '@babel/plugin-syntax-optional-chaining': [ '7.8.3' ],
86 silly audit   '@babel/plugin-syntax-private-property-in-object': [ '7.14.5' ],
86 silly audit   '@babel/plugin-syntax-top-level-await': [ '7.14.5' ],
86 silly audit   '@babel/plugin-transform-arrow-functions': [ '7.18.6' ],
86 silly audit   '@babel/plugin-transform-async-to-generator': [ '7.18.6' ],
86 silly audit   '@babel/plugin-transform-block-scoped-functions': [ '7.18.6' ],
86 silly audit   '@babel/plugin-transform-block-scoping': [ '7.18.9' ],
86 silly audit   '@babel/plugin-transform-classes': [ '7.18.9' ],
86 silly audit   '@babel/plugin-transform-computed-properties': [ '7.18.9' ],
86 silly audit   '@babel/plugin-transform-destructuring': [ '7.18.9' ],
86 silly audit   '@babel/plugin-transform-dotall-regex': [ '7.18.6' ],
86 silly audit   '@babel/plugin-transform-duplicate-keys': [ '7.18.9' ],
86 silly audit   '@babel/plugin-transform-exponentiation-operator': [ '7.18.6' ],
86 silly audit   '@babel/plugin-transform-for-of': [ '7.18.8' ],
86 silly audit   '@babel/plugin-transform-function-name': [ '7.18.9' ],
86 silly audit   '@babel/plugin-transform-literals': [ '7.18.9' ],
86 silly audit   '@babel/plugin-transform-member-expression-literals': [ '7.18.6' ],
86 silly audit   '@babel/plugin-transform-modules-amd': [ '7.18.6' ],
86 silly audit   '@babel/plugin-transform-modules-commonjs': [ '7.18.6' ],
86 silly audit   '@babel/plugin-transform-modules-systemjs': [ '7.18.9' ],
86 silly audit   '@babel/plugin-transform-modules-umd': [ '7.18.6' ],
86 silly audit   '@babel/plugin-transform-named-capturing-groups-regex': [ '7.18.6' ],
86 silly audit   '@babel/plugin-transform-new-target': [ '7.18.6' ],
86 silly audit   '@babel/plugin-transform-object-super': [ '7.18.6' ],
86 silly audit   '@babel/plugin-transform-parameters': [ '7.18.8' ],
86 silly audit   '@babel/plugin-transform-property-literals': [ '7.18.6' ],
86 silly audit   '@babel/plugin-transform-regenerator': [ '7.18.6' ],
86 silly audit   '@babel/plugin-transform-reserved-words': [ '7.18.6' ],
86 silly audit   '@babel/plugin-transform-runtime': [ '7.18.10' ],
86 silly audit   '@babel/plugin-transform-shorthand-properties': [ '7.18.6' ],
86 silly audit   '@babel/plugin-transform-spread': [ '7.18.9' ],
86 silly audit   '@babel/plugin-transform-sticky-regex': [ '7.18.6' ],
86 silly audit   '@babel/plugin-transform-template-literals': [ '7.18.9' ],
86 silly audit   '@babel/plugin-transform-typeof-symbol': [ '7.18.9' ],
86 silly audit   '@babel/plugin-transform-unicode-escapes': [ '7.18.10' ],
86 silly audit   '@babel/plugin-transform-unicode-regex': [ '7.18.6' ],
86 silly audit   '@babel/preset-env': [ '7.18.10' ],
86 silly audit   '@babel/preset-modules': [ '0.1.5' ],
86 silly audit   '@babel/runtime': [ '7.18.9' ],
86 silly audit   '@babel/template': [ '7.18.10' ],
86 silly audit   '@babel/traverse': [ '7.18.11' ],
86 silly audit   '@babel/types': [ '7.18.10' ],
86 silly audit   '@eslint/eslintrc': [ '0.4.3' ],
86 silly audit   globals: [ '13.17.0', '11.12.0' ],
86 silly audit   '@gar/promisify': [ '1.1.3' ],
86 silly audit   '@hapi/hoek': [ '9.3.0' ],
86 silly audit   '@hapi/topo': [ '5.1.0' ],
86 silly audit   '@humanwhocodes/config-array': [ '0.5.0' ],
86 silly audit   '@humanwhocodes/object-schema': [ '1.2.1' ],
86 silly audit   '@jridgewell/resolve-uri': [ '3.1.0' ],
86 silly audit   '@jridgewell/set-array': [ '1.1.2' ],
86 silly audit   '@jridgewell/source-map': [ '0.3.2' ],
86 silly audit   '@jridgewell/sourcemap-codec': [ '1.4.14' ],
86 silly audit   '@jridgewell/trace-mapping': [ '0.3.14' ],
86 silly audit   '@leichtgewicht/ip-codec': [ '2.0.4' ],
86 silly audit   '@node-ipc/js-queue': [ '2.0.3' ],
86 silly audit   '@nodelib/fs.scandir': [ '2.1.5' ],
86 silly audit   '@nodelib/fs.stat': [ '2.0.5' ],
86 silly audit   '@nodelib/fs.walk': [ '1.2.8' ],
86 silly audit   '@npmcli/fs': [ '1.1.1' ],
86 silly audit   'lru-cache': [ '6.0.0', '4.1.5' ],
86 silly audit   semver: [ '7.3.7', '7.0.0', '5.7.1', '6.3.0' ],
86 silly audit   '@npmcli/move-file': [ '1.1.2' ],
86 silly audit   mkdirp: [ '1.0.4', '0.5.6' ],
86 silly audit   '@polka/url': [ '1.0.0-next.21' ],
86 silly audit   '@sideway/address': [ '4.1.4' ],
86 silly audit   '@sideway/formula': [ '3.0.0' ],
86 silly audit   '@sideway/pinpoint': [ '2.0.0' ],
86 silly audit   '@soda/friendly-errors-webpack-plugin': [ '1.8.1' ],
86 silly audit   '@soda/get-current-script': [ '1.0.2' ],
86 silly audit   '@tootallnate/once': [ '1.1.2' ],
86 silly audit   '@trysound/sax': [ '0.2.0' ],
86 silly audit   '@types/body-parser': [ '1.19.2' ],
86 silly audit   '@types/bonjour': [ '3.5.10' ],
86 silly audit   '@types/connect': [ '3.4.35' ],
86 silly audit   '@types/connect-history-api-fallback': [ '1.3.5' ],
86 silly audit   '@types/eslint': [ '8.4.5' ],
86 silly audit   '@types/eslint-scope': [ '3.7.4' ],
86 silly audit   '@types/estree': [ '1.0.0', '0.0.51' ],
86 silly audit   '@types/express': [ '4.17.13' ],
86 silly audit   '@types/express-serve-static-core': [ '4.17.30' ],
86 silly audit   '@types/html-minifier-terser': [ '6.1.0' ],
86 silly audit   '@types/http-proxy': [ '1.17.9' ],
86 silly audit   '@types/json-schema': [ '7.0.11' ],
86 silly audit   '@types/mime': [ '3.0.1' ],
86 silly audit   '@types/minimist': [ '1.2.2' ],
86 silly audit   '@types/node': [ '18.6.4' ],
86 silly audit   '@types/normalize-package-data': [ '2.4.1' ],
86 silly audit   '@types/parse-json': [ '4.0.0' ],
86 silly audit   '@types/qs': [ '6.9.7' ],
86 silly audit   '@types/range-parser': [ '1.2.4' ],
86 silly audit   '@types/retry': [ '0.12.0' ],
86 silly audit   '@types/serve-index': [ '1.9.1' ],
86 silly audit   '@types/serve-static': [ '1.15.0' ],
86 silly audit   '@types/sockjs': [ '0.3.33' ],
86 silly audit   '@types/ws': [ '8.5.3' ],
86 silly audit   '@vue/babel-helper-vue-jsx-merge-props': [ '1.2.1' ],
86 silly audit   '@vue/babel-helper-vue-transform-on': [ '1.0.2' ],
86 silly audit   '@vue/babel-plugin-jsx': [ '1.1.1' ],
86 silly audit   camelcase: [ '6.3.0', '5.3.1' ],
86 silly audit   'html-tags': [ '3.2.0', '2.0.0' ],
86 silly audit   '@vue/babel-plugin-transform-vue-jsx': [ '1.2.1' ],
86 silly audit   '@vue/babel-preset-app': [ '5.0.8' ],
86 silly audit   '@vue/babel-preset-jsx': [ '1.3.1' ],
86 silly audit   '@vue/babel-sugar-composition-api-inject-h': [ '1.3.0' ],
86 silly audit   '@vue/babel-sugar-composition-api-render-instance': [ '1.3.0' ],
86 silly audit   '@vue/babel-sugar-functional-vue': [ '1.2.2' ],
86 silly audit   '@vue/babel-sugar-inject-h': [ '1.2.2' ],
86 silly audit   '@vue/babel-sugar-v-model': [ '1.3.0' ],
86 silly audit   '@vue/babel-sugar-v-on': [ '1.3.0' ],
86 silly audit   '@vue/cli-overlay': [ '5.0.8' ],
86 silly audit   '@vue/cli-plugin-babel': [ '5.0.8' ],
86 silly audit   '@vue/cli-plugin-eslint': [ '5.0.8' ],
86 silly audit   '@vue/cli-plugin-router': [ '5.0.8' ],
86 silly audit   '@vue/cli-plugin-vuex': [ '5.0.8' ],
86 silly audit   '@vue/cli-service': [ '5.0.8' ],
86 silly audit   'hash-sum': [ '2.0.0', '1.0.2' ],
86 silly audit   '@vue/cli-shared-utils': [ '5.0.8' ],
86 silly audit   '@vue/compiler-core': [ '3.2.37' ],
86 silly audit   '@vue/compiler-dom': [ '3.2.37' ],
86 silly audit   '@vue/compiler-sfc': [ '3.2.37' ],
86 silly audit   '@vue/compiler-ssr': [ '3.2.37' ],
86 silly audit   '@vue/component-compiler-utils': [ '3.3.0' ],
86 silly audit   picocolors: [ '0.2.1', '1.0.0' ],
86 silly audit   postcss: [ '7.0.39', '8.4.16' ],
86 silly audit   '@vue/devtools-api': [ '6.2.1' ],
86 silly audit   '@vue/reactivity': [ '3.2.37' ],
86 silly audit   '@vue/reactivity-transform': [ '3.2.37' ],
86 silly audit   '@vue/runtime-core': [ '3.2.37' ],
86 silly audit   '@vue/runtime-dom': [ '3.2.37' ],
86 silly audit   '@vue/server-renderer': [ '3.2.37' ],
86 silly audit   '@vue/shared': [ '3.2.37' ],
86 silly audit   'vue-loader': [ '15.10.0', '17.0.0' ],
86 silly audit   json5: [ '1.0.1', '2.2.1' ],
86 silly audit   'loader-utils': [ '1.4.0', '2.0.2' ],
86 silly audit   '@vue/web-component-wrapper': [ '1.3.0' ],
86 silly audit   '@webassemblyjs/ast': [ '1.11.1' ],
86 silly audit   '@webassemblyjs/floating-point-hex-parser': [ '1.11.1' ],
86 silly audit   '@webassemblyjs/helper-api-error': [ '1.11.1' ],
86 silly audit   '@webassemblyjs/helper-buffer': [ '1.11.1' ],
86 silly audit   '@webassemblyjs/helper-numbers': [ '1.11.1' ],
86 silly audit   '@webassemblyjs/helper-wasm-bytecode': [ '1.11.1' ],
86 silly audit   '@webassemblyjs/helper-wasm-section': [ '1.11.1' ],
86 silly audit   '@webassemblyjs/ieee754': [ '1.11.1' ],
86 silly audit   '@webassemblyjs/leb128': [ '1.11.1' ],
86 silly audit   '@webassemblyjs/utf8': [ '1.11.1' ],
86 silly audit   '@webassemblyjs/wasm-edit': [ '1.11.1' ],
86 silly audit   '@webassemblyjs/wasm-gen': [ '1.11.1' ],
86 silly audit   '@webassemblyjs/wasm-opt': [ '1.11.1' ],
86 silly audit   '@webassemblyjs/wasm-parser': [ '1.11.1' ],
86 silly audit   '@webassemblyjs/wast-printer': [ '1.11.1' ],
86 silly audit   '@xtuc/ieee754': [ '1.2.0' ],
86 silly audit   '@xtuc/long': [ '4.2.2' ],
86 silly audit   abbrev: [ '1.1.1' ],
86 silly audit   accepts: [ '1.3.8' ],
86 silly audit   acorn: [ '8.8.0', '7.4.1' ],
86 silly audit   'acorn-import-assertions': [ '1.8.0' ],
86 silly audit   'acorn-jsx': [ '5.3.2' ],
86 silly audit   'acorn-walk': [ '8.2.0' ],
86 silly audit   address: [ '1.2.0' ],
86 silly audit   'agent-base': [ '6.0.2' ],
86 silly audit   agentkeepalive: [ '4.2.1' ],
86 silly audit   depd: [ '1.1.2', '2.0.0' ],
86 silly audit   'aggregate-error': [ '3.1.0' ],
86 silly audit   ajv: [ '6.12.6', '8.11.0' ],
86 silly audit   'ajv-keywords': [ '3.5.2', '5.1.0' ],
86 silly audit   'ansi-colors': [ '4.1.3' ],
86 silly audit   'ansi-escapes': [ '3.2.0' ],
86 silly audit   'ansi-html-community': [ '0.0.8' ],
86 silly audit   'ansi-regex': [ '5.0.1', '3.0.1' ],
86 silly audit   'any-promise': [ '1.3.0' ],
86 silly audit   anymatch: [ '3.1.2' ],
86 silly audit   aproba: [ '2.0.0' ],
86 silly audit   arch: [ '2.2.0' ],
86 silly audit   'are-we-there-yet': [ '2.0.0', '3.0.1' ],
86 silly audit   argparse: [ '1.0.10' ],
86 silly audit   'array-flatten': [ '1.1.1', '2.1.2' ],
86 silly audit   'array-union': [ '2.1.0' ],
86 silly audit   arrify: [ '1.0.1' ],
86 silly audit   asn1: [ '0.2.6' ],
86 silly audit   'assert-plus': [ '1.0.0' ],
86 silly audit   'astral-regex': [ '2.0.0' ],
86 silly audit   async: [ '2.6.4' ],
86 silly audit   'async-foreach': [ '0.1.3' ],
86 silly audit   asynckit: [ '0.4.0' ],
86 silly audit   'at-least-node': [ '1.0.0' ],
86 silly audit   autoprefixer: [ '10.4.8' ],
86 silly audit   'aws-sign2': [ '0.7.0' ],
86 silly audit   aws4: [ '1.11.0' ],
86 silly audit   'babel-loader': [ '8.2.5' ],
86 silly audit   'schema-utils': [ '2.7.1', '3.1.1', '4.0.0' ],
86 silly audit   'babel-plugin-dynamic-import-node': [ '2.3.3' ],
86 silly audit   'babel-plugin-polyfill-corejs2': [ '0.3.2' ],
86 silly audit   'babel-plugin-polyfill-corejs3': [ '0.5.3' ],
86 silly audit   'babel-plugin-polyfill-regenerator': [ '0.4.0' ],
86 silly audit   'balanced-match': [ '1.0.2' ],
86 silly audit   'base64-js': [ '1.5.1' ],
86 silly audit   batch: [ '0.6.1' ],
86 silly audit   'bcrypt-pbkdf': [ '1.0.2' ],
86 silly audit   'big.js': [ '5.2.2' ],
86 silly audit   'binary-extensions': [ '2.2.0' ],
86 silly audit   bl: [ '4.1.0' ],
86 silly audit   bluebird: [ '3.7.2' ],
86 silly audit   'body-parser': [ '1.20.0' ],
86 silly audit   debug: [ '2.6.9', '4.3.4', '3.2.7' ],
86 silly audit   ms: [ '2.0.0', '2.1.2', '2.1.3' ],
86 silly audit   'bonjour-service': [ '1.0.13' ],
86 silly audit   boolbase: [ '1.0.0' ],
86 silly audit   'brace-expansion': [ '1.1.11' ],
86 silly audit   braces: [ '3.0.2' ],
86 silly audit   browserslist: [ '4.21.3' ],
86 silly audit   buffer: [ '5.7.1' ],
86 silly audit   'buffer-from': [ '1.1.2' ],
86 silly audit   bytes: [ '3.1.2', '3.0.0' ],
86 silly audit   cacache: [ '15.3.0' ],
86 silly audit   'call-bind': [ '1.0.2' ],
86 silly audit   callsites: [ '3.1.0' ],
86 silly audit   'camel-case': [ '4.1.2' ],
86 silly audit   'camelcase-keys': [ '6.2.2' ],
86 silly audit   'caniuse-api': [ '3.0.0' ],
86 silly audit   'caniuse-lite': [ '1.0.30001374' ],
86 silly audit   'case-sensitive-paths-webpack-plugin': [ '2.4.0' ],
86 silly audit   caseless: [ '0.12.0' ],
86 silly audit   chokidar: [ '3.5.3' ],
86 silly audit   chownr: [ '2.0.0' ],
86 silly audit   'chrome-trace-event': [ '1.0.3' ],
86 silly audit   'ci-info': [ '1.6.0' ],
86 silly audit   'clean-css': [ '5.3.1' ],
86 silly audit   'clean-stack': [ '2.2.0' ],
86 silly audit   'cli-cursor': [ '2.1.0', '3.1.0' ],
86 silly audit   'cli-highlight': [ '2.1.11' ],
86 silly audit   'cli-spinners': [ '2.7.0' ],
86 silly audit   clipboardy: [ '2.3.0' ],
86 silly audit   cliui: [ '7.0.4' ],
86 silly audit   clone: [ '1.0.4' ],
86 silly audit   'clone-deep': [ '4.0.1' ],
86 silly audit   'color-support': [ '1.1.3' ],
86 silly audit   colord: [ '2.9.2' ],
86 silly audit   colorette: [ '2.0.19' ],
86 silly audit   'combined-stream': [ '1.0.8' ],
86 silly audit   commander: [ '7.2.0', '8.3.0', '2.20.3' ],
86 silly audit   commondir: [ '1.0.1' ],
86 silly audit   compressible: [ '2.0.18' ],
86 silly audit   compression: [ '1.7.4' ],
86 silly audit   'safe-buffer': [ '5.1.2', '5.2.1' ],
86 silly audit   'concat-map': [ '0.0.1' ],
86 silly audit   'connect-history-api-fallback': [ '2.0.0' ],
86 silly audit   'console-control-strings': [ '1.1.0' ],
86 silly audit   consolidate: [ '0.15.1' ],
86 silly audit   'content-disposition': [ '0.5.4' ],
86 silly audit   'content-type': [ '1.0.4' ],
86 silly audit   'convert-source-map': [ '1.8.0' ],
86 silly audit   cookie: [ '0.5.0' ],
86 silly audit   'cookie-signature': [ '1.0.6' ],
86 silly audit   'copy-webpack-plugin': [ '9.1.0' ],
86 silly audit   'glob-parent': [ '6.0.2', '5.1.2' ],
86 silly audit   'core-js': [ '3.24.1' ],
86 silly audit   'core-js-compat': [ '3.24.1' ],
86 silly audit   'core-util-is': [ '1.0.3', '1.0.2' ],
86 silly audit   cosmiconfig: [ '7.0.1' ],
86 silly audit   'cross-spawn': [ '7.0.3', '6.0.5', '5.1.0' ],
86 silly audit   'path-key': [ '3.1.1', '2.0.1' ],
86 silly audit   'shebang-command': [ '2.0.0', '1.2.0' ],
86 silly audit   'shebang-regex': [ '3.0.0', '1.0.0' ],
86 silly audit   which: [ '2.0.2', '1.3.1' ],
86 silly audit   'css-declaration-sorter': [ '6.3.0' ],
86 silly audit   'css-loader': [ '6.7.1' ],
86 silly audit   'css-minimizer-webpack-plugin': [ '3.4.1' ],
86 silly audit   'css-select': [ '4.3.0' ],
86 silly audit   'css-tree': [ '1.1.3' ],
86 silly audit   'css-what': [ '6.1.0' ],
86 silly audit   cssesc: [ '3.0.0' ],
86 silly audit   cssnano: [ '5.1.12' ],
86 silly audit   'cssnano-preset-default': [ '5.2.12' ],
86 silly audit   'cssnano-utils': [ '3.1.0' ],
86 silly audit   csso: [ '4.2.0' ],
86 silly audit   csstype: [ '2.6.20' ],
86 silly audit   dashdash: [ '1.14.1' ],
86 silly audit   decamelize: [ '1.2.0' ],
86 silly audit   'decamelize-keys': [ '1.1.0' ],
86 silly audit   'map-obj': [ '1.0.1', '4.3.0' ],
86 silly audit   'deep-is': [ '0.1.4' ],
86 silly audit   deepmerge: [ '1.5.2' ],
86 silly audit   'default-gateway': [ '6.0.3' ],
86 silly audit   execa: [ '5.1.1', '1.0.0', '0.8.0' ],
86 silly audit   'get-stream': [ '6.0.1', '4.1.0', '3.0.0' ],
86 silly audit   'is-stream': [ '2.0.1', '1.1.0' ],
86 silly audit   'npm-run-path': [ '4.0.1', '2.0.2' ],
86 silly audit   defaults: [ '1.0.3' ],
86 silly audit   'define-lazy-prop': [ '2.0.0' ],
86 silly audit   'define-properties': [ '1.1.4' ],
86 silly audit   'delayed-stream': [ '1.0.0' ],
86 silly audit   delegates: [ '1.0.0' ],
86 silly audit   destroy: [ '1.2.0' ],
86 silly audit   'detect-node': [ '2.1.0' ],
86 silly audit   'dir-glob': [ '3.0.1' ],
86 silly audit   'dns-equal': [ '1.0.0' ],
86 silly audit   'dns-packet': [ '5.4.0' ],
86 silly audit   doctrine: [ '3.0.0' ],
86 silly audit   'dom-converter': [ '0.2.0' ],
86 silly audit   'dom-serializer': [ '1.4.1' ],
86 silly audit   domelementtype: [ '2.3.0' ],
86 silly audit   domhandler: [ '4.3.1' ],
86 silly audit   domutils: [ '2.8.0' ],
86 silly audit   'dot-case': [ '3.0.4' ],
86 silly audit   dotenv: [ '10.0.0' ],
86 silly audit   'dotenv-expand': [ '5.1.0' ],
86 silly audit   duplexer: [ '0.1.2' ],
86 silly audit   'easy-stack': [ '1.0.1' ],
86 silly audit   'ecc-jsbn': [ '0.1.2' ],
86 silly audit   'ee-first': [ '1.1.1' ],
86 silly audit   'electron-to-chromium': [ '1.4.211' ],
86 silly audit   'emoji-regex': [ '8.0.0' ],
86 silly audit   'emojis-list': [ '3.0.0' ],
86 silly audit   encodeurl: [ '1.0.2' ],
86 silly audit   encoding: [ '0.1.13' ],
86 silly audit   'iconv-lite': [ '0.6.3', '0.4.24' ],
86 silly audit   'end-of-stream': [ '1.4.4' ],
86 silly audit   'enhanced-resolve': [ '5.10.0' ],
86 silly audit   enquirer: [ '2.3.6' ],
86 silly audit   entities: [ '2.2.0' ],
86 silly audit   'env-paths': [ '2.2.1' ],
86 silly audit   'err-code': [ '2.0.3' ],
86 silly audit   'error-ex': [ '1.3.2' ],
86 silly audit   'error-stack-parser': [ '2.1.4' ],
86 silly audit   'es-module-lexer': [ '0.9.3' ],
86 silly audit   escalade: [ '3.1.1' ],
86 silly audit   'escape-html': [ '1.0.3' ],
86 silly audit   'escape-string-regexp': [ '1.0.5', '4.0.0' ],
86 silly audit   eslint: [ '7.32.0' ],
86 silly audit   'eslint-plugin-vue': [ '8.7.1' ],
86 silly audit   'eslint-utils': [ '3.0.0', '2.1.0' ],
86 silly audit   'eslint-scope': [ '5.1.1', '7.1.1' ],
86 silly audit   estraverse: [ '4.3.0', '5.3.0' ],
86 silly audit   'eslint-visitor-keys': [ '1.3.0', '2.1.0', '3.3.0' ],
86 silly audit   'eslint-webpack-plugin': [ '3.2.0' ],
86 silly audit   'jest-worker': [ '28.1.3', '27.5.1' ],
86 silly audit   espree: [ '7.3.1', '9.3.3' ],
86 silly audit   esprima: [ '4.0.1' ],
86 silly audit   esquery: [ '1.4.0' ],
86 silly audit   esrecurse: [ '4.3.0' ],
86 silly audit   'estree-walker': [ '2.0.2' ],
86 silly audit   esutils: [ '2.0.3' ],
86 silly audit   etag: [ '1.8.1' ],
86 silly audit   'event-pubsub': [ '4.3.0' ],
86 silly audit   eventemitter3: [ '4.0.7' ],
86 silly audit   events: [ '3.3.0' ],
86 silly audit   express: [ '4.18.1' ],
86 silly audit   extend: [ '3.0.2' ],
86 silly audit   extsprintf: [ '1.3.0' ],
86 silly audit   'fast-deep-equal': [ '3.1.3' ],
86 silly audit   'fast-glob': [ '3.2.11' ],
86 silly audit   'fast-json-stable-stringify': [ '2.1.0' ],
86 silly audit   'fast-levenshtein': [ '2.0.6' ],
86 silly audit   fastq: [ '1.13.0' ],
86 silly audit   'faye-websocket': [ '0.11.4' ],
86 silly audit   figures: [ '2.0.0' ],
86 silly audit   'file-entry-cache': [ '6.0.1' ],
86 silly audit   'fill-range': [ '7.0.1' ],
86 silly audit   finalhandler: [ '1.2.0' ],
86 silly audit   'find-cache-dir': [ '3.3.2' ],
86 silly audit   'find-up': [ '4.1.0' ],
86 silly audit   'flat-cache': [ '3.0.4' ],
86 silly audit   flatted: [ '3.2.6' ],
86 silly audit   'follow-redirects': [ '1.15.1' ],
86 silly audit   'forever-agent': [ '0.6.1' ],
86 silly audit   'form-data': [ '2.3.3' ],
86 silly audit   forwarded: [ '0.2.0' ],
86 silly audit   'fraction.js': [ '4.2.0' ],
86 silly audit   fresh: [ '0.5.2' ],
86 silly audit   'fs-extra': [ '9.1.0' ],
86 silly audit   'fs-minipass': [ '2.1.0' ],
86 silly audit   'fs-monkey': [ '1.0.3' ],
86 silly audit   'fs.realpath': [ '1.0.0' ],
86 silly audit   'function-bind': [ '1.1.1' ],
86 silly audit   'functional-red-black-tree': [ '1.0.1' ],
86 silly audit   gauge: [ '3.0.2', '4.0.4' ],
86 silly audit   gaze: [ '1.1.3' ],
86 silly audit   gensync: [ '1.0.0-beta.2' ],
86 silly audit   'get-caller-file': [ '2.0.5' ],
86 silly audit   'get-intrinsic': [ '1.1.2' ],
86 silly audit   'get-stdin': [ '4.0.1' ],
86 silly audit   getpass: [ '0.1.7' ],
86 silly audit   glob: [ '7.2.3', '7.1.7' ],
86 silly audit   'glob-to-regexp': [ '0.4.1' ],
86 silly audit   globby: [ '11.1.0' ],
86 silly audit   ignore: [ '5.2.0', '4.0.6' ],
86 silly audit   globule: [ '1.3.4' ],
86 silly audit   minimatch: [ '3.0.8', '3.1.2' ],
86 silly audit   'graceful-fs': [ '4.2.10' ],
86 silly audit   'gzip-size': [ '6.0.0' ],
86 silly audit   'handle-thing': [ '2.0.1' ],
86 silly audit   'har-schema': [ '2.0.0' ],
86 silly audit   'har-validator': [ '5.1.5' ],
86 silly audit   'hard-rejection': [ '2.1.0' ],
86 silly audit   has: [ '1.0.3' ],
86 silly audit   'has-property-descriptors': [ '1.0.0' ],
86 silly audit   'has-symbols': [ '1.0.3' ],
86 silly audit   'has-unicode': [ '2.0.1' ],
86 silly audit   he: [ '1.2.0' ],
86 silly audit   'highlight.js': [ '10.7.3' ],
86 silly audit   'hosted-git-info': [ '2.8.9', '4.1.0' ],
86 silly audit   'hpack.js': [ '2.1.6' ],
86 silly audit   'readable-stream': [ '2.3.7', '3.6.0' ],
86 silly audit   string_decoder: [ '1.1.1', '1.3.0' ],
86 silly audit   'html-entities': [ '2.3.3' ],
86 silly audit   'html-minifier-terser': [ '6.1.0' ],
86 silly audit   'html-webpack-plugin': [ '5.5.0' ],
86 silly audit   htmlparser2: [ '6.1.0' ],
86 silly audit   'http-cache-semantics': [ '4.1.0' ],
86 silly audit   'http-deceiver': [ '1.2.7' ],
86 silly audit   'http-errors': [ '2.0.0', '1.6.3' ],
86 silly audit   'http-parser-js': [ '0.5.8' ],
86 silly audit   'http-proxy': [ '1.18.1' ],
86 silly audit   'http-proxy-agent': [ '4.0.1' ],
86 silly audit   'http-proxy-middleware': [ '2.0.6' ],
86 silly audit   'http-signature': [ '1.2.0' ],
86 silly audit   'https-proxy-agent': [ '5.0.1' ],
86 silly audit   'human-signals': [ '2.1.0' ],
86 silly audit   'humanize-ms': [ '1.2.1' ],
86 silly audit   'icss-utils': [ '5.1.0' ],
86 silly audit   ieee754: [ '1.2.1' ],
86 silly audit   'import-fresh': [ '3.3.0' ],
86 silly audit   imurmurhash: [ '0.1.4' ],
86 silly audit   'indent-string': [ '4.0.0' ],
86 silly audit   'infer-owner': [ '1.0.4' ],
86 silly audit   inflight: [ '1.0.6' ],
86 silly audit   inherits: [ '2.0.4', '2.0.3' ],
86 silly audit   ip: [ '2.0.0' ],
86 silly audit   'ipaddr.js': [ '2.0.1', '1.9.1' ],
86 silly audit   'is-arrayish': [ '0.2.1' ],
86 silly audit   'is-binary-path': [ '2.1.0' ],
86 silly audit   'is-ci': [ '1.2.1' ],
86 silly audit   'is-core-module': [ '2.10.0' ],
86 silly audit   'is-docker': [ '2.2.1' ],
86 silly audit   'is-extglob': [ '2.1.1' ],
86 silly audit   'is-file-esm': [ '1.0.0' ],
86 silly audit   'is-fullwidth-code-point': [ '3.0.0', '2.0.0' ],
86 silly audit   'is-glob': [ '4.0.3' ],
86 silly audit   'is-interactive': [ '1.0.0' ],
86 silly audit   'is-lambda': [ '1.0.1' ],
86 silly audit   'is-number': [ '7.0.0' ],
86 silly audit   'is-plain-obj': [ '3.0.0', '1.1.0' ],
86 silly audit   'is-plain-object': [ '2.0.4' ],
86 silly audit   'is-typedarray': [ '1.0.0' ],
86 silly audit   'is-unicode-supported': [ '0.1.0' ],
86 silly audit   'is-wsl': [ '2.2.0' ],
86 silly audit   isarray: [ '1.0.0' ],
86 silly audit   isexe: [ '2.0.0' ],
86 silly audit   isobject: [ '3.0.1' ],
86 silly audit   isstream: [ '0.1.2' ],
86 silly audit   'javascript-stringify': [ '2.1.0' ],
86 silly audit   joi: [ '17.6.0' ],
86 silly audit   'js-base64': [ '2.6.4' ],
86 silly audit   'js-message': [ '1.0.7' ],
86 silly audit   'js-tokens': [ '4.0.0' ],
86 silly audit   'js-yaml': [ '3.14.1' ],
86 silly audit   jsbn: [ '0.1.1' ],
86 silly audit   jsesc: [ '2.5.2', '0.5.0' ],
86 silly audit   'json-parse-better-errors': [ '1.0.2' ],
86 silly audit   'json-parse-even-better-errors': [ '2.3.1' ],
86 silly audit   'json-schema': [ '0.4.0' ],
86 silly audit   'json-schema-traverse': [ '0.4.1', '1.0.0' ],
86 silly audit   'json-stable-stringify-without-jsonify': [ '1.0.1' ],
86 silly audit   'json-stringify-safe': [ '5.0.1' ],
86 silly audit   jsonfile: [ '6.1.0' ],
86 silly audit   jsprim: [ '1.4.2' ],
86 silly audit   'kind-of': [ '6.0.3' ],
86 silly audit   klona: [ '2.0.5' ],
86 silly audit   'launch-editor': [ '2.5.0' ],
86 silly audit   'launch-editor-middleware': [ '2.5.0' ],
86 silly audit   levn: [ '0.4.1' ],
86 silly audit   lilconfig: [ '2.0.6' ],
86 silly audit   'lines-and-columns': [ '1.2.4' ],
86 silly audit   'loader-runner': [ '4.3.0' ],
86 silly audit   'locate-path': [ '5.0.0' ],
86 silly audit   lodash: [ '4.17.21' ],
86 silly audit   'lodash.debounce': [ '4.0.8' ],
86 silly audit   'lodash.defaultsdeep': [ '4.6.1' ],
86 silly audit   'lodash.kebabcase': [ '4.1.1' ],
86 silly audit   'lodash.mapvalues': [ '4.6.0' ],
86 silly audit   'lodash.memoize': [ '4.1.2' ],
86 silly audit   'lodash.merge': [ '4.6.2' ],
86 silly audit   'lodash.truncate': [ '4.4.2' ],
86 silly audit   'lodash.uniq': [ '4.5.0' ],
86 silly audit   'log-symbols': [ '4.1.0' ],
86 silly audit   'log-update': [ '2.3.0' ],
86 silly audit   'string-width': [ '2.1.1', '4.2.3' ],
86 silly audit   'strip-ansi': [ '4.0.0', '6.0.1' ],
86 silly audit   'wrap-ansi': [ '3.0.1', '7.0.0' ],
86 silly audit   'lower-case': [ '2.0.2' ],
86 silly audit   yallist: [ '2.1.2', '4.0.0' ],
86 silly audit   'magic-string': [ '0.25.9' ],
86 silly audit   'make-dir': [ '3.1.0' ],
86 silly audit   'make-fetch-happen': [ '9.1.0' ],
86 silly audit   'mdn-data': [ '2.0.14' ],
86 silly audit   'media-typer': [ '0.3.0' ],
86 silly audit   memfs: [ '3.4.7' ],
86 silly audit   meow: [ '9.0.0' ],
86 silly audit   'normalize-package-data': [ '3.0.3', '2.5.0' ],
86 silly audit   'type-fest': [ '0.18.1', '0.8.1', '0.6.0', '0.20.2' ],
86 silly audit   'merge-descriptors': [ '1.0.1' ],
86 silly audit   'merge-source-map': [ '1.1.0' ],
86 silly audit   'merge-stream': [ '2.0.0' ],
86 silly audit   merge2: [ '1.4.1' ],
86 silly audit   methods: [ '1.1.2' ],
86 silly audit   micromatch: [ '4.0.5' ],
86 silly audit   mime: [ '1.6.0' ],
86 silly audit   'mime-db': [ '1.52.0' ],
86 silly audit   'mime-types': [ '2.1.35' ],
86 silly audit   'mimic-fn': [ '2.1.0', '1.2.0' ],
86 silly audit   'min-indent': [ '1.0.1' ],
86 silly audit   'mini-css-extract-plugin': [ '2.6.1' ],
86 silly audit   'minimalistic-assert': [ '1.0.1' ],
86 silly audit   minimist: [ '1.2.6' ],
86 silly audit   'minimist-options': [ '4.1.0' ],
86 silly audit   minipass: [ '3.3.4' ],
86 silly audit   'minipass-collect': [ '1.0.2' ],
86 silly audit   'minipass-fetch': [ '1.4.1' ],
86 silly audit   'minipass-flush': [ '1.0.5' ],
86 silly audit   'minipass-pipeline': [ '1.2.4' ],
86 silly audit   'minipass-sized': [ '1.0.3' ],
86 silly audit   minizlib: [ '2.1.2' ],
86 silly audit   'module-alias': [ '2.2.2' ],
86 silly audit   mrmime: [ '1.0.1' ],
86 silly audit   'multicast-dns': [ '7.2.5' ],
86 silly audit   mz: [ '2.7.0' ],
86 silly audit   nan: [ '2.16.0' ],
86 silly audit   nanoid: [ '3.3.4' ],
86 silly audit   'natural-compare': [ '1.4.0' ],
86 silly audit   negotiator: [ '0.6.3' ],
86 silly audit   'neo-async': [ '2.6.2' ],
86 silly audit   'nice-try': [ '1.0.5' ],
86 silly audit   'no-case': [ '3.0.4' ],
86 silly audit   'node-fetch': [ '2.6.7' ],
86 silly audit   'node-forge': [ '1.3.1' ],
86 silly audit   'node-gyp': [ '8.4.1' ],
86 silly audit   npmlog: [ '6.0.2', '5.0.1' ],
86 silly audit   'node-releases': [ '2.0.6' ],
86 silly audit   'node-sass': [ '7.0.1' ],
86 silly audit   nopt: [ '5.0.0' ],
86 silly audit   'normalize-path': [ '3.0.0', '1.0.0' ],
86 silly audit   'normalize-range': [ '0.1.2' ],
86 silly audit   'normalize-url': [ '6.1.0' ],
86 silly audit   'nth-check': [ '2.1.1' ],
86 silly audit   'oauth-sign': [ '0.9.0' ],
86 silly audit   'object-assign': [ '4.1.1' ],
86 silly audit   'object-inspect': [ '1.12.2' ],
86 silly audit   'object-keys': [ '1.1.1' ],
86 silly audit   'object.assign': [ '4.1.3' ],
86 silly audit   obuf: [ '1.1.2' ],
86 silly audit   'on-finished': [ '2.4.1' ],
86 silly audit   'on-headers': [ '1.0.2' ],
86 silly audit   once: [ '1.4.0' ],
86 silly audit   onetime: [ '5.1.2', '2.0.1' ],
86 silly audit   open: [ '8.4.0' ],
86 silly audit   opener: [ '1.5.2' ],
86 silly audit   optionator: [ '0.9.1' ],
86 silly audit   ora: [ '5.4.1' ],
86 silly audit   'restore-cursor': [ '3.1.0', '2.0.0' ],
86 silly audit   'p-finally': [ '1.0.0' ],
86 silly audit   'p-limit': [ '2.3.0' ],
86 silly audit   'p-locate': [ '4.1.0' ],
86 silly audit   'p-map': [ '4.0.0' ],
86 silly audit   'p-retry': [ '4.6.2' ],
86 silly audit   'p-try': [ '2.2.0' ],
86 silly audit   'param-case': [ '3.0.4' ],
86 silly audit   'parent-module': [ '1.0.1' ],
86 silly audit   'parse-json': [ '5.2.0' ],
86 silly audit   parse5: [ '5.1.1', '6.0.1' ],
86 silly audit   'parse5-htmlparser2-tree-adapter': [ '6.0.1' ],
86 silly audit   parseurl: [ '1.3.3' ],
86 silly audit   'pascal-case': [ '3.1.2' ],
86 silly audit   'path-exists': [ '4.0.0' ],
86 silly audit   'path-is-absolute': [ '1.0.1' ],
86 silly audit   'path-parse': [ '1.0.7' ],
86 silly audit   'path-to-regexp': [ '0.1.7' ],
86 silly audit   'path-type': [ '4.0.0' ],
86 silly audit   'performance-now': [ '2.1.0' ],
86 silly audit   picomatch: [ '2.3.1' ],
86 silly audit   'pkg-dir': [ '4.2.0' ],
86 silly audit   portfinder: [ '1.0.29' ],
86 silly audit   'postcss-calc': [ '8.2.4' ],
86 silly audit   'postcss-colormin': [ '5.3.0' ],
86 silly audit   'postcss-convert-values': [ '5.1.2' ],
86 silly audit   'postcss-discard-comments': [ '5.1.2' ],
86 silly audit   'postcss-discard-duplicates': [ '5.1.0' ],
86 silly audit   'postcss-discard-empty': [ '5.1.1' ],
86 silly audit   'postcss-discard-overridden': [ '5.1.0' ],
86 silly audit   'postcss-loader': [ '6.2.1' ],
86 silly audit   'postcss-merge-longhand': [ '5.1.6' ],
86 silly audit   'postcss-merge-rules': [ '5.1.2' ],
86 silly audit   'postcss-minify-font-values': [ '5.1.0' ],
86 silly audit   'postcss-minify-gradients': [ '5.1.1' ],
86 silly audit   'postcss-minify-params': [ '5.1.3' ],
86 silly audit   'postcss-minify-selectors': [ '5.2.1' ],
86 silly audit   'postcss-modules-extract-imports': [ '3.0.0' ],
86 silly audit   'postcss-modules-local-by-default': [ '4.0.0' ],
86 silly audit   'postcss-modules-scope': [ '3.0.0' ],
86 silly audit   'postcss-modules-values': [ '4.0.0' ],
86 silly audit   'postcss-normalize-charset': [ '5.1.0' ],
86 silly audit   'postcss-normalize-display-values': [ '5.1.0' ],
86 silly audit   'postcss-normalize-positions': [ '5.1.1' ],
86 silly audit   'postcss-normalize-repeat-style': [ '5.1.1' ],
86 silly audit   'postcss-normalize-string': [ '5.1.0' ],
86 silly audit   'postcss-normalize-timing-functions': [ '5.1.0' ],
86 silly audit   'postcss-normalize-unicode': [ '5.1.0' ],
86 silly audit   'postcss-normalize-url': [ '5.1.0' ],
86 silly audit   'postcss-normalize-whitespace': [ '5.1.1' ],
86 silly audit   'postcss-ordered-values': [ '5.1.3' ],
86 silly audit   'postcss-reduce-initial': [ '5.1.0' ],
86 silly audit   'postcss-reduce-transforms': [ '5.1.0' ],
86 silly audit   'postcss-selector-parser': [ '6.0.10' ],
86 silly audit   'postcss-svgo': [ '5.1.0' ],
86 silly audit   'postcss-unique-selectors': [ '5.1.1' ],
86 silly audit   'postcss-value-parser': [ '4.2.0' ],
86 silly audit   'prelude-ls': [ '1.2.1' ],
86 silly audit   prettier: [ '2.7.1' ],
86 silly audit   'pretty-error': [ '4.0.0' ],
86 silly audit   'process-nextick-args': [ '2.0.1' ],
86 silly audit   progress: [ '2.0.3' ],
86 silly audit   'progress-webpack-plugin': [ '1.0.16' ],
86 silly audit   'promise-inflight': [ '1.0.1' ],
86 silly audit   'promise-retry': [ '2.0.1' ],
86 silly audit   retry: [ '0.12.0', '0.13.1' ],
86 silly audit   'proxy-addr': [ '2.0.7' ],
86 silly audit   pseudomap: [ '1.0.2' ],
86 silly audit   psl: [ '1.9.0' ],
86 silly audit   pump: [ '3.0.0' ],
86 silly audit   punycode: [ '2.1.1' ],
86 silly audit   qs: [ '6.10.3', '6.5.3' ],
86 silly audit   'queue-microtask': [ '1.2.3' ],
86 silly audit   'quick-lru': [ '4.0.1' ],
86 silly audit   randombytes: [ '2.1.0' ],
86 silly audit   'range-parser': [ '1.2.1' ],
86 silly audit   'raw-body': [ '2.5.1' ],
86 silly audit   'read-pkg': [ '5.2.0' ],
86 silly audit   'read-pkg-up': [ '7.0.1' ],
86 silly audit   readdirp: [ '3.6.0' ],
86 silly audit   redent: [ '3.0.0' ],
86 silly audit   'strip-indent': [ '3.0.0', '2.0.0' ],
86 silly audit   regenerate: [ '1.4.2' ],
86 silly audit   'regenerate-unicode-properties': [ '10.0.1' ],
86 silly audit   'regenerator-runtime': [ '0.13.9' ],
86 silly audit   'regenerator-transform': [ '0.15.0' ],
86 silly audit   regexpp: [ '3.2.0' ],
86 silly audit   'regexpu-core': [ '5.1.0' ],
86 silly audit   regjsgen: [ '0.6.0' ],
86 silly audit   regjsparser: [ '0.8.4' ],
86 silly audit   relateurl: [ '0.2.7' ],
86 silly audit   renderkid: [ '3.0.0' ],
86 silly audit   request: [ '2.88.2' ],
86 silly audit   uuid: [ '3.4.0', '8.3.2' ],
86 silly audit   'require-directory': [ '2.1.1' ],
86 silly audit   'require-from-string': [ '2.0.2' ],
86 silly audit   'requires-port': [ '1.0.0' ],
86 silly audit   resolve: [ '1.22.1' ],
86 silly audit   'resolve-from': [ '4.0.0' ],
86 silly audit   reusify: [ '1.0.4' ],
86 silly audit   rimraf: [ '3.0.2' ],
86 silly audit   'run-parallel': [ '1.2.0' ],
86 silly audit   'safer-buffer': [ '2.1.2' ],
86 silly audit   'sass-graph': [ '4.0.0' ],
86 silly audit   yargs: [ '17.5.1', '16.2.0' ],
86 silly audit   'yargs-parser': [ '21.1.1', '20.2.9' ],
86 silly audit   'sass-loader': [ '13.0.2' ],
86 silly audit   'ajv-formats': [ '2.1.1' ],
86 silly audit   'scss-tokenizer': [ '0.3.0' ],
86 silly audit   'source-map': [ '0.7.4', '0.6.1' ],
86 silly audit   'select-hose': [ '2.0.0' ],
86 silly audit   selfsigned: [ '2.0.1' ],
86 silly audit   send: [ '0.18.0' ],
86 silly audit   'serialize-javascript': [ '6.0.0' ],
86 silly audit   'serve-index': [ '1.9.1' ],
86 silly audit   setprototypeof: [ '1.1.0', '1.2.0' ],
86 silly audit   statuses: [ '1.5.0', '2.0.1' ],
86 silly audit   'serve-static': [ '1.15.0' ],
86 silly audit   'set-blocking': [ '2.0.0' ],
86 silly audit   'shallow-clone': [ '3.0.1' ],
86 silly audit   'shell-quote': [ '1.7.3' ],
86 silly audit   'side-channel': [ '1.0.4' ],
86 silly audit   'signal-exit': [ '3.0.7' ],
86 silly audit   sirv: [ '1.0.19' ],
86 silly audit   slash: [ '3.0.0' ],
86 silly audit   'slice-ansi': [ '4.0.0' ],
86 silly audit   'smart-buffer': [ '4.2.0' ],
86 silly audit   sockjs: [ '0.3.24' ],
86 silly audit   socks: [ '2.7.0' ],
86 silly audit   'socks-proxy-agent': [ '6.2.1' ],
86 silly audit   'source-map-js': [ '1.0.2' ],
86 silly audit   'source-map-support': [ '0.5.21' ],
86 silly audit   'sourcemap-codec': [ '1.4.8' ],
86 silly audit   'spdx-correct': [ '3.1.1' ],
86 silly audit   'spdx-exceptions': [ '2.3.0' ],
86 silly audit   'spdx-expression-parse': [ '3.0.1' ],
86 silly audit   'spdx-license-ids': [ '3.0.11' ],
86 silly audit   spdy: [ '4.0.2' ],
86 silly audit   'spdy-transport': [ '3.0.0' ],
86 silly audit   'sprintf-js': [ '1.0.3' ],
86 silly audit   sshpk: [ '1.17.0' ],
86 silly audit   ssri: [ '8.0.1' ],
86 silly audit   stable: [ '0.1.8' ],
86 silly audit   stackframe: [ '1.3.4' ],
86 silly audit   'stdout-stream': [ '1.4.1' ],
86 silly audit   'strip-eof': [ '1.0.0' ],
86 silly audit   'strip-final-newline': [ '2.0.0' ],
86 silly audit   'strip-json-comments': [ '3.1.1' ],
86 silly audit   stylehacks: [ '5.1.0' ],
86 silly audit   'supports-preserve-symlinks-flag': [ '1.0.0' ],
86 silly audit   'svg-tags': [ '1.0.0' ],
86 silly audit   svgo: [ '2.8.0' ],
86 silly audit   table: [ '6.8.0' ],
86 silly audit   tapable: [ '2.2.1' ],
86 silly audit   tar: [ '6.1.11' ],
86 silly audit   terser: [ '5.14.2' ],
86 silly audit   'terser-webpack-plugin': [ '5.3.3' ],
86 silly audit   'text-table': [ '0.2.0' ],
86 silly audit   thenify: [ '3.3.1' ],
86 silly audit   'thenify-all': [ '1.6.0' ],
86 silly audit   'thread-loader': [ '3.0.4' ],
86 silly audit   thunky: [ '1.1.0' ],
86 silly audit   'to-fast-properties': [ '2.0.0' ],
86 silly audit   'to-regex-range': [ '5.0.1' ],
86 silly audit   toidentifier: [ '1.0.1' ],
86 silly audit   totalist: [ '1.1.0' ],
86 silly audit   'tough-cookie': [ '2.5.0' ],
86 silly audit   tr46: [ '0.0.3' ],
86 silly audit   'trim-newlines': [ '3.0.1' ],
86 silly audit   'true-case-path': [ '1.0.3' ],
86 silly audit   tslib: [ '2.4.0' ],
86 silly audit   'tunnel-agent': [ '0.6.0' ],
86 silly audit   tweetnacl: [ '0.14.5' ],
86 silly audit   'type-check': [ '0.4.0' ],
86 silly audit   'type-is': [ '1.6.18' ],
86 silly audit   'unicode-canonical-property-names-ecmascript': [ '2.0.0' ],
86 silly audit   'unicode-match-property-ecmascript': [ '2.0.0' ],
86 silly audit   'unicode-match-property-value-ecmascript': [ '2.0.0' ],
86 silly audit   'unicode-property-aliases-ecmascript': [ '2.0.0' ],
86 silly audit   'unique-filename': [ '1.1.1' ],
86 silly audit   'unique-slug': [ '2.0.2' ],
86 silly audit   universalify: [ '2.0.0' ],
86 silly audit   unpipe: [ '1.0.0' ],
86 silly audit   'update-browserslist-db': [ '1.0.5' ],
86 silly audit   'uri-js': [ '4.4.1' ],
86 silly audit   'util-deprecate': [ '1.0.2' ],
86 silly audit   utila: [ '0.4.0' ],
86 silly audit   'utils-merge': [ '1.0.1' ],
86 silly audit   'v8-compile-cache': [ '2.3.0' ],
86 silly audit   'validate-npm-package-license': [ '3.0.4' ],
86 silly audit   vary: [ '1.1.2' ],
86 silly audit   verror: [ '1.10.0' ],
86 silly audit   vue: [ '3.2.37' ],
86 silly audit   'vue-eslint-parser': [ '8.3.0' ],
86 silly audit   'vue-hot-reload-api': [ '2.3.4' ],
86 silly audit   'vue-router': [ '4.1.3' ],
86 silly audit   'vue-style-loader': [ '4.1.3' ],
86 silly audit   'vue-template-es2015-compiler': [ '1.9.1' ],
86 silly audit   watchpack: [ '2.4.0' ],
86 silly audit   wbuf: [ '1.7.3' ],
86 silly audit   wcwidth: [ '1.0.1' ],
86 silly audit   'webidl-conversions': [ '3.0.1' ],
86 silly audit   webpack: [ '5.74.0' ],
86 silly audit   'webpack-bundle-analyzer': [ '4.5.0' ],
86 silly audit   'webpack-chain': [ '6.5.1' ],
86 silly audit   'webpack-dev-middleware': [ '5.3.3' ],
86 silly audit   'webpack-dev-server': [ '4.9.3' ],
86 silly audit   ws: [ '8.8.1', '7.5.9' ],
86 silly audit   'webpack-merge': [ '5.8.0' ],
86 silly audit   'webpack-sources': [ '3.2.3' ],
86 silly audit   'webpack-virtual-modules': [ '0.4.4' ],
86 silly audit   'websocket-driver': [ '0.7.4' ],
86 silly audit   'websocket-extensions': [ '0.1.4' ],
86 silly audit   'whatwg-fetch': [ '3.6.2' ],
86 silly audit   'whatwg-url': [ '5.0.0' ],
86 silly audit   'wide-align': [ '1.1.5' ],
86 silly audit   wildcard: [ '2.0.0' ],
86 silly audit   'word-wrap': [ '1.2.3' ],
86 silly audit   wrappy: [ '1.0.2' ],
86 silly audit   y18n: [ '5.0.8' ],
86 silly audit   yaml: [ '1.10.2' ],
86 silly audit   yorkie: [ '2.0.0' ]
86 silly audit }
87 timing reify:unpack Completed in 1ms
88 timing reify:unretire Completed in 0ms
89 timing build:queue Completed in 0ms
90 timing build:deps Completed in 0ms
91 timing build Completed in 1ms
92 timing reify:build Completed in 3ms
93 timing reify:trash Completed in 0ms
94 timing reify:save Completed in 578ms
95 http fetch POST 200 https://registry.npmjs.org/-/npm/v1/security/advisories/bulk 895ms
96 timing auditReport:getReport Completed in 925ms
97 silly audit report {
97 silly audit report   'scss-tokenizer': [
97 silly audit report     {
97 silly audit report       id: 1081480,
97 silly audit report       url: 'https://github.com/advisories/GHSA-7mwh-4pqv-wmr8',
97 silly audit report       title: 'Regular expression denial of service in scss-tokenizer',
97 silly audit report       severity: 'high',
97 silly audit report       vulnerable_versions: '<=0.4.2',
97 silly audit report       cwe: [Array],
97 silly audit report       cvss: [Object]
97 silly audit report     }
97 silly audit report   ]
97 silly audit report }
98 timing metavuln:packument:scss-tokenizer Completed in 0ms
99 timing metavuln:cache:get:security-advisory:scss-tokenizer:JIYGYMu9XpTJ1ilVMckUyZuSr7Dxr5OXkkpXV6tUohoft/eqUsc0hLF4dIs0rVpoxwtPJUXd0FWJZ7JzSX5U9A== Completed in 1ms
100 timing metavuln:load:security-advisory:scss-tokenizer:1081480 Completed in 0ms
101 timing metavuln:calculate:security-advisory:scss-tokenizer:1081480 Completed in 2ms
102 timing metavuln:packument:sass-graph Completed in 0ms
103 timing metavuln:cache:get:security-advisory:sass-graph:aTXgXCaeArkxPg/buM9GI5xWACTKAGNSzvXd7Ki2VQ3UtDIXB7WYYERzxVn+tR5s6zucqy4UcMUnrZTdyACT+A== Completed in 1ms
104 timing metavuln:load:security-advisory:sass-graph:JIYGYMu9XpTJ1ilVMckUyZuSr7Dxr5OXkkpXV6tUohoft/eqUsc0hLF4dIs0rVpoxwtPJUXd0FWJZ7JzSX5U9A== Completed in 0ms
105 timing metavuln:calculate:security-advisory:sass-graph:JIYGYMu9XpTJ1ilVMckUyZuSr7Dxr5OXkkpXV6tUohoft/eqUsc0hLF4dIs0rVpoxwtPJUXd0FWJZ7JzSX5U9A== Completed in 1ms
106 timing metavuln:packument:node-sass Completed in 0ms
107 timing metavuln:cache:get:security-advisory:node-sass:lTxEL+IrStSHJVBdIU56ouCZ5XcQugAK21oCziK2Oy0awvxEuTtd4OR7xpAuKO092efZvvKgJS8Q4BzEp1FeQw== Completed in 1ms
108 timing metavuln:load:security-advisory:node-sass:aTXgXCaeArkxPg/buM9GI5xWACTKAGNSzvXd7Ki2VQ3UtDIXB7WYYERzxVn+tR5s6zucqy4UcMUnrZTdyACT+A== Completed in 0ms
109 timing metavuln:calculate:security-advisory:node-sass:aTXgXCaeArkxPg/buM9GI5xWACTKAGNSzvXd7Ki2VQ3UtDIXB7WYYERzxVn+tR5s6zucqy4UcMUnrZTdyACT+A== Completed in 2ms
110 timing metavuln:packument:sass-loader Completed in 1ms
111 timing metavuln:cache:get:security-advisory:sass-loader:y/KZfFP6iKhQFLvDl/wwxE51grHG+rSlT9FBTvSPtaJVwD92L/vtO2A99pnMmI9fMT/nJEzyN08RH+J2pPmkFQ== Completed in 1ms
112 timing metavuln:load:security-advisory:sass-loader:lTxEL+IrStSHJVBdIU56ouCZ5XcQugAK21oCziK2Oy0awvxEuTtd4OR7xpAuKO092efZvvKgJS8Q4BzEp1FeQw== Completed in 1ms
113 timing metavuln:calculate:security-advisory:sass-loader:lTxEL+IrStSHJVBdIU56ouCZ5XcQugAK21oCziK2Oy0awvxEuTtd4OR7xpAuKO092efZvvKgJS8Q4BzEp1FeQw== Completed in 2ms
114 timing auditReport:init Completed in 16ms
115 timing reify:audit Completed in 942ms
116 timing reify Completed in 2082ms
117 timing command:audit Completed in 3536ms
118 verbose exit 0
119 timing npm Completed in 3787ms
120 verbose code 1
