0 verbose cli /home/maison/.nvm/versions/node/v14.17.0/bin/node /home/maison/.nvm/versions/node/v14.17.0/bin/npm
1 info using npm@8.16.0
2 info using node@v14.17.0
3 timing npm:load:whichnode Completed in 0ms
4 timing config:load:defaults Completed in 2ms
5 timing config:load:file:/home/maison/.nvm/versions/node/v14.17.0/lib/node_modules/npm/npmrc Completed in 3ms
6 timing config:load:builtin Completed in 4ms
7 timing config:load:cli Completed in 3ms
8 timing config:load:env Completed in 0ms
9 timing config:load:file:/home/maison/WebstormProjects/landing/.npmrc Completed in 0ms
10 timing config:load:project Completed in 4ms
11 timing config:load:file:/home/maison/.npmrc Completed in 1ms
12 timing config:load:user Completed in 1ms
13 timing config:load:file:/home/maison/.nvm/versions/node/v14.17.0/etc/npmrc Completed in 1ms
14 timing config:load:global Completed in 1ms
15 timing config:load:validate Completed in 1ms
16 timing config:load:credentials Completed in 0ms
17 timing config:load:setEnvs Completed in 1ms
18 timing config:load Completed in 18ms
19 timing npm:load:configload Completed in 18ms
20 timing npm:load:mkdirpcache Completed in 2ms
21 timing npm:load:mkdirplogs Completed in 0ms
22 verbose title npm install node-sass
23 verbose argv "install" "node-sass"
24 timing npm:load:setTitle Completed in 1ms
25 timing config:load:flatten Completed in 3ms
26 timing npm:load:display Completed in 5ms
27 verbose logfile logs-max:10 dir:/home/maison/WebstormProjects/landing/C:tmpnodejsnpm-cache/_logs
28 verbose logfile /home/maison/WebstormProjects/landing/C:tmpnodejsnpm-cache/_logs/2022-08-07T16_38_17_858Z-debug-0.log
29 timing npm:load:logFile Completed in 5ms
30 timing npm:load:timers Completed in 0ms
31 timing npm:load:configScope Completed in 0ms
32 timing npm:load Completed in 33ms
33 timing arborist:ctor Completed in 1ms
34 silly logfile done cleaning log files
35 timing idealTree:init Completed in 863ms
36 timing idealTree:userRequests Completed in 4ms
37 silly idealTree buildDeps
38 silly fetch manifest node-sass@^7.0.1
39 http fetch GET 200 https://registry.npmjs.org/node-sass 1056ms (cache revalidated)
40 silly placeDep ROOT node-sass@7.0.1 REPLACE for: landing@0.1.0 want: ^7.0.1
41 timing idealTree:#root Completed in 1071ms
42 timing idealTree:node_modules/node-sass Completed in 0ms
43 timing idealTree:buildDeps Completed in 1073ms
44 timing idealTree:fixDepFlags Completed in 7ms
45 timing idealTree Completed in 1967ms
46 timing reify:loadTrees Completed in 1968ms
47 timing reify:diffTrees Completed in 22ms
48 silly reify mark retired [
48 silly reify   '/home/maison/WebstormProjects/landing/node_modules/acorn-jsx/node_modules/acorn',
48 silly reify   '/home/maison/WebstormProjects/landing/node_modules/acorn-jsx/node_modules/.bin/acorn'
48 silly reify ]
49 silly reify mark retired [
49 silly reify   '/home/maison/WebstormProjects/landing/node_modules/babel-plugin-polyfill-corejs2/node_modules/semver',
49 silly reify   '/home/maison/WebstormProjects/landing/node_modules/babel-plugin-polyfill-corejs2/node_modules/.bin/semver'
49 silly reify ]
50 silly reify mark retired [
50 silly reify   '/home/maison/WebstormProjects/landing/node_modules/camelcase-keys/node_modules/map-obj'
50 silly reify ]
51 silly reify mark retired [
51 silly reify   '/home/maison/WebstormProjects/landing/node_modules/eslint/node_modules/type-fest'
51 silly reify ]
52 silly reify mark retired [
52 silly reify   '/home/maison/WebstormProjects/landing/node_modules/espree/node_modules/acorn-jsx'
52 silly reify ]
53 silly reify mark retired [
53 silly reify   '/home/maison/WebstormProjects/landing/node_modules/execa/node_modules/semver',
53 silly reify   '/home/maison/WebstormProjects/landing/node_modules/execa/node_modules/.bin/semver'
53 silly reify ]
54 silly reify mark retired [
54 silly reify   '/home/maison/WebstormProjects/landing/node_modules/globule/node_modules/glob/node_modules/minimatch'
54 silly reify ]
55 silly reify mark retired [
55 silly reify   '/home/maison/WebstormProjects/landing/node_modules/hosted-git-info'
55 silly reify ]
56 silly reify mark retired [
56 silly reify   '/home/maison/WebstormProjects/landing/node_modules/http-proxy-middleware/node_modules/is-plain-obj'
56 silly reify ]
57 silly reify mark retired [ '/home/maison/WebstormProjects/landing/node_modules/is-plain-obj' ]
58 silly reify mark retired [ '/home/maison/WebstormProjects/landing/node_modules/lru-cache' ]
59 silly reify mark retired [
59 silly reify   '/home/maison/WebstormProjects/landing/node_modules/make-dir/node_modules/semver',
59 silly reify   '/home/maison/WebstormProjects/landing/node_modules/make-dir/node_modules/.bin/semver'
59 silly reify ]
60 silly reify mark retired [ '/home/maison/WebstormProjects/landing/node_modules/map-obj' ]
61 silly reify mark retired [
61 silly reify   '/home/maison/WebstormProjects/landing/node_modules/mkdirp',
61 silly reify   '/home/maison/WebstormProjects/landing/node_modules/.bin/mkdirp'
61 silly reify ]
62 silly reify mark retired [
62 silly reify   '/home/maison/WebstormProjects/landing/node_modules/normalize-package-data'
62 silly reify ]
63 silly reify mark retired [
63 silly reify   '/home/maison/WebstormProjects/landing/node_modules/portfinder/node_modules/mkdirp',
63 silly reify   '/home/maison/WebstormProjects/landing/node_modules/portfinder/node_modules/.bin/mkdirp'
63 silly reify ]
64 silly reify mark retired [
64 silly reify   '/home/maison/WebstormProjects/landing/node_modules/read-pkg/node_modules/hosted-git-info'
64 silly reify ]
65 silly reify mark retired [
65 silly reify   '/home/maison/WebstormProjects/landing/node_modules/read-pkg/node_modules/normalize-package-data'
65 silly reify ]
66 silly reify mark retired [
66 silly reify   '/home/maison/WebstormProjects/landing/node_modules/read-pkg/node_modules/semver',
66 silly reify   '/home/maison/WebstormProjects/landing/node_modules/read-pkg/node_modules/.bin/semver'
66 silly reify ]
67 silly reify mark retired [
67 silly reify   '/home/maison/WebstormProjects/landing/node_modules/semver',
67 silly reify   '/home/maison/WebstormProjects/landing/node_modules/.bin/semver'
67 silly reify ]
68 silly reify mark retired [
68 silly reify   '/home/maison/WebstormProjects/landing/node_modules/sockjs/node_modules/uuid',
68 silly reify   '/home/maison/WebstormProjects/landing/node_modules/sockjs/node_modules/.bin/uuid'
68 silly reify ]
69 silly reify mark retired [ '/home/maison/WebstormProjects/landing/node_modules/type-fest' ]
70 silly reify mark retired [
70 silly reify   '/home/maison/WebstormProjects/landing/node_modules/uuid',
70 silly reify   '/home/maison/WebstormProjects/landing/node_modules/.bin/uuid'
70 silly reify ]
71 silly reify mark retired [
71 silly reify   '/home/maison/WebstormProjects/landing/node_modules/vue-style-loader/node_modules/json5',
71 silly reify   '/home/maison/WebstormProjects/landing/node_modules/vue-style-loader/node_modules/.bin/json5'
71 silly reify ]
72 silly reify mark retired [
72 silly reify   '/home/maison/WebstormProjects/landing/node_modules/which',
72 silly reify   '/home/maison/WebstormProjects/landing/node_modules/.bin/which'
72 silly reify ]
73 silly reify mark retired [
73 silly reify   '/home/maison/WebstormProjects/landing/node_modules/yorkie/node_modules/lru-cache'
73 silly reify ]
74 silly reify mark retired [
74 silly reify   '/home/maison/WebstormProjects/landing/node_modules/yorkie/node_modules/yallist'
74 silly reify ]
75 silly reify mark retired [
75 silly reify   '/home/maison/WebstormProjects/landing/node_modules/@babel/core/node_modules/semver',
75 silly reify   '/home/maison/WebstormProjects/landing/node_modules/@babel/core/node_modules/.bin/semver'
75 silly reify ]
76 silly reify mark retired [
76 silly reify   '/home/maison/WebstormProjects/landing/node_modules/@babel/eslint-parser/node_modules/semver',
76 silly reify   '/home/maison/WebstormProjects/landing/node_modules/@babel/eslint-parser/node_modules/.bin/semver'
76 silly reify ]
77 silly reify mark retired [
77 silly reify   '/home/maison/WebstormProjects/landing/node_modules/@babel/helper-compilation-targets/node_modules/semver',
77 silly reify   '/home/maison/WebstormProjects/landing/node_modules/@babel/helper-compilation-targets/node_modules/.bin/semver'
77 silly reify ]
78 silly reify mark retired [
78 silly reify   '/home/maison/WebstormProjects/landing/node_modules/@babel/helper-define-polyfill-provider/node_modules/semver',
78 silly reify   '/home/maison/WebstormProjects/landing/node_modules/@babel/helper-define-polyfill-provider/node_modules/.bin/semver'
78 silly reify ]
79 silly reify mark retired [
79 silly reify   '/home/maison/WebstormProjects/landing/node_modules/@babel/plugin-transform-runtime/node_modules/semver',
79 silly reify   '/home/maison/WebstormProjects/landing/node_modules/@babel/plugin-transform-runtime/node_modules/.bin/semver'
79 silly reify ]
80 silly reify mark retired [
80 silly reify   '/home/maison/WebstormProjects/landing/node_modules/@babel/preset-env/node_modules/semver',
80 silly reify   '/home/maison/WebstormProjects/landing/node_modules/@babel/preset-env/node_modules/.bin/semver'
80 silly reify ]
81 silly reify mark retired [
81 silly reify   '/home/maison/WebstormProjects/landing/node_modules/@eslint/eslintrc/node_modules/type-fest'
81 silly reify ]
82 silly reify mark retired [
82 silly reify   '/home/maison/WebstormProjects/landing/node_modules/@vue/component-compiler-utils/node_modules/lru-cache'
82 silly reify ]
83 silly reify mark retired [
83 silly reify   '/home/maison/WebstormProjects/landing/node_modules/@vue/component-compiler-utils/node_modules/yallist'
83 silly reify ]
84 silly reify mark retired [
84 silly reify   '/home/maison/WebstormProjects/landing/node_modules/@vue/vue-loader-v15/node_modules/json5',
84 silly reify   '/home/maison/WebstormProjects/landing/node_modules/@vue/vue-loader-v15/node_modules/.bin/json5'
84 silly reify ]
85 silly reify moves {
85 silly reify   '/home/maison/WebstormProjects/landing/node_modules/acorn-jsx/node_modules/acorn': '/home/maison/WebstormProjects/landing/node_modules/acorn-jsx/node_modules/.acorn-pkS9VSAM',
85 silly reify   '/home/maison/WebstormProjects/landing/node_modules/acorn-jsx/node_modules/.bin/acorn': '/home/maison/WebstormProjects/landing/node_modules/acorn-jsx/node_modules/.bin/.acorn-bfJCncOB',
85 silly reify   '/home/maison/WebstormProjects/landing/node_modules/babel-plugin-polyfill-corejs2/node_modules/semver': '/home/maison/WebstormProjects/landing/node_modules/babel-plugin-polyfill-corejs2/node_modules/.semver-H0SvOMii',
85 silly reify   '/home/maison/WebstormProjects/landing/node_modules/babel-plugin-polyfill-corejs2/node_modules/.bin/semver': '/home/maison/WebstormProjects/landing/node_modules/babel-plugin-polyfill-corejs2/node_modules/.bin/.semver-FzA8ezMc',
85 silly reify   '/home/maison/WebstormProjects/landing/node_modules/camelcase-keys/node_modules/map-obj': '/home/maison/WebstormProjects/landing/node_modules/camelcase-keys/node_modules/.map-obj-kYT1URly',
85 silly reify   '/home/maison/WebstormProjects/landing/node_modules/eslint/node_modules/type-fest': '/home/maison/WebstormProjects/landing/node_modules/eslint/node_modules/.type-fest-NL5xGDNj',
85 silly reify   '/home/maison/WebstormProjects/landing/node_modules/espree/node_modules/acorn-jsx': '/home/maison/WebstormProjects/landing/node_modules/espree/node_modules/.acorn-jsx-jNWedtaM',
85 silly reify   '/home/maison/WebstormProjects/landing/node_modules/execa/node_modules/semver': '/home/maison/WebstormProjects/landing/node_modules/execa/node_modules/.semver-98h7ZLmB',
85 silly reify   '/home/maison/WebstormProjects/landing/node_modules/execa/node_modules/.bin/semver': '/home/maison/WebstormProjects/landing/node_modules/execa/node_modules/.bin/.semver-8Up2WVeq',
85 silly reify   '/home/maison/WebstormProjects/landing/node_modules/globule/node_modules/glob/node_modules/minimatch': '/home/maison/WebstormProjects/landing/node_modules/globule/node_modules/glob/node_modules/.minimatch-AGMuDtsT',
85 silly reify   '/home/maison/WebstormProjects/landing/node_modules/hosted-git-info': '/home/maison/WebstormProjects/landing/node_modules/.hosted-git-info-CdG46niz',
85 silly reify   '/home/maison/WebstormProjects/landing/node_modules/http-proxy-middleware/node_modules/is-plain-obj': '/home/maison/WebstormProjects/landing/node_modules/http-proxy-middleware/node_modules/.is-plain-obj-c9ipFtXq',
85 silly reify   '/home/maison/WebstormProjects/landing/node_modules/is-plain-obj': '/home/maison/WebstormProjects/landing/node_modules/.is-plain-obj-pz2ujstS',
85 silly reify   '/home/maison/WebstormProjects/landing/node_modules/lru-cache': '/home/maison/WebstormProjects/landing/node_modules/.lru-cache-NH7nL7so',
85 silly reify   '/home/maison/WebstormProjects/landing/node_modules/make-dir/node_modules/semver': '/home/maison/WebstormProjects/landing/node_modules/make-dir/node_modules/.semver-grqdJYjy',
85 silly reify   '/home/maison/WebstormProjects/landing/node_modules/make-dir/node_modules/.bin/semver': '/home/maison/WebstormProjects/landing/node_modules/make-dir/node_modules/.bin/.semver-EeNk27XB',
85 silly reify   '/home/maison/WebstormProjects/landing/node_modules/map-obj': '/home/maison/WebstormProjects/landing/node_modules/.map-obj-lEjqkWWT',
85 silly reify   '/home/maison/WebstormProjects/landing/node_modules/mkdirp': '/home/maison/WebstormProjects/landing/node_modules/.mkdirp-mYppTkNl',
85 silly reify   '/home/maison/WebstormProjects/landing/node_modules/.bin/mkdirp': '/home/maison/WebstormProjects/landing/node_modules/.bin/.mkdirp-r0ojmgx3',
85 silly reify   '/home/maison/WebstormProjects/landing/node_modules/normalize-package-data': '/home/maison/WebstormProjects/landing/node_modules/.normalize-package-data-O7z6jjsv',
85 silly reify   '/home/maison/WebstormProjects/landing/node_modules/portfinder/node_modules/mkdirp': '/home/maison/WebstormProjects/landing/node_modules/portfinder/node_modules/.mkdirp-gnfvJ5Bl',
85 silly reify   '/home/maison/WebstormProjects/landing/node_modules/portfinder/node_modules/.bin/mkdirp': '/home/maison/WebstormProjects/landing/node_modules/portfinder/node_modules/.bin/.mkdirp-9LZNLNBX',
85 silly reify   '/home/maison/WebstormProjects/landing/node_modules/read-pkg/node_modules/hosted-git-info': '/home/maison/WebstormProjects/landing/node_modules/read-pkg/node_modules/.hosted-git-info-3LrcjLnL',
85 silly reify   '/home/maison/WebstormProjects/landing/node_modules/read-pkg/node_modules/normalize-package-data': '/home/maison/WebstormProjects/landing/node_modules/read-pkg/node_modules/.normalize-package-data-KjrfNcsW',
85 silly reify   '/home/maison/WebstormProjects/landing/node_modules/read-pkg/node_modules/semver': '/home/maison/WebstormProjects/landing/node_modules/read-pkg/node_modules/.semver-2YY3hvvq',
85 silly reify   '/home/maison/WebstormProjects/landing/node_modules/read-pkg/node_modules/.bin/semver': '/home/maison/WebstormProjects/landing/node_modules/read-pkg/node_modules/.bin/.semver-rH5co6ys',
85 silly reify   '/home/maison/WebstormProjects/landing/node_modules/semver': '/home/maison/WebstormProjects/landing/node_modules/.semver-nylSMUEk',
85 silly reify   '/home/maison/WebstormProjects/landing/node_modules/.bin/semver': '/home/maison/WebstormProjects/landing/node_modules/.bin/.semver-29l7yWxH',
85 silly reify   '/home/maison/WebstormProjects/landing/node_modules/sockjs/node_modules/uuid': '/home/maison/WebstormProjects/landing/node_modules/sockjs/node_modules/.uuid-z7MQYUvm',
85 silly reify   '/home/maison/WebstormProjects/landing/node_modules/sockjs/node_modules/.bin/uuid': '/home/maison/WebstormProjects/landing/node_modules/sockjs/node_modules/.bin/.uuid-pza7pupX',
85 silly reify   '/home/maison/WebstormProjects/landing/node_modules/type-fest': '/home/maison/WebstormProjects/landing/node_modules/.type-fest-p3kM4aPc',
85 silly reify   '/home/maison/WebstormProjects/landing/node_modules/uuid': '/home/maison/WebstormProjects/landing/node_modules/.uuid-uZl5qFgi',
85 silly reify   '/home/maison/WebstormProjects/landing/node_modules/.bin/uuid': '/home/maison/WebstormProjects/landing/node_modules/.bin/.uuid-054xxbqH',
85 silly reify   '/home/maison/WebstormProjects/landing/node_modules/vue-style-loader/node_modules/json5': '/home/maison/WebstormProjects/landing/node_modules/vue-style-loader/node_modules/.json5-sE1NeDjp',
85 silly reify   '/home/maison/WebstormProjects/landing/node_modules/vue-style-loader/node_modules/.bin/json5': '/home/maison/WebstormProjects/landing/node_modules/vue-style-loader/node_modules/.bin/.json5-AITccArQ',
85 silly reify   '/home/maison/WebstormProjects/landing/node_modules/which': '/home/maison/WebstormProjects/landing/node_modules/.which-OTA5oxvW',
85 silly reify   '/home/maison/WebstormProjects/landing/node_modules/.bin/which': '/home/maison/WebstormProjects/landing/node_modules/.bin/.which-mfUSk64t',
85 silly reify   '/home/maison/WebstormProjects/landing/node_modules/yorkie/node_modules/lru-cache': '/home/maison/WebstormProjects/landing/node_modules/yorkie/node_modules/.lru-cache-yE6iVKu9',
85 silly reify   '/home/maison/WebstormProjects/landing/node_modules/yorkie/node_modules/yallist': '/home/maison/WebstormProjects/landing/node_modules/yorkie/node_modules/.yallist-kAGwW7sX',
85 silly reify   '/home/maison/WebstormProjects/landing/node_modules/@babel/core/node_modules/semver': '/home/maison/WebstormProjects/landing/node_modules/@babel/core/node_modules/.semver-W3gYFMU9',
85 silly reify   '/home/maison/WebstormProjects/landing/node_modules/@babel/core/node_modules/.bin/semver': '/home/maison/WebstormProjects/landing/node_modules/@babel/core/node_modules/.bin/.semver-ogKMW6lz',
85 silly reify   '/home/maison/WebstormProjects/landing/node_modules/@babel/eslint-parser/node_modules/semver': '/home/maison/WebstormProjects/landing/node_modules/@babel/eslint-parser/node_modules/.semver-MJto6nfn',
85 silly reify   '/home/maison/WebstormProjects/landing/node_modules/@babel/eslint-parser/node_modules/.bin/semver': '/home/maison/WebstormProjects/landing/node_modules/@babel/eslint-parser/node_modules/.bin/.semver-Hmeqh48X',
85 silly reify   '/home/maison/WebstormProjects/landing/node_modules/@babel/helper-compilation-targets/node_modules/semver': '/home/maison/WebstormProjects/landing/node_modules/@babel/helper-compilation-targets/node_modules/.semver-80MuCo1P',
85 silly reify   '/home/maison/WebstormProjects/landing/node_modules/@babel/helper-compilation-targets/node_modules/.bin/semver': '/home/maison/WebstormProjects/landing/node_modules/@babel/helper-compilation-targets/node_modules/.bin/.semver-d1NsiTE2',
85 silly reify   '/home/maison/WebstormProjects/landing/node_modules/@babel/helper-define-polyfill-provider/node_modules/semver': '/home/maison/WebstormProjects/landing/node_modules/@babel/helper-define-polyfill-provider/node_modules/.semver-tcJFhjiI',
85 silly reify   '/home/maison/WebstormProjects/landing/node_modules/@babel/helper-define-polyfill-provider/node_modules/.bin/semver': '/home/maison/WebstormProjects/landing/node_modules/@babel/helper-define-polyfill-provider/node_modules/.bin/.semver-IFxg3xdS',
85 silly reify   '/home/maison/WebstormProjects/landing/node_modules/@babel/plugin-transform-runtime/node_modules/semver': '/home/maison/WebstormProjects/landing/node_modules/@babel/plugin-transform-runtime/node_modules/.semver-GaiTZqRW',
85 silly reify   '/home/maison/WebstormProjects/landing/node_modules/@babel/plugin-transform-runtime/node_modules/.bin/semver': '/home/maison/WebstormProjects/landing/node_modules/@babel/plugin-transform-runtime/node_modules/.bin/.semver-JzbSvARK',
85 silly reify   '/home/maison/WebstormProjects/landing/node_modules/@babel/preset-env/node_modules/semver': '/home/maison/WebstormProjects/landing/node_modules/@babel/preset-env/node_modules/.semver-xnhpsxDV',
85 silly reify   '/home/maison/WebstormProjects/landing/node_modules/@babel/preset-env/node_modules/.bin/semver': '/home/maison/WebstormProjects/landing/node_modules/@babel/preset-env/node_modules/.bin/.semver-dXM2OnR8',
85 silly reify   '/home/maison/WebstormProjects/landing/node_modules/@eslint/eslintrc/node_modules/type-fest': '/home/maison/WebstormProjects/landing/node_modules/@eslint/eslintrc/node_modules/.type-fest-MZMv8GnK',
85 silly reify   '/home/maison/WebstormProjects/landing/node_modules/@vue/component-compiler-utils/node_modules/lru-cache': '/home/maison/WebstormProjects/landing/node_modules/@vue/component-compiler-utils/node_modules/.lru-cache-4bMBqymY',
85 silly reify   '/home/maison/WebstormProjects/landing/node_modules/@vue/component-compiler-utils/node_modules/yallist': '/home/maison/WebstormProjects/landing/node_modules/@vue/component-compiler-utils/node_modules/.yallist-yRTJObhe',
85 silly reify   '/home/maison/WebstormProjects/landing/node_modules/@vue/vue-loader-v15/node_modules/json5': '/home/maison/WebstormProjects/landing/node_modules/@vue/vue-loader-v15/node_modules/.json5-1J4WLVqG',
85 silly reify   '/home/maison/WebstormProjects/landing/node_modules/@vue/vue-loader-v15/node_modules/.bin/json5': '/home/maison/WebstormProjects/landing/node_modules/@vue/vue-loader-v15/node_modules/.bin/.json5-nf6CQ10N'
85 silly reify }
86 timing reify:retireShallow Completed in 21ms
87 timing reify:createSparse Completed in 10ms
88 timing reify:loadBundles Completed in 0ms
89 silly audit bulk request {
89 silly audit   '@achrinza/node-ipc': [ '9.2.5' ],
89 silly audit   '@ampproject/remapping': [ '2.2.0' ],
89 silly audit   '@jridgewell/gen-mapping': [ '0.1.1', '0.3.2' ],
89 silly audit   '@babel/code-frame': [ '7.18.6', '7.12.11' ],
89 silly audit   '@babel/compat-data': [ '7.18.8' ],
89 silly audit   '@babel/core': [ '7.18.10' ],
89 silly audit   '@babel/eslint-parser': [ '7.18.9' ],
89 silly audit   '@babel/generator': [ '7.18.12' ],
89 silly audit   '@babel/helper-annotate-as-pure': [ '7.18.6' ],
89 silly audit   '@babel/helper-builder-binary-assignment-operator-visitor': [ '7.18.9' ],
89 silly audit   '@babel/helper-compilation-targets': [ '7.18.9' ],
89 silly audit   '@babel/helper-create-class-features-plugin': [ '7.18.9' ],
89 silly audit   '@babel/helper-create-regexp-features-plugin': [ '7.18.6' ],
89 silly audit   '@babel/helper-define-polyfill-provider': [ '0.3.2' ],
89 silly audit   '@babel/helper-environment-visitor': [ '7.18.9' ],
89 silly audit   '@babel/helper-explode-assignable-expression': [ '7.18.6' ],
89 silly audit   '@babel/helper-function-name': [ '7.18.9' ],
89 silly audit   '@babel/helper-hoist-variables': [ '7.18.6' ],
89 silly audit   '@babel/helper-member-expression-to-functions': [ '7.18.9' ],
89 silly audit   '@babel/helper-module-imports': [ '7.18.6' ],
89 silly audit   '@babel/helper-module-transforms': [ '7.18.9' ],
89 silly audit   '@babel/helper-optimise-call-expression': [ '7.18.6' ],
89 silly audit   '@babel/helper-plugin-utils': [ '7.18.9' ],
89 silly audit   '@babel/helper-remap-async-to-generator': [ '7.18.9' ],
89 silly audit   '@babel/helper-replace-supers': [ '7.18.9' ],
89 silly audit   '@babel/helper-simple-access': [ '7.18.6' ],
89 silly audit   '@babel/helper-skip-transparent-expression-wrappers': [ '7.18.9' ],
89 silly audit   '@babel/helper-split-export-declaration': [ '7.18.6' ],
89 silly audit   '@babel/helper-string-parser': [ '7.18.10' ],
89 silly audit   '@babel/helper-validator-identifier': [ '7.18.6' ],
89 silly audit   '@babel/helper-validator-option': [ '7.18.6' ],
89 silly audit   '@babel/helper-wrap-function': [ '7.18.11' ],
89 silly audit   '@babel/helpers': [ '7.18.9' ],
89 silly audit   '@babel/highlight': [ '7.18.6' ],
89 silly audit   'ansi-styles': [ '3.2.1', '4.3.0' ],
89 silly audit   chalk: [ '2.4.2', '3.0.0', '4.1.2' ],
89 silly audit   'color-convert': [ '1.9.3', '2.0.1' ],
89 silly audit   'color-name': [ '1.1.3', '1.1.4' ],
89 silly audit   'has-flag': [ '3.0.0', '4.0.0' ],
89 silly audit   'supports-color': [ '5.5.0', '8.1.1', '7.2.0' ],
89 silly audit   '@babel/parser': [ '7.18.11' ],
89 silly audit   '@babel/plugin-bugfix-safari-id-destructuring-collision-in-function-expression': [ '7.18.6' ],
89 silly audit   '@babel/plugin-bugfix-v8-spread-parameters-in-optional-chaining': [ '7.18.9' ],
89 silly audit   '@babel/plugin-proposal-async-generator-functions': [ '7.18.10' ],
89 silly audit   '@babel/plugin-proposal-class-properties': [ '7.18.6' ],
89 silly audit   '@babel/plugin-proposal-class-static-block': [ '7.18.6' ],
89 silly audit   '@babel/plugin-proposal-decorators': [ '7.18.10' ],
89 silly audit   '@babel/plugin-proposal-dynamic-import': [ '7.18.6' ],
89 silly audit   '@babel/plugin-proposal-export-namespace-from': [ '7.18.9' ],
89 silly audit   '@babel/plugin-proposal-json-strings': [ '7.18.6' ],
89 silly audit   '@babel/plugin-proposal-logical-assignment-operators': [ '7.18.9' ],
89 silly audit   '@babel/plugin-proposal-nullish-coalescing-operator': [ '7.18.6' ],
89 silly audit   '@babel/plugin-proposal-numeric-separator': [ '7.18.6' ],
89 silly audit   '@babel/plugin-proposal-object-rest-spread': [ '7.18.9' ],
89 silly audit   '@babel/plugin-proposal-optional-catch-binding': [ '7.18.6' ],
89 silly audit   '@babel/plugin-proposal-optional-chaining': [ '7.18.9' ],
89 silly audit   '@babel/plugin-proposal-private-methods': [ '7.18.6' ],
89 silly audit   '@babel/plugin-proposal-private-property-in-object': [ '7.18.6' ],
89 silly audit   '@babel/plugin-proposal-unicode-property-regex': [ '7.18.6' ],
89 silly audit   '@babel/plugin-syntax-async-generators': [ '7.8.4' ],
89 silly audit   '@babel/plugin-syntax-class-properties': [ '7.12.13' ],
89 silly audit   '@babel/plugin-syntax-class-static-block': [ '7.14.5' ],
89 silly audit   '@babel/plugin-syntax-decorators': [ '7.18.6' ],
89 silly audit   '@babel/plugin-syntax-dynamic-import': [ '7.8.3' ],
89 silly audit   '@babel/plugin-syntax-export-namespace-from': [ '7.8.3' ],
89 silly audit   '@babel/plugin-syntax-import-assertions': [ '7.18.6' ],
89 silly audit   '@babel/plugin-syntax-json-strings': [ '7.8.3' ],
89 silly audit   '@babel/plugin-syntax-jsx': [ '7.18.6' ],
89 silly audit   '@babel/plugin-syntax-logical-assignment-operators': [ '7.10.4' ],
89 silly audit   '@babel/plugin-syntax-nullish-coalescing-operator': [ '7.8.3' ],
89 silly audit   '@babel/plugin-syntax-numeric-separator': [ '7.10.4' ],
89 silly audit   '@babel/plugin-syntax-object-rest-spread': [ '7.8.3' ],
89 silly audit   '@babel/plugin-syntax-optional-catch-binding': [ '7.8.3' ],
89 silly audit   '@babel/plugin-syntax-optional-chaining': [ '7.8.3' ],
89 silly audit   '@babel/plugin-syntax-private-property-in-object': [ '7.14.5' ],
89 silly audit   '@babel/plugin-syntax-top-level-await': [ '7.14.5' ],
89 silly audit   '@babel/plugin-transform-arrow-functions': [ '7.18.6' ],
89 silly audit   '@babel/plugin-transform-async-to-generator': [ '7.18.6' ],
89 silly audit   '@babel/plugin-transform-block-scoped-functions': [ '7.18.6' ],
89 silly audit   '@babel/plugin-transform-block-scoping': [ '7.18.9' ],
89 silly audit   '@babel/plugin-transform-classes': [ '7.18.9' ],
89 silly audit   '@babel/plugin-transform-computed-properties': [ '7.18.9' ],
89 silly audit   '@babel/plugin-transform-destructuring': [ '7.18.9' ],
89 silly audit   '@babel/plugin-transform-dotall-regex': [ '7.18.6' ],
89 silly audit   '@babel/plugin-transform-duplicate-keys': [ '7.18.9' ],
89 silly audit   '@babel/plugin-transform-exponentiation-operator': [ '7.18.6' ],
89 silly audit   '@babel/plugin-transform-for-of': [ '7.18.8' ],
89 silly audit   '@babel/plugin-transform-function-name': [ '7.18.9' ],
89 silly audit   '@babel/plugin-transform-literals': [ '7.18.9' ],
89 silly audit   '@babel/plugin-transform-member-expression-literals': [ '7.18.6' ],
89 silly audit   '@babel/plugin-transform-modules-amd': [ '7.18.6' ],
89 silly audit   '@babel/plugin-transform-modules-commonjs': [ '7.18.6' ],
89 silly audit   '@babel/plugin-transform-modules-systemjs': [ '7.18.9' ],
89 silly audit   '@babel/plugin-transform-modules-umd': [ '7.18.6' ],
89 silly audit   '@babel/plugin-transform-named-capturing-groups-regex': [ '7.18.6' ],
89 silly audit   '@babel/plugin-transform-new-target': [ '7.18.6' ],
89 silly audit   '@babel/plugin-transform-object-super': [ '7.18.6' ],
89 silly audit   '@babel/plugin-transform-parameters': [ '7.18.8' ],
89 silly audit   '@babel/plugin-transform-property-literals': [ '7.18.6' ],
89 silly audit   '@babel/plugin-transform-regenerator': [ '7.18.6' ],
89 silly audit   '@babel/plugin-transform-reserved-words': [ '7.18.6' ],
89 silly audit   '@babel/plugin-transform-runtime': [ '7.18.10' ],
89 silly audit   '@babel/plugin-transform-shorthand-properties': [ '7.18.6' ],
89 silly audit   '@babel/plugin-transform-spread': [ '7.18.9' ],
89 silly audit   '@babel/plugin-transform-sticky-regex': [ '7.18.6' ],
89 silly audit   '@babel/plugin-transform-template-literals': [ '7.18.9' ],
89 silly audit   '@babel/plugin-transform-typeof-symbol': [ '7.18.9' ],
89 silly audit   '@babel/plugin-transform-unicode-escapes': [ '7.18.10' ],
89 silly audit   '@babel/plugin-transform-unicode-regex': [ '7.18.6' ],
89 silly audit   '@babel/preset-env': [ '7.18.10' ],
89 silly audit   '@babel/preset-modules': [ '0.1.5' ],
89 silly audit   '@babel/runtime': [ '7.18.9' ],
89 silly audit   '@babel/template': [ '7.18.10' ],
89 silly audit   '@babel/traverse': [ '7.18.11' ],
89 silly audit   '@babel/types': [ '7.18.10' ],
89 silly audit   '@eslint/eslintrc': [ '0.4.3' ],
89 silly audit   globals: [ '13.17.0', '11.12.0' ],
89 silly audit   '@gar/promisify': [ '1.1.3' ],
89 silly audit   '@hapi/hoek': [ '9.3.0' ],
89 silly audit   '@hapi/topo': [ '5.1.0' ],
89 silly audit   '@humanwhocodes/config-array': [ '0.5.0' ],
89 silly audit   '@humanwhocodes/object-schema': [ '1.2.1' ],
89 silly audit   '@jridgewell/resolve-uri': [ '3.1.0' ],
89 silly audit   '@jridgewell/set-array': [ '1.1.2' ],
89 silly audit   '@jridgewell/source-map': [ '0.3.2' ],
89 silly audit   '@jridgewell/sourcemap-codec': [ '1.4.14' ],
89 silly audit   '@jridgewell/trace-mapping': [ '0.3.14' ],
89 silly audit   '@leichtgewicht/ip-codec': [ '2.0.4' ],
89 silly audit   '@node-ipc/js-queue': [ '2.0.3' ],
89 silly audit   '@nodelib/fs.scandir': [ '2.1.5' ],
89 silly audit   '@nodelib/fs.stat': [ '2.0.5' ],
89 silly audit   '@nodelib/fs.walk': [ '1.2.8' ],
89 silly audit   '@npmcli/fs': [ '1.1.1' ],
89 silly audit   'lru-cache': [ '6.0.0', '4.1.5' ],
89 silly audit   semver: [ '7.3.7', '7.0.0', '5.7.1', '6.3.0' ],
89 silly audit   '@npmcli/move-file': [ '1.1.2' ],
89 silly audit   mkdirp: [ '1.0.4', '0.5.6' ],
89 silly audit   '@polka/url': [ '1.0.0-next.21' ],
89 silly audit   '@sideway/address': [ '4.1.4' ],
89 silly audit   '@sideway/formula': [ '3.0.0' ],
89 silly audit   '@sideway/pinpoint': [ '2.0.0' ],
89 silly audit   '@soda/friendly-errors-webpack-plugin': [ '1.8.1' ],
89 silly audit   '@soda/get-current-script': [ '1.0.2' ],
89 silly audit   '@tootallnate/once': [ '1.1.2' ],
89 silly audit   '@trysound/sax': [ '0.2.0' ],
89 silly audit   '@types/body-parser': [ '1.19.2' ],
89 silly audit   '@types/bonjour': [ '3.5.10' ],
89 silly audit   '@types/connect': [ '3.4.35' ],
89 silly audit   '@types/connect-history-api-fallback': [ '1.3.5' ],
89 silly audit   '@types/eslint': [ '8.4.5' ],
89 silly audit   '@types/eslint-scope': [ '3.7.4' ],
89 silly audit   '@types/estree': [ '1.0.0', '0.0.51' ],
89 silly audit   '@types/express': [ '4.17.13' ],
89 silly audit   '@types/express-serve-static-core': [ '4.17.30' ],
89 silly audit   '@types/html-minifier-terser': [ '6.1.0' ],
89 silly audit   '@types/http-proxy': [ '1.17.9' ],
89 silly audit   '@types/json-schema': [ '7.0.11' ],
89 silly audit   '@types/mime': [ '3.0.1' ],
89 silly audit   '@types/minimist': [ '1.2.2' ],
89 silly audit   '@types/node': [ '18.6.4' ],
89 silly audit   '@types/normalize-package-data': [ '2.4.1' ],
89 silly audit   '@types/parse-json': [ '4.0.0' ],
89 silly audit   '@types/qs': [ '6.9.7' ],
89 silly audit   '@types/range-parser': [ '1.2.4' ],
89 silly audit   '@types/retry': [ '0.12.0' ],
89 silly audit   '@types/serve-index': [ '1.9.1' ],
89 silly audit   '@types/serve-static': [ '1.15.0' ],
89 silly audit   '@types/sockjs': [ '0.3.33' ],
89 silly audit   '@types/ws': [ '8.5.3' ],
89 silly audit   '@vue/babel-helper-vue-jsx-merge-props': [ '1.2.1' ],
89 silly audit   '@vue/babel-helper-vue-transform-on': [ '1.0.2' ],
89 silly audit   '@vue/babel-plugin-jsx': [ '1.1.1' ],
89 silly audit   camelcase: [ '6.3.0', '5.3.1' ],
89 silly audit   'html-tags': [ '3.2.0', '2.0.0' ],
89 silly audit   '@vue/babel-plugin-transform-vue-jsx': [ '1.2.1' ],
89 silly audit   '@vue/babel-preset-app': [ '5.0.8' ],
89 silly audit   '@vue/babel-preset-jsx': [ '1.3.1' ],
89 silly audit   '@vue/babel-sugar-composition-api-inject-h': [ '1.3.0' ],
89 silly audit   '@vue/babel-sugar-composition-api-render-instance': [ '1.3.0' ],
89 silly audit   '@vue/babel-sugar-functional-vue': [ '1.2.2' ],
89 silly audit   '@vue/babel-sugar-inject-h': [ '1.2.2' ],
89 silly audit   '@vue/babel-sugar-v-model': [ '1.3.0' ],
89 silly audit   '@vue/babel-sugar-v-on': [ '1.3.0' ],
89 silly audit   '@vue/cli-overlay': [ '5.0.8' ],
89 silly audit   '@vue/cli-plugin-babel': [ '5.0.8' ],
89 silly audit   '@vue/cli-plugin-eslint': [ '5.0.8' ],
89 silly audit   '@vue/cli-plugin-router': [ '5.0.8' ],
89 silly audit   '@vue/cli-plugin-vuex': [ '5.0.8' ],
89 silly audit   '@vue/cli-service': [ '5.0.8' ],
89 silly audit   'hash-sum': [ '2.0.0', '1.0.2' ],
89 silly audit   '@vue/cli-shared-utils': [ '5.0.8' ],
89 silly audit   '@vue/compiler-core': [ '3.2.37' ],
89 silly audit   '@vue/compiler-dom': [ '3.2.37' ],
89 silly audit   '@vue/compiler-sfc': [ '3.2.37' ],
89 silly audit   '@vue/compiler-ssr': [ '3.2.37' ],
89 silly audit   '@vue/component-compiler-utils': [ '3.3.0' ],
89 silly audit   picocolors: [ '0.2.1', '1.0.0' ],
89 silly audit   postcss: [ '7.0.39', '8.4.16' ],
89 silly audit   '@vue/devtools-api': [ '6.2.1' ],
89 silly audit   '@vue/reactivity': [ '3.2.37' ],
89 silly audit   '@vue/reactivity-transform': [ '3.2.37' ],
89 silly audit   '@vue/runtime-core': [ '3.2.37' ],
89 silly audit   '@vue/runtime-dom': [ '3.2.37' ],
89 silly audit   '@vue/server-renderer': [ '3.2.37' ],
89 silly audit   '@vue/shared': [ '3.2.37' ],
89 silly audit   'vue-loader': [ '15.10.0', '17.0.0' ],
89 silly audit   json5: [ '1.0.1', '2.2.1' ],
89 silly audit   'loader-utils': [ '1.4.0', '2.0.2' ],
89 silly audit   '@vue/web-component-wrapper': [ '1.3.0' ],
89 silly audit   '@webassemblyjs/ast': [ '1.11.1' ],
89 silly audit   '@webassemblyjs/floating-point-hex-parser': [ '1.11.1' ],
89 silly audit   '@webassemblyjs/helper-api-error': [ '1.11.1' ],
89 silly audit   '@webassemblyjs/helper-buffer': [ '1.11.1' ],
89 silly audit   '@webassemblyjs/helper-numbers': [ '1.11.1' ],
89 silly audit   '@webassemblyjs/helper-wasm-bytecode': [ '1.11.1' ],
89 silly audit   '@webassemblyjs/helper-wasm-section': [ '1.11.1' ],
89 silly audit   '@webassemblyjs/ieee754': [ '1.11.1' ],
89 silly audit   '@webassemblyjs/leb128': [ '1.11.1' ],
89 silly audit   '@webassemblyjs/utf8': [ '1.11.1' ],
89 silly audit   '@webassemblyjs/wasm-edit': [ '1.11.1' ],
89 silly audit   '@webassemblyjs/wasm-gen': [ '1.11.1' ],
89 silly audit   '@webassemblyjs/wasm-opt': [ '1.11.1' ],
89 silly audit   '@webassemblyjs/wasm-parser': [ '1.11.1' ],
89 silly audit   '@webassemblyjs/wast-printer': [ '1.11.1' ],
89 silly audit   '@xtuc/ieee754': [ '1.2.0' ],
89 silly audit   '@xtuc/long': [ '4.2.2' ],
89 silly audit   abbrev: [ '1.1.1' ],
89 silly audit   accepts: [ '1.3.8' ],
89 silly audit   acorn: [ '8.8.0', '7.4.1' ],
89 silly audit   'acorn-import-assertions': [ '1.8.0' ],
89 silly audit   'acorn-jsx': [ '5.3.2' ],
89 silly audit   'acorn-walk': [ '8.2.0' ],
89 silly audit   address: [ '1.2.0' ],
89 silly audit   'agent-base': [ '6.0.2' ],
89 silly audit   agentkeepalive: [ '4.2.1' ],
89 silly audit   depd: [ '1.1.2', '2.0.0' ],
89 silly audit   'aggregate-error': [ '3.1.0' ],
89 silly audit   ajv: [ '6.12.6', '8.11.0' ],
89 silly audit   'ajv-keywords': [ '3.5.2', '5.1.0' ],
89 silly audit   'ansi-colors': [ '4.1.3' ],
89 silly audit   'ansi-escapes': [ '3.2.0' ],
89 silly audit   'ansi-html-community': [ '0.0.8' ],
89 silly audit   'ansi-regex': [ '5.0.1', '3.0.1' ],
89 silly audit   'any-promise': [ '1.3.0' ],
89 silly audit   anymatch: [ '3.1.2' ],
89 silly audit   aproba: [ '2.0.0' ],
89 silly audit   arch: [ '2.2.0' ],
89 silly audit   'are-we-there-yet': [ '2.0.0', '3.0.1' ],
89 silly audit   argparse: [ '1.0.10' ],
89 silly audit   'array-flatten': [ '1.1.1', '2.1.2' ],
89 silly audit   'array-union': [ '2.1.0' ],
89 silly audit   arrify: [ '1.0.1' ],
89 silly audit   asn1: [ '0.2.6' ],
89 silly audit   'assert-plus': [ '1.0.0' ],
89 silly audit   'astral-regex': [ '2.0.0' ],
89 silly audit   async: [ '2.6.4' ],
89 silly audit   'async-foreach': [ '0.1.3' ],
89 silly audit   asynckit: [ '0.4.0' ],
89 silly audit   'at-least-node': [ '1.0.0' ],
89 silly audit   autoprefixer: [ '10.4.8' ],
89 silly audit   'aws-sign2': [ '0.7.0' ],
89 silly audit   aws4: [ '1.11.0' ],
89 silly audit   'babel-loader': [ '8.2.5' ],
89 silly audit   'schema-utils': [ '2.7.1', '3.1.1', '4.0.0' ],
89 silly audit   'babel-plugin-dynamic-import-node': [ '2.3.3' ],
89 silly audit   'babel-plugin-polyfill-corejs2': [ '0.3.2' ],
89 silly audit   'babel-plugin-polyfill-corejs3': [ '0.5.3' ],
89 silly audit   'babel-plugin-polyfill-regenerator': [ '0.4.0' ],
89 silly audit   'balanced-match': [ '1.0.2' ],
89 silly audit   'base64-js': [ '1.5.1' ],
89 silly audit   batch: [ '0.6.1' ],
89 silly audit   'bcrypt-pbkdf': [ '1.0.2' ],
89 silly audit   'big.js': [ '5.2.2' ],
89 silly audit   'binary-extensions': [ '2.2.0' ],
89 silly audit   bl: [ '4.1.0' ],
89 silly audit   bluebird: [ '3.7.2' ],
89 silly audit   'body-parser': [ '1.20.0' ],
89 silly audit   debug: [ '2.6.9', '4.3.4', '3.2.7' ],
89 silly audit   ms: [ '2.0.0', '2.1.2', '2.1.3' ],
89 silly audit   'bonjour-service': [ '1.0.13' ],
89 silly audit   boolbase: [ '1.0.0' ],
89 silly audit   'brace-expansion': [ '1.1.11' ],
89 silly audit   braces: [ '3.0.2' ],
89 silly audit   browserslist: [ '4.21.3' ],
89 silly audit   buffer: [ '5.7.1' ],
89 silly audit   'buffer-from': [ '1.1.2' ],
89 silly audit   bytes: [ '3.1.2', '3.0.0' ],
89 silly audit   cacache: [ '15.3.0' ],
89 silly audit   'call-bind': [ '1.0.2' ],
89 silly audit   callsites: [ '3.1.0' ],
89 silly audit   'camel-case': [ '4.1.2' ],
89 silly audit   'camelcase-keys': [ '6.2.2' ],
89 silly audit   'caniuse-api': [ '3.0.0' ],
89 silly audit   'caniuse-lite': [ '1.0.30001374' ],
89 silly audit   'case-sensitive-paths-webpack-plugin': [ '2.4.0' ],
89 silly audit   caseless: [ '0.12.0' ],
89 silly audit   chokidar: [ '3.5.3' ],
89 silly audit   chownr: [ '2.0.0' ],
89 silly audit   'chrome-trace-event': [ '1.0.3' ],
89 silly audit   'ci-info': [ '1.6.0' ],
89 silly audit   'clean-css': [ '5.3.1' ],
89 silly audit   'clean-stack': [ '2.2.0' ],
89 silly audit   'cli-cursor': [ '2.1.0', '3.1.0' ],
89 silly audit   'cli-highlight': [ '2.1.11' ],
89 silly audit   'cli-spinners': [ '2.7.0' ],
89 silly audit   clipboardy: [ '2.3.0' ],
89 silly audit   cliui: [ '7.0.4' ],
89 silly audit   clone: [ '1.0.4' ],
89 silly audit   'clone-deep': [ '4.0.1' ],
89 silly audit   'color-support': [ '1.1.3' ],
89 silly audit   colord: [ '2.9.2' ],
89 silly audit   colorette: [ '2.0.19' ],
89 silly audit   'combined-stream': [ '1.0.8' ],
89 silly audit   commander: [ '7.2.0', '8.3.0', '2.20.3' ],
89 silly audit   commondir: [ '1.0.1' ],
89 silly audit   compressible: [ '2.0.18' ],
89 silly audit   compression: [ '1.7.4' ],
89 silly audit   'safe-buffer': [ '5.1.2', '5.2.1' ],
89 silly audit   'concat-map': [ '0.0.1' ],
89 silly audit   'connect-history-api-fallback': [ '2.0.0' ],
89 silly audit   'console-control-strings': [ '1.1.0' ],
89 silly audit   consolidate: [ '0.15.1' ],
89 silly audit   'content-disposition': [ '0.5.4' ],
89 silly audit   'content-type': [ '1.0.4' ],
89 silly audit   'convert-source-map': [ '1.8.0' ],
89 silly audit   cookie: [ '0.5.0' ],
89 silly audit   'cookie-signature': [ '1.0.6' ],
89 silly audit   'copy-webpack-plugin': [ '9.1.0' ],
89 silly audit   'glob-parent': [ '6.0.2', '5.1.2' ],
89 silly audit   'core-js': [ '3.24.1' ],
89 silly audit   'core-js-compat': [ '3.24.1' ],
89 silly audit   'core-util-is': [ '1.0.3', '1.0.2' ],
89 silly audit   cosmiconfig: [ '7.0.1' ],
89 silly audit   'cross-spawn': [ '7.0.3', '6.0.5', '5.1.0' ],
89 silly audit   'path-key': [ '3.1.1', '2.0.1' ],
89 silly audit   'shebang-command': [ '2.0.0', '1.2.0' ],
89 silly audit   'shebang-regex': [ '3.0.0', '1.0.0' ],
89 silly audit   which: [ '2.0.2', '1.3.1' ],
89 silly audit   'css-declaration-sorter': [ '6.3.0' ],
89 silly audit   'css-loader': [ '6.7.1' ],
89 silly audit   'css-minimizer-webpack-plugin': [ '3.4.1' ],
89 silly audit   'css-select': [ '4.3.0' ],
89 silly audit   'css-tree': [ '1.1.3' ],
89 silly audit   'css-what': [ '6.1.0' ],
89 silly audit   cssesc: [ '3.0.0' ],
89 silly audit   cssnano: [ '5.1.12' ],
89 silly audit   'cssnano-preset-default': [ '5.2.12' ],
89 silly audit   'cssnano-utils': [ '3.1.0' ],
89 silly audit   csso: [ '4.2.0' ],
89 silly audit   csstype: [ '2.6.20' ],
89 silly audit   dashdash: [ '1.14.1' ],
89 silly audit   decamelize: [ '1.2.0' ],
89 silly audit   'decamelize-keys': [ '1.1.0' ],
89 silly audit   'map-obj': [ '1.0.1', '4.3.0' ],
89 silly audit   'deep-is': [ '0.1.4' ],
89 silly audit   deepmerge: [ '1.5.2' ],
89 silly audit   'default-gateway': [ '6.0.3' ],
89 silly audit   execa: [ '5.1.1', '1.0.0', '0.8.0' ],
89 silly audit   'get-stream': [ '6.0.1', '4.1.0', '3.0.0' ],
89 silly audit   'is-stream': [ '2.0.1', '1.1.0' ],
89 silly audit   'npm-run-path': [ '4.0.1', '2.0.2' ],
89 silly audit   defaults: [ '1.0.3' ],
89 silly audit   'define-lazy-prop': [ '2.0.0' ],
89 silly audit   'define-properties': [ '1.1.4' ],
89 silly audit   'delayed-stream': [ '1.0.0' ],
89 silly audit   delegates: [ '1.0.0' ],
89 silly audit   destroy: [ '1.2.0' ],
89 silly audit   'detect-node': [ '2.1.0' ],
89 silly audit   'dir-glob': [ '3.0.1' ],
89 silly audit   'dns-equal': [ '1.0.0' ],
89 silly audit   'dns-packet': [ '5.4.0' ],
89 silly audit   doctrine: [ '3.0.0' ],
89 silly audit   'dom-converter': [ '0.2.0' ],
89 silly audit   'dom-serializer': [ '1.4.1' ],
89 silly audit   domelementtype: [ '2.3.0' ],
89 silly audit   domhandler: [ '4.3.1' ],
89 silly audit   domutils: [ '2.8.0' ],
89 silly audit   'dot-case': [ '3.0.4' ],
89 silly audit   dotenv: [ '10.0.0' ],
89 silly audit   'dotenv-expand': [ '5.1.0' ],
89 silly audit   duplexer: [ '0.1.2' ],
89 silly audit   'easy-stack': [ '1.0.1' ],
89 silly audit   'ecc-jsbn': [ '0.1.2' ],
89 silly audit   'ee-first': [ '1.1.1' ],
89 silly audit   'electron-to-chromium': [ '1.4.211' ],
89 silly audit   'emoji-regex': [ '8.0.0' ],
89 silly audit   'emojis-list': [ '3.0.0' ],
89 silly audit   encodeurl: [ '1.0.2' ],
89 silly audit   encoding: [ '0.1.13' ],
89 silly audit   'iconv-lite': [ '0.6.3', '0.4.24' ],
89 silly audit   'end-of-stream': [ '1.4.4' ],
89 silly audit   'enhanced-resolve': [ '5.10.0' ],
89 silly audit   enquirer: [ '2.3.6' ],
89 silly audit   entities: [ '2.2.0' ],
89 silly audit   'env-paths': [ '2.2.1' ],
89 silly audit   'err-code': [ '2.0.3' ],
89 silly audit   'error-ex': [ '1.3.2' ],
89 silly audit   'error-stack-parser': [ '2.1.4' ],
89 silly audit   'es-module-lexer': [ '0.9.3' ],
89 silly audit   escalade: [ '3.1.1' ],
89 silly audit   'escape-html': [ '1.0.3' ],
89 silly audit   'escape-string-regexp': [ '1.0.5', '4.0.0' ],
89 silly audit   eslint: [ '7.32.0' ],
89 silly audit   'eslint-plugin-vue': [ '8.7.1' ],
89 silly audit   'eslint-utils': [ '3.0.0', '2.1.0' ],
89 silly audit   'eslint-scope': [ '5.1.1', '7.1.1' ],
89 silly audit   estraverse: [ '4.3.0', '5.3.0' ],
89 silly audit   'eslint-visitor-keys': [ '1.3.0', '2.1.0', '3.3.0' ],
89 silly audit   'eslint-webpack-plugin': [ '3.2.0' ],
89 silly audit   'jest-worker': [ '28.1.3', '27.5.1' ],
89 silly audit   espree: [ '7.3.1', '9.3.3' ],
89 silly audit   esprima: [ '4.0.1' ],
89 silly audit   esquery: [ '1.4.0' ],
89 silly audit   esrecurse: [ '4.3.0' ],
89 silly audit   'estree-walker': [ '2.0.2' ],
89 silly audit   esutils: [ '2.0.3' ],
89 silly audit   etag: [ '1.8.1' ],
89 silly audit   'event-pubsub': [ '4.3.0' ],
89 silly audit   eventemitter3: [ '4.0.7' ],
89 silly audit   events: [ '3.3.0' ],
89 silly audit   express: [ '4.18.1' ],
89 silly audit   extend: [ '3.0.2' ],
89 silly audit   extsprintf: [ '1.3.0' ],
89 silly audit   'fast-deep-equal': [ '3.1.3' ],
89 silly audit   'fast-glob': [ '3.2.11' ],
89 silly audit   'fast-json-stable-stringify': [ '2.1.0' ],
89 silly audit   'fast-levenshtein': [ '2.0.6' ],
89 silly audit   fastq: [ '1.13.0' ],
89 silly audit   'faye-websocket': [ '0.11.4' ],
89 silly audit   figures: [ '2.0.0' ],
89 silly audit   'file-entry-cache': [ '6.0.1' ],
89 silly audit   'fill-range': [ '7.0.1' ],
89 silly audit   finalhandler: [ '1.2.0' ],
89 silly audit   'find-cache-dir': [ '3.3.2' ],
89 silly audit   'find-up': [ '4.1.0' ],
89 silly audit   'flat-cache': [ '3.0.4' ],
89 silly audit   flatted: [ '3.2.6' ],
89 silly audit   'follow-redirects': [ '1.15.1' ],
89 silly audit   'forever-agent': [ '0.6.1' ],
89 silly audit   'form-data': [ '2.3.3' ],
89 silly audit   forwarded: [ '0.2.0' ],
89 silly audit   'fraction.js': [ '4.2.0' ],
89 silly audit   fresh: [ '0.5.2' ],
89 silly audit   'fs-extra': [ '9.1.0' ],
89 silly audit   'fs-minipass': [ '2.1.0' ],
89 silly audit   'fs-monkey': [ '1.0.3' ],
89 silly audit   'fs.realpath': [ '1.0.0' ],
89 silly audit   'function-bind': [ '1.1.1' ],
89 silly audit   'functional-red-black-tree': [ '1.0.1' ],
89 silly audit   gauge: [ '3.0.2', '4.0.4' ],
89 silly audit   gaze: [ '1.1.3' ],
89 silly audit   gensync: [ '1.0.0-beta.2' ],
89 silly audit   'get-caller-file': [ '2.0.5' ],
89 silly audit   'get-intrinsic': [ '1.1.2' ],
89 silly audit   'get-stdin': [ '4.0.1' ],
89 silly audit   getpass: [ '0.1.7' ],
89 silly audit   glob: [ '7.2.3', '7.1.7' ],
89 silly audit   'glob-to-regexp': [ '0.4.1' ],
89 silly audit   globby: [ '11.1.0' ],
89 silly audit   ignore: [ '5.2.0', '4.0.6' ],
89 silly audit   globule: [ '1.3.4' ],
89 silly audit   minimatch: [ '3.0.8', '3.1.2' ],
89 silly audit   'graceful-fs': [ '4.2.10' ],
89 silly audit   'gzip-size': [ '6.0.0' ],
89 silly audit   'handle-thing': [ '2.0.1' ],
89 silly audit   'har-schema': [ '2.0.0' ],
89 silly audit   'har-validator': [ '5.1.5' ],
89 silly audit   'hard-rejection': [ '2.1.0' ],
89 silly audit   has: [ '1.0.3' ],
89 silly audit   'has-property-descriptors': [ '1.0.0' ],
89 silly audit   'has-symbols': [ '1.0.3' ],
89 silly audit   'has-unicode': [ '2.0.1' ],
89 silly audit   he: [ '1.2.0' ],
89 silly audit   'highlight.js': [ '10.7.3' ],
89 silly audit   'hosted-git-info': [ '2.8.9', '4.1.0' ],
89 silly audit   'hpack.js': [ '2.1.6' ],
89 silly audit   'readable-stream': [ '2.3.7', '3.6.0' ],
89 silly audit   string_decoder: [ '1.1.1', '1.3.0' ],
89 silly audit   'html-entities': [ '2.3.3' ],
89 silly audit   'html-minifier-terser': [ '6.1.0' ],
89 silly audit   'html-webpack-plugin': [ '5.5.0' ],
89 silly audit   htmlparser2: [ '6.1.0' ],
89 silly audit   'http-cache-semantics': [ '4.1.0' ],
89 silly audit   'http-deceiver': [ '1.2.7' ],
89 silly audit   'http-errors': [ '2.0.0', '1.6.3' ],
89 silly audit   'http-parser-js': [ '0.5.8' ],
89 silly audit   'http-proxy': [ '1.18.1' ],
89 silly audit   'http-proxy-agent': [ '4.0.1' ],
89 silly audit   'http-proxy-middleware': [ '2.0.6' ],
89 silly audit   'http-signature': [ '1.2.0' ],
89 silly audit   'https-proxy-agent': [ '5.0.1' ],
89 silly audit   'human-signals': [ '2.1.0' ],
89 silly audit   'humanize-ms': [ '1.2.1' ],
89 silly audit   'icss-utils': [ '5.1.0' ],
89 silly audit   ieee754: [ '1.2.1' ],
89 silly audit   'import-fresh': [ '3.3.0' ],
89 silly audit   imurmurhash: [ '0.1.4' ],
89 silly audit   'indent-string': [ '4.0.0' ],
89 silly audit   'infer-owner': [ '1.0.4' ],
89 silly audit   inflight: [ '1.0.6' ],
89 silly audit   inherits: [ '2.0.4', '2.0.3' ],
89 silly audit   ip: [ '2.0.0' ],
89 silly audit   'ipaddr.js': [ '2.0.1', '1.9.1' ],
89 silly audit   'is-arrayish': [ '0.2.1' ],
89 silly audit   'is-binary-path': [ '2.1.0' ],
89 silly audit   'is-ci': [ '1.2.1' ],
89 silly audit   'is-core-module': [ '2.10.0' ],
89 silly audit   'is-docker': [ '2.2.1' ],
89 silly audit   'is-extglob': [ '2.1.1' ],
89 silly audit   'is-file-esm': [ '1.0.0' ],
89 silly audit   'is-fullwidth-code-point': [ '3.0.0', '2.0.0' ],
89 silly audit   'is-glob': [ '4.0.3' ],
89 silly audit   'is-interactive': [ '1.0.0' ],
89 silly audit   'is-lambda': [ '1.0.1' ],
89 silly audit   'is-number': [ '7.0.0' ],
89 silly audit   'is-plain-obj': [ '3.0.0', '1.1.0' ],
89 silly audit   'is-plain-object': [ '2.0.4' ],
89 silly audit   'is-typedarray': [ '1.0.0' ],
89 silly audit   'is-unicode-supported': [ '0.1.0' ],
89 silly audit   'is-wsl': [ '2.2.0' ],
89 silly audit   isarray: [ '1.0.0' ],
89 silly audit   isexe: [ '2.0.0' ],
89 silly audit   isobject: [ '3.0.1' ],
89 silly audit   isstream: [ '0.1.2' ],
89 silly audit   'javascript-stringify': [ '2.1.0' ],
89 silly audit   joi: [ '17.6.0' ],
89 silly audit   'js-base64': [ '2.6.4' ],
89 silly audit   'js-message': [ '1.0.7' ],
89 silly audit   'js-tokens': [ '4.0.0' ],
89 silly audit   'js-yaml': [ '3.14.1' ],
89 silly audit   jsbn: [ '0.1.1' ],
89 silly audit   jsesc: [ '2.5.2', '0.5.0' ],
89 silly audit   'json-parse-better-errors': [ '1.0.2' ],
89 silly audit   'json-parse-even-better-errors': [ '2.3.1' ],
89 silly audit   'json-schema': [ '0.4.0' ],
89 silly audit   'json-schema-traverse': [ '0.4.1', '1.0.0' ],
89 silly audit   'json-stable-stringify-without-jsonify': [ '1.0.1' ],
89 silly audit   'json-stringify-safe': [ '5.0.1' ],
89 silly audit   jsonfile: [ '6.1.0' ],
89 silly audit   jsprim: [ '1.4.2' ],
89 silly audit   'kind-of': [ '6.0.3' ],
89 silly audit   klona: [ '2.0.5' ],
89 silly audit   'launch-editor': [ '2.5.0' ],
89 silly audit   'launch-editor-middleware': [ '2.5.0' ],
89 silly audit   levn: [ '0.4.1' ],
89 silly audit   lilconfig: [ '2.0.6' ],
89 silly audit   'lines-and-columns': [ '1.2.4' ],
89 silly audit   'loader-runner': [ '4.3.0' ],
89 silly audit   'locate-path': [ '5.0.0' ],
89 silly audit   lodash: [ '4.17.21' ],
89 silly audit   'lodash.debounce': [ '4.0.8' ],
89 silly audit   'lodash.defaultsdeep': [ '4.6.1' ],
89 silly audit   'lodash.kebabcase': [ '4.1.1' ],
89 silly audit   'lodash.mapvalues': [ '4.6.0' ],
89 silly audit   'lodash.memoize': [ '4.1.2' ],
89 silly audit   'lodash.merge': [ '4.6.2' ],
89 silly audit   'lodash.truncate': [ '4.4.2' ],
89 silly audit   'lodash.uniq': [ '4.5.0' ],
89 silly audit   'log-symbols': [ '4.1.0' ],
89 silly audit   'log-update': [ '2.3.0' ],
89 silly audit   'string-width': [ '2.1.1', '4.2.3' ],
89 silly audit   'strip-ansi': [ '4.0.0', '6.0.1' ],
89 silly audit   'wrap-ansi': [ '3.0.1', '7.0.0' ],
89 silly audit   'lower-case': [ '2.0.2' ],
89 silly audit   yallist: [ '2.1.2', '4.0.0' ],
89 silly audit   'magic-string': [ '0.25.9' ],
89 silly audit   'make-dir': [ '3.1.0' ],
89 silly audit   'make-fetch-happen': [ '9.1.0' ],
89 silly audit   'mdn-data': [ '2.0.14' ],
89 silly audit   'media-typer': [ '0.3.0' ],
89 silly audit   memfs: [ '3.4.7' ],
89 silly audit   meow: [ '9.0.0' ],
89 silly audit   'normalize-package-data': [ '3.0.3', '2.5.0' ],
89 silly audit   'type-fest': [ '0.18.1', '0.8.1', '0.6.0', '0.20.2' ],
89 silly audit   'merge-descriptors': [ '1.0.1' ],
89 silly audit   'merge-source-map': [ '1.1.0' ],
89 silly audit   'merge-stream': [ '2.0.0' ],
89 silly audit   merge2: [ '1.4.1' ],
89 silly audit   methods: [ '1.1.2' ],
89 silly audit   micromatch: [ '4.0.5' ],
89 silly audit   mime: [ '1.6.0' ],
89 silly audit   'mime-db': [ '1.52.0' ],
89 silly audit   'mime-types': [ '2.1.35' ],
89 silly audit   'mimic-fn': [ '2.1.0', '1.2.0' ],
89 silly audit   'min-indent': [ '1.0.1' ],
89 silly audit   'mini-css-extract-plugin': [ '2.6.1' ],
89 silly audit   'minimalistic-assert': [ '1.0.1' ],
89 silly audit   minimist: [ '1.2.6' ],
89 silly audit   'minimist-options': [ '4.1.0' ],
89 silly audit   minipass: [ '3.3.4' ],
89 silly audit   'minipass-collect': [ '1.0.2' ],
89 silly audit   'minipass-fetch': [ '1.4.1' ],
89 silly audit   'minipass-flush': [ '1.0.5' ],
89 silly audit   'minipass-pipeline': [ '1.2.4' ],
89 silly audit   'minipass-sized': [ '1.0.3' ],
89 silly audit   minizlib: [ '2.1.2' ],
89 silly audit   'module-alias': [ '2.2.2' ],
89 silly audit   mrmime: [ '1.0.1' ],
89 silly audit   'multicast-dns': [ '7.2.5' ],
89 silly audit   mz: [ '2.7.0' ],
89 silly audit   nan: [ '2.16.0' ],
89 silly audit   nanoid: [ '3.3.4' ],
89 silly audit   'natural-compare': [ '1.4.0' ],
89 silly audit   negotiator: [ '0.6.3' ],
89 silly audit   'neo-async': [ '2.6.2' ],
89 silly audit   'nice-try': [ '1.0.5' ],
89 silly audit   'no-case': [ '3.0.4' ],
89 silly audit   'node-fetch': [ '2.6.7' ],
89 silly audit   'node-forge': [ '1.3.1' ],
89 silly audit   'node-gyp': [ '8.4.1' ],
89 silly audit   npmlog: [ '6.0.2', '5.0.1' ],
89 silly audit   'node-releases': [ '2.0.6' ],
89 silly audit   nopt: [ '5.0.0' ],
89 silly audit   'normalize-path': [ '3.0.0', '1.0.0' ],
89 silly audit   'normalize-range': [ '0.1.2' ],
89 silly audit   'normalize-url': [ '6.1.0' ],
89 silly audit   'nth-check': [ '2.1.1' ],
89 silly audit   'oauth-sign': [ '0.9.0' ],
89 silly audit   'object-assign': [ '4.1.1' ],
89 silly audit   'object-inspect': [ '1.12.2' ],
89 silly audit   'object-keys': [ '1.1.1' ],
89 silly audit   'object.assign': [ '4.1.3' ],
89 silly audit   obuf: [ '1.1.2' ],
89 silly audit   'on-finished': [ '2.4.1' ],
89 silly audit   'on-headers': [ '1.0.2' ],
89 silly audit   once: [ '1.4.0' ],
89 silly audit   onetime: [ '5.1.2', '2.0.1' ],
89 silly audit   open: [ '8.4.0' ],
89 silly audit   opener: [ '1.5.2' ],
89 silly audit   optionator: [ '0.9.1' ],
89 silly audit   ora: [ '5.4.1' ],
89 silly audit   'restore-cursor': [ '3.1.0', '2.0.0' ],
89 silly audit   'p-finally': [ '1.0.0' ],
89 silly audit   'p-limit': [ '2.3.0' ],
89 silly audit   'p-locate': [ '4.1.0' ],
89 silly audit   'p-map': [ '4.0.0' ],
89 silly audit   'p-retry': [ '4.6.2' ],
89 silly audit   'p-try': [ '2.2.0' ],
89 silly audit   'param-case': [ '3.0.4' ],
89 silly audit   'parent-module': [ '1.0.1' ],
89 silly audit   'parse-json': [ '5.2.0' ],
89 silly audit   parse5: [ '5.1.1', '6.0.1' ],
89 silly audit   'parse5-htmlparser2-tree-adapter': [ '6.0.1' ],
89 silly audit   parseurl: [ '1.3.3' ],
89 silly audit   'pascal-case': [ '3.1.2' ],
89 silly audit   'path-exists': [ '4.0.0' ],
89 silly audit   'path-is-absolute': [ '1.0.1' ],
89 silly audit   'path-parse': [ '1.0.7' ],
89 silly audit   'path-to-regexp': [ '0.1.7' ],
89 silly audit   'path-type': [ '4.0.0' ],
89 silly audit   'performance-now': [ '2.1.0' ],
89 silly audit   picomatch: [ '2.3.1' ],
89 silly audit   'pkg-dir': [ '4.2.0' ],
89 silly audit   portfinder: [ '1.0.29' ],
89 silly audit   'postcss-calc': [ '8.2.4' ],
89 silly audit   'postcss-colormin': [ '5.3.0' ],
89 silly audit   'postcss-convert-values': [ '5.1.2' ],
89 silly audit   'postcss-discard-comments': [ '5.1.2' ],
89 silly audit   'postcss-discard-duplicates': [ '5.1.0' ],
89 silly audit   'postcss-discard-empty': [ '5.1.1' ],
89 silly audit   'postcss-discard-overridden': [ '5.1.0' ],
89 silly audit   'postcss-loader': [ '6.2.1' ],
89 silly audit   'postcss-merge-longhand': [ '5.1.6' ],
89 silly audit   'postcss-merge-rules': [ '5.1.2' ],
89 silly audit   'postcss-minify-font-values': [ '5.1.0' ],
89 silly audit   'postcss-minify-gradients': [ '5.1.1' ],
89 silly audit   'postcss-minify-params': [ '5.1.3' ],
89 silly audit   'postcss-minify-selectors': [ '5.2.1' ],
89 silly audit   'postcss-modules-extract-imports': [ '3.0.0' ],
89 silly audit   'postcss-modules-local-by-default': [ '4.0.0' ],
89 silly audit   'postcss-modules-scope': [ '3.0.0' ],
89 silly audit   'postcss-modules-values': [ '4.0.0' ],
89 silly audit   'postcss-normalize-charset': [ '5.1.0' ],
89 silly audit   'postcss-normalize-display-values': [ '5.1.0' ],
89 silly audit   'postcss-normalize-positions': [ '5.1.1' ],
89 silly audit   'postcss-normalize-repeat-style': [ '5.1.1' ],
89 silly audit   'postcss-normalize-string': [ '5.1.0' ],
89 silly audit   'postcss-normalize-timing-functions': [ '5.1.0' ],
89 silly audit   'postcss-normalize-unicode': [ '5.1.0' ],
89 silly audit   'postcss-normalize-url': [ '5.1.0' ],
89 silly audit   'postcss-normalize-whitespace': [ '5.1.1' ],
89 silly audit   'postcss-ordered-values': [ '5.1.3' ],
89 silly audit   'postcss-reduce-initial': [ '5.1.0' ],
89 silly audit   'postcss-reduce-transforms': [ '5.1.0' ],
89 silly audit   'postcss-selector-parser': [ '6.0.10' ],
89 silly audit   'postcss-svgo': [ '5.1.0' ],
89 silly audit   'postcss-unique-selectors': [ '5.1.1' ],
89 silly audit   'postcss-value-parser': [ '4.2.0' ],
89 silly audit   'prelude-ls': [ '1.2.1' ],
89 silly audit   prettier: [ '2.7.1' ],
89 silly audit   'pretty-error': [ '4.0.0' ],
89 silly audit   'process-nextick-args': [ '2.0.1' ],
89 silly audit   progress: [ '2.0.3' ],
89 silly audit   'progress-webpack-plugin': [ '1.0.16' ],
89 silly audit   'promise-inflight': [ '1.0.1' ],
89 silly audit   'promise-retry': [ '2.0.1' ],
89 silly audit   retry: [ '0.12.0', '0.13.1' ],
89 silly audit   'proxy-addr': [ '2.0.7' ],
89 silly audit   pseudomap: [ '1.0.2' ],
89 silly audit   psl: [ '1.9.0' ],
89 silly audit   pump: [ '3.0.0' ],
89 silly audit   punycode: [ '2.1.1' ],
89 silly audit   qs: [ '6.10.3', '6.5.3' ],
89 silly audit   'queue-microtask': [ '1.2.3' ],
89 silly audit   'quick-lru': [ '4.0.1' ],
89 silly audit   randombytes: [ '2.1.0' ],
89 silly audit   'range-parser': [ '1.2.1' ],
89 silly audit   'raw-body': [ '2.5.1' ],
89 silly audit   'read-pkg': [ '5.2.0' ],
89 silly audit   'read-pkg-up': [ '7.0.1' ],
89 silly audit   readdirp: [ '3.6.0' ],
89 silly audit   redent: [ '3.0.0' ],
89 silly audit   'strip-indent': [ '3.0.0', '2.0.0' ],
89 silly audit   regenerate: [ '1.4.2' ],
89 silly audit   'regenerate-unicode-properties': [ '10.0.1' ],
89 silly audit   'regenerator-runtime': [ '0.13.9' ],
89 silly audit   'regenerator-transform': [ '0.15.0' ],
89 silly audit   regexpp: [ '3.2.0' ],
89 silly audit   'regexpu-core': [ '5.1.0' ],
89 silly audit   regjsgen: [ '0.6.0' ],
89 silly audit   regjsparser: [ '0.8.4' ],
89 silly audit   relateurl: [ '0.2.7' ],
89 silly audit   renderkid: [ '3.0.0' ],
89 silly audit   request: [ '2.88.2' ],
89 silly audit   uuid: [ '3.4.0', '8.3.2' ],
89 silly audit   'require-directory': [ '2.1.1' ],
89 silly audit   'require-from-string': [ '2.0.2' ],
89 silly audit   'requires-port': [ '1.0.0' ],
89 silly audit   resolve: [ '1.22.1' ],
89 silly audit   'resolve-from': [ '4.0.0' ],
89 silly audit   reusify: [ '1.0.4' ],
89 silly audit   rimraf: [ '3.0.2' ],
89 silly audit   'run-parallel': [ '1.2.0' ],
89 silly audit   'safer-buffer': [ '2.1.2' ],
89 silly audit   'sass-graph': [ '4.0.0' ],
89 silly audit   yargs: [ '17.5.1', '16.2.0' ],
89 silly audit   'yargs-parser': [ '21.1.1', '20.2.9' ],
89 silly audit   'sass-loader': [ '13.0.2' ],
89 silly audit   'ajv-formats': [ '2.1.1' ],
89 silly audit   'scss-tokenizer': [ '0.3.0' ],
89 silly audit   'source-map': [ '0.7.4', '0.6.1' ],
89 silly audit   'select-hose': [ '2.0.0' ],
89 silly audit   selfsigned: [ '2.0.1' ],
89 silly audit   send: [ '0.18.0' ],
89 silly audit   'serialize-javascript': [ '6.0.0' ],
89 silly audit   'serve-index': [ '1.9.1' ],
89 silly audit   setprototypeof: [ '1.1.0', '1.2.0' ],
89 silly audit   statuses: [ '1.5.0', '2.0.1' ],
89 silly audit   'serve-static': [ '1.15.0' ],
89 silly audit   'set-blocking': [ '2.0.0' ],
89 silly audit   'shallow-clone': [ '3.0.1' ],
89 silly audit   'shell-quote': [ '1.7.3' ],
89 silly audit   'side-channel': [ '1.0.4' ],
89 silly audit   'signal-exit': [ '3.0.7' ],
89 silly audit   sirv: [ '1.0.19' ],
89 silly audit   slash: [ '3.0.0' ],
89 silly audit   'slice-ansi': [ '4.0.0' ],
89 silly audit   'smart-buffer': [ '4.2.0' ],
89 silly audit   sockjs: [ '0.3.24' ],
89 silly audit   socks: [ '2.7.0' ],
89 silly audit   'socks-proxy-agent': [ '6.2.1' ],
89 silly audit   'source-map-js': [ '1.0.2' ],
89 silly audit   'source-map-support': [ '0.5.21' ],
89 silly audit   'sourcemap-codec': [ '1.4.8' ],
89 silly audit   'spdx-correct': [ '3.1.1' ],
89 silly audit   'spdx-exceptions': [ '2.3.0' ],
89 silly audit   'spdx-expression-parse': [ '3.0.1' ],
89 silly audit   'spdx-license-ids': [ '3.0.11' ],
89 silly audit   spdy: [ '4.0.2' ],
89 silly audit   'spdy-transport': [ '3.0.0' ],
89 silly audit   'sprintf-js': [ '1.0.3' ],
89 silly audit   sshpk: [ '1.17.0' ],
89 silly audit   ssri: [ '8.0.1' ],
89 silly audit   stable: [ '0.1.8' ],
89 silly audit   stackframe: [ '1.3.4' ],
89 silly audit   'stdout-stream': [ '1.4.1' ],
89 silly audit   'strip-eof': [ '1.0.0' ],
89 silly audit   'strip-final-newline': [ '2.0.0' ],
89 silly audit   'strip-json-comments': [ '3.1.1' ],
89 silly audit   stylehacks: [ '5.1.0' ],
89 silly audit   'supports-preserve-symlinks-flag': [ '1.0.0' ],
89 silly audit   'svg-tags': [ '1.0.0' ],
89 silly audit   svgo: [ '2.8.0' ],
89 silly audit   table: [ '6.8.0' ],
89 silly audit   tapable: [ '2.2.1' ],
89 silly audit   tar: [ '6.1.11' ],
89 silly audit   terser: [ '5.14.2' ],
89 silly audit   'terser-webpack-plugin': [ '5.3.3' ],
89 silly audit   'text-table': [ '0.2.0' ],
89 silly audit   thenify: [ '3.3.1' ],
89 silly audit   'thenify-all': [ '1.6.0' ],
89 silly audit   'thread-loader': [ '3.0.4' ],
89 silly audit   thunky: [ '1.1.0' ],
89 silly audit   'to-fast-properties': [ '2.0.0' ],
89 silly audit   'to-regex-range': [ '5.0.1' ],
89 silly audit   toidentifier: [ '1.0.1' ],
89 silly audit   totalist: [ '1.1.0' ],
89 silly audit   'tough-cookie': [ '2.5.0' ],
89 silly audit   tr46: [ '0.0.3' ],
89 silly audit   'trim-newlines': [ '3.0.1' ],
89 silly audit   'true-case-path': [ '1.0.3' ],
89 silly audit   tslib: [ '2.4.0' ],
89 silly audit   'tunnel-agent': [ '0.6.0' ],
89 silly audit   tweetnacl: [ '0.14.5' ],
89 silly audit   'type-check': [ '0.4.0' ],
89 silly audit   'type-is': [ '1.6.18' ],
89 silly audit   'unicode-canonical-property-names-ecmascript': [ '2.0.0' ],
89 silly audit   'unicode-match-property-ecmascript': [ '2.0.0' ],
89 silly audit   'unicode-match-property-value-ecmascript': [ '2.0.0' ],
89 silly audit   'unicode-property-aliases-ecmascript': [ '2.0.0' ],
89 silly audit   'unique-filename': [ '1.1.1' ],
89 silly audit   'unique-slug': [ '2.0.2' ],
89 silly audit   universalify: [ '2.0.0' ],
89 silly audit   unpipe: [ '1.0.0' ],
89 silly audit   'update-browserslist-db': [ '1.0.5' ],
89 silly audit   'uri-js': [ '4.4.1' ],
89 silly audit   'util-deprecate': [ '1.0.2' ],
89 silly audit   utila: [ '0.4.0' ],
89 silly audit   'utils-merge': [ '1.0.1' ],
89 silly audit   'v8-compile-cache': [ '2.3.0' ],
89 silly audit   'validate-npm-package-license': [ '3.0.4' ],
89 silly audit   vary: [ '1.1.2' ],
89 silly audit   verror: [ '1.10.0' ],
89 silly audit   vue: [ '3.2.37' ],
89 silly audit   'vue-eslint-parser': [ '8.3.0' ],
89 silly audit   'vue-hot-reload-api': [ '2.3.4' ],
89 silly audit   'vue-router': [ '4.1.3' ],
89 silly audit   'vue-style-loader': [ '4.1.3' ],
89 silly audit   'vue-template-es2015-compiler': [ '1.9.1' ],
89 silly audit   watchpack: [ '2.4.0' ],
89 silly audit   wbuf: [ '1.7.3' ],
89 silly audit   wcwidth: [ '1.0.1' ],
89 silly audit   'webidl-conversions': [ '3.0.1' ],
89 silly audit   webpack: [ '5.74.0' ],
89 silly audit   'webpack-bundle-analyzer': [ '4.5.0' ],
89 silly audit   'webpack-chain': [ '6.5.1' ],
89 silly audit   'webpack-dev-middleware': [ '5.3.3' ],
89 silly audit   'webpack-dev-server': [ '4.9.3' ],
89 silly audit   ws: [ '8.8.1', '7.5.9' ],
89 silly audit   'webpack-merge': [ '5.8.0' ],
89 silly audit   'webpack-sources': [ '3.2.3' ],
89 silly audit   'webpack-virtual-modules': [ '0.4.4' ],
89 silly audit   'websocket-driver': [ '0.7.4' ],
89 silly audit   'websocket-extensions': [ '0.1.4' ],
89 silly audit   'whatwg-fetch': [ '3.6.2' ],
89 silly audit   'whatwg-url': [ '5.0.0' ],
89 silly audit   'wide-align': [ '1.1.5' ],
89 silly audit   wildcard: [ '2.0.0' ],
89 silly audit   'word-wrap': [ '1.2.3' ],
89 silly audit   wrappy: [ '1.0.2' ],
89 silly audit   y18n: [ '5.0.8' ],
89 silly audit   yaml: [ '1.10.2' ],
89 silly audit   yorkie: [ '2.0.0' ],
89 silly audit   'node-sass': [ '7.0.1' ]
89 silly audit }
90 silly tarball no local data for uuid@https://registry.npmjs.org/uuid/-/uuid-8.3.2.tgz. Extracting by manifest.
91 silly tarball no local data for type-fest@https://registry.npmjs.org/type-fest/-/type-fest-0.20.2.tgz. Extracting by manifest.
92 silly tarball no local data for normalize-package-data@https://registry.npmjs.org/normalize-package-data/-/normalize-package-data-2.5.0.tgz. Extracting by manifest.
93 silly tarball no local data for mkdirp@https://registry.npmjs.org/mkdirp/-/mkdirp-0.5.6.tgz. Extracting by manifest.
94 silly tarball no local data for semver@https://registry.npmjs.org/semver/-/semver-6.3.0.tgz. Extracting by manifest.
95 silly tarball no local data for lru-cache@https://registry.npmjs.org/lru-cache/-/lru-cache-4.1.5.tgz. Extracting by manifest.
96 silly tarball no local data for is-plain-obj@https://registry.npmjs.org/is-plain-obj/-/is-plain-obj-3.0.0.tgz. Extracting by manifest.
97 silly tarball no local data for hosted-git-info@https://registry.npmjs.org/hosted-git-info/-/hosted-git-info-2.8.9.tgz. Extracting by manifest.
98 silly tarball no local data for yallist@https://registry.npmjs.org/yallist/-/yallist-2.1.2.tgz. Extracting by manifest.
99 timing reifyNode:node_modules/minimist-options/node_modules/is-plain-obj Completed in 195ms
100 timing reifyNode:node_modules/decamelize-keys/node_modules/map-obj Completed in 191ms
101 timing reifyNode:node_modules/map-obj Completed in 194ms
102 timing reifyNode:node_modules/@vue/cli-shared-utils/node_modules/lru-cache Completed in 204ms
103 timing reifyNode:node_modules/@vue/babel-preset-app/node_modules/lru-cache Completed in 204ms
104 timing reifyNode:node_modules/@npmcli/fs/node_modules/lru-cache Completed in 203ms
105 timing reifyNode:node_modules/vue-eslint-parser/node_modules/lru-cache Completed in 203ms
106 timing reifyNode:node_modules/postcss-loader/node_modules/lru-cache Completed in 200ms
107 timing reifyNode:node_modules/node-gyp/node_modules/lru-cache Completed in 201ms
108 timing reifyNode:node_modules/meow/node_modules/lru-cache Completed in 199ms
109 timing reifyNode:node_modules/make-fetch-happen/node_modules/lru-cache Completed in 198ms
110 timing reifyNode:node_modules/eslint-plugin-vue/node_modules/lru-cache Completed in 197ms
111 timing reifyNode:node_modules/eslint/node_modules/lru-cache Completed in 197ms
112 timing reifyNode:node_modules/css-loader/node_modules/lru-cache Completed in 194ms
113 timing reifyNode:node_modules/cacache/node_modules/lru-cache Completed in 195ms
114 timing reifyNode:node_modules/which Completed in 211ms
115 timing reifyNode:node_modules/meow/node_modules/hosted-git-info Completed in 211ms
116 timing reifyNode:node_modules/normalize-package-data/node_modules/semver Completed in 221ms
117 timing reifyNode:node_modules/execa/node_modules/semver Completed in 217ms
118 timing reifyNode:node_modules/@npmcli/move-file/node_modules/mkdirp Completed in 234ms
119 timing reifyNode:node_modules/tar/node_modules/mkdirp Completed in 232ms
120 timing reifyNode:node_modules/cacache/node_modules/mkdirp Completed in 222ms
121 timing reifyNode:node_modules/meow/node_modules/normalize-package-data Completed in 230ms
122 timing reifyNode:node_modules/@vue/vue-loader-v15/node_modules/json5 Completed in 258ms
123 timing reifyNode:node_modules/vue-style-loader/node_modules/json5 Completed in 256ms
124 warn deprecated uuid@3.4.0: Please upgrade  to version 7 or higher.  Older versions may use Math.random() in certain circumstances, which is known to be problematic.  See https://v8.dev/blog/math-random for details.
125 timing reifyNode:node_modules/request/node_modules/uuid Completed in 253ms
126 timing reifyNode:node_modules/meow/node_modules/type-fest Completed in 324ms
127 http fetch POST 200 https://registry.npmjs.org/-/npm/v1/security/advisories/bulk 354ms
128 timing auditReport:getReport Completed in 377ms
129 silly audit report {
129 silly audit report   'scss-tokenizer': [
129 silly audit report     {
129 silly audit report       id: 1081480,
129 silly audit report       url: 'https://github.com/advisories/GHSA-7mwh-4pqv-wmr8',
129 silly audit report       title: 'Regular expression denial of service in scss-tokenizer',
129 silly audit report       severity: 'high',
129 silly audit report       vulnerable_versions: '<=0.4.2',
129 silly audit report       cwe: [Array],
129 silly audit report       cvss: [Object]
129 silly audit report     }
129 silly audit report   ]
129 silly audit report }
130 timing metavuln:cache:get:security-advisory:scss-tokenizer:JIYGYMu9XpTJ1ilVMckUyZuSr7Dxr5OXkkpXV6tUohoft/eqUsc0hLF4dIs0rVpoxwtPJUXd0FWJZ7JzSX5U9A== Completed in 30ms
131 http fetch GET 200 https://registry.npmjs.org/hosted-git-info/-/hosted-git-info-2.8.9.tgz 324ms (cache miss)
132 timing reifyNode:node_modules/hosted-git-info Completed in 372ms
133 http fetch GET 200 https://registry.npmjs.org/lru-cache/-/lru-cache-4.1.5.tgz 329ms (cache miss)
134 timing reifyNode:node_modules/lru-cache Completed in 374ms
135 http fetch GET 200 https://registry.npmjs.org/mkdirp/-/mkdirp-0.5.6.tgz 336ms (cache miss)
136 timing reifyNode:node_modules/mkdirp Completed in 382ms
137 timing reifyNode:node_modules/@vue/cli-shared-utils/node_modules/semver Completed in 392ms
138 timing reifyNode:node_modules/@vue/babel-preset-app/node_modules/semver Completed in 392ms
139 timing reifyNode:node_modules/@npmcli/fs/node_modules/semver Completed in 391ms
140 timing reifyNode:node_modules/postcss-loader/node_modules/semver Completed in 387ms
141 timing reifyNode:node_modules/vue-eslint-parser/node_modules/semver Completed in 389ms
142 timing reifyNode:node_modules/node-gyp/node_modules/semver Completed in 386ms
143 timing reifyNode:node_modules/meow/node_modules/semver Completed in 384ms
144 timing reifyNode:node_modules/eslint-plugin-vue/node_modules/semver Completed in 380ms
145 timing reifyNode:node_modules/eslint/node_modules/semver Completed in 384ms
146 timing reifyNode:node_modules/css-loader/node_modules/semver Completed in 383ms
147 http fetch GET 200 https://registry.npmjs.org/yallist/-/yallist-2.1.2.tgz 335ms (cache miss)
148 timing reifyNode:node_modules/lru-cache/node_modules/yallist Completed in 388ms
149 http fetch GET 200 https://registry.npmjs.org/is-plain-obj/-/is-plain-obj-3.0.0.tgz 342ms (cache miss)
150 timing reifyNode:node_modules/is-plain-obj Completed in 389ms
151 http fetch GET 200 https://registry.npmjs.org/semver/-/semver-6.3.0.tgz 346ms (cache miss)
152 timing reifyNode:node_modules/semver Completed in 396ms
153 http fetch GET 200 https://registry.npmjs.org/normalize-package-data/-/normalize-package-data-2.5.0.tgz 353ms (cache miss)
154 timing reifyNode:node_modules/normalize-package-data Completed in 398ms
155 http fetch GET 200 https://registry.npmjs.org/type-fest/-/type-fest-0.20.2.tgz 376ms (cache miss)
156 timing reifyNode:node_modules/type-fest Completed in 422ms
157 http fetch GET 200 https://registry.npmjs.org/uuid/-/uuid-8.3.2.tgz 383ms (cache miss)
158 timing reifyNode:node_modules/uuid Completed in 429ms
159 timing reify:unpack Completed in 434ms
160 timing reify:unretire Completed in 1ms
161 timing build:queue Completed in 2ms
162 timing build:link:node_modules/mkdirp Completed in 8ms
163 timing build:link:node_modules/semver Completed in 7ms
164 timing build:link:node_modules/which Completed in 7ms
165 timing build:link:node_modules/uuid Completed in 7ms
166 timing build:link:node_modules/@npmcli/move-file/node_modules/mkdirp Completed in 7ms
167 timing build:link:node_modules/@npmcli/fs/node_modules/semver Completed in 7ms
168 timing build:link:node_modules/@vue/vue-loader-v15/node_modules/json5 Completed in 7ms
169 timing build:link:node_modules/@vue/cli-shared-utils/node_modules/semver Completed in 7ms
170 timing build:link:node_modules/@vue/babel-preset-app/node_modules/semver Completed in 7ms
171 timing build:link:node_modules/cacache/node_modules/mkdirp Completed in 6ms
172 timing build:link:node_modules/css-loader/node_modules/semver Completed in 6ms
173 timing build:link:node_modules/eslint-plugin-vue/node_modules/semver Completed in 6ms
174 timing build:link:node_modules/execa/node_modules/semver Completed in 6ms
175 timing build:link:node_modules/eslint/node_modules/semver Completed in 6ms
176 timing build:link:node_modules/node-gyp/node_modules/semver Completed in 6ms
177 timing build:link:node_modules/postcss-loader/node_modules/semver Completed in 6ms
178 timing build:link:node_modules/meow/node_modules/semver Completed in 6ms
179 timing build:link:node_modules/request/node_modules/uuid Completed in 6ms
180 timing build:link:node_modules/tar/node_modules/mkdirp Completed in 6ms
181 timing build:link:node_modules/normalize-package-data/node_modules/semver Completed in 6ms
182 timing build:link:node_modules/vue-eslint-parser/node_modules/semver Completed in 6ms
183 timing build:link:node_modules/vue-style-loader/node_modules/json5 Completed in 5ms
184 timing build:link Completed in 9ms
185 timing build:deps Completed in 11ms
186 timing build Completed in 12ms
187 timing reify:build Completed in 12ms
188 http fetch GET 200 https://registry.npmjs.org/scss-tokenizer 143ms (cache revalidated)
189 timing metavuln:packument:scss-tokenizer Completed in 143ms
190 timing metavuln:load:security-advisory:scss-tokenizer:1081480 Completed in 1ms
191 timing metavuln:calculate:security-advisory:scss-tokenizer:1081480 Completed in 145ms
192 timing reify:trash Completed in 50ms
193 timing reify:save Completed in 488ms
194 timing metavuln:cache:get:security-advisory:sass-graph:aTXgXCaeArkxPg/buM9GI5xWACTKAGNSzvXd7Ki2VQ3UtDIXB7WYYERzxVn+tR5s6zucqy4UcMUnrZTdyACT+A== Completed in 739ms
195 http fetch GET 200 https://registry.npmjs.org/sass-graph 808ms (cache revalidated)
196 timing metavuln:packument:sass-graph Completed in 809ms
197 timing metavuln:load:security-advisory:sass-graph:JIYGYMu9XpTJ1ilVMckUyZuSr7Dxr5OXkkpXV6tUohoft/eqUsc0hLF4dIs0rVpoxwtPJUXd0FWJZ7JzSX5U9A== Completed in 1ms
198 timing metavuln:calculate:security-advisory:sass-graph:JIYGYMu9XpTJ1ilVMckUyZuSr7Dxr5OXkkpXV6tUohoft/eqUsc0hLF4dIs0rVpoxwtPJUXd0FWJZ7JzSX5U9A== Completed in 811ms
199 timing metavuln:packument:node-sass Completed in 1ms
200 timing metavuln:cache:get:security-advisory:node-sass:lTxEL+IrStSHJVBdIU56ouCZ5XcQugAK21oCziK2Oy0awvxEuTtd4OR7xpAuKO092efZvvKgJS8Q4BzEp1FeQw== Completed in 3ms
201 timing metavuln:load:security-advisory:node-sass:aTXgXCaeArkxPg/buM9GI5xWACTKAGNSzvXd7Ki2VQ3UtDIXB7WYYERzxVn+tR5s6zucqy4UcMUnrZTdyACT+A== Completed in 3ms
202 timing metavuln:calculate:security-advisory:node-sass:aTXgXCaeArkxPg/buM9GI5xWACTKAGNSzvXd7Ki2VQ3UtDIXB7WYYERzxVn+tR5s6zucqy4UcMUnrZTdyACT+A== Completed in 6ms
203 timing metavuln:cache:get:security-advisory:sass-loader:y/KZfFP6iKhQFLvDl/wwxE51grHG+rSlT9FBTvSPtaJVwD92L/vtO2A99pnMmI9fMT/nJEzyN08RH+J2pPmkFQ== Completed in 32ms
204 http fetch GET 200 https://registry.npmjs.org/sass-loader 92ms (cache revalidated)
205 timing metavuln:packument:sass-loader Completed in 96ms
206 timing metavuln:load:security-advisory:sass-loader:lTxEL+IrStSHJVBdIU56ouCZ5XcQugAK21oCziK2Oy0awvxEuTtd4OR7xpAuKO092efZvvKgJS8Q4BzEp1FeQw== Completed in 0ms
207 timing metavuln:calculate:security-advisory:sass-loader:lTxEL+IrStSHJVBdIU56ouCZ5XcQugAK21oCziK2Oy0awvxEuTtd4OR7xpAuKO092efZvvKgJS8Q4BzEp1FeQw== Completed in 96ms
208 timing auditReport:init Completed in 1061ms
209 timing reify:audit Completed in 1440ms
210 timing reify Completed in 3476ms
211 silly CHANGE node_modules/@vue/vue-loader-v15/node_modules/json5
212 silly REMOVE node_modules/@vue/component-compiler-utils/node_modules/yallist
213 silly REMOVE node_modules/@vue/component-compiler-utils/node_modules/lru-cache
214 silly ADD node_modules/@vue/cli-shared-utils/node_modules/semver
215 silly ADD node_modules/@vue/cli-shared-utils/node_modules/lru-cache
216 silly ADD node_modules/@vue/babel-preset-app/node_modules/semver
217 silly ADD node_modules/@vue/babel-preset-app/node_modules/lru-cache
218 silly ADD node_modules/@npmcli/move-file/node_modules/mkdirp
219 silly ADD node_modules/@npmcli/fs/node_modules/semver
220 silly ADD node_modules/@npmcli/fs/node_modules/lru-cache
221 silly REMOVE node_modules/@eslint/eslintrc/node_modules/type-fest
222 silly REMOVE node_modules/@babel/preset-env/node_modules/semver
223 silly REMOVE node_modules/@babel/plugin-transform-runtime/node_modules/semver
224 silly REMOVE node_modules/@babel/helper-define-polyfill-provider/node_modules/semver
225 silly REMOVE node_modules/@babel/helper-compilation-targets/node_modules/semver
226 silly REMOVE node_modules/@babel/eslint-parser/node_modules/semver
227 silly REMOVE node_modules/@babel/core/node_modules/semver
228 silly REMOVE node_modules/yorkie/node_modules/yallist
229 silly REMOVE node_modules/yorkie/node_modules/lru-cache
230 silly CHANGE node_modules/which
231 silly CHANGE node_modules/vue-style-loader/node_modules/json5
232 silly ADD node_modules/vue-eslint-parser/node_modules/semver
233 silly ADD node_modules/vue-eslint-parser/node_modules/lru-cache
234 silly CHANGE node_modules/uuid
235 silly CHANGE node_modules/type-fest
236 silly ADD node_modules/tar/node_modules/mkdirp
237 silly REMOVE node_modules/sockjs/node_modules/uuid
238 silly CHANGE node_modules/semver
239 silly ADD node_modules/request/node_modules/uuid
240 silly REMOVE node_modules/read-pkg/node_modules/semver
241 silly REMOVE node_modules/read-pkg/node_modules/normalize-package-data
242 silly REMOVE node_modules/read-pkg/node_modules/hosted-git-info
243 silly ADD node_modules/postcss-loader/node_modules/semver
244 silly ADD node_modules/postcss-loader/node_modules/lru-cache
245 silly REMOVE node_modules/portfinder/node_modules/mkdirp
246 silly ADD node_modules/node-gyp/node_modules/semver
247 silly ADD node_modules/node-gyp/node_modules/lru-cache
248 silly CHANGE node_modules/normalize-package-data
249 silly ADD node_modules/normalize-package-data/node_modules/semver
250 silly CHANGE node_modules/mkdirp
251 silly ADD node_modules/minimist-options/node_modules/is-plain-obj
252 silly ADD node_modules/meow/node_modules/type-fest
253 silly ADD node_modules/meow/node_modules/semver
254 silly ADD node_modules/meow/node_modules/normalize-package-data
255 silly ADD node_modules/meow/node_modules/lru-cache
256 silly ADD node_modules/meow/node_modules/hosted-git-info
257 silly ADD node_modules/make-fetch-happen/node_modules/lru-cache
258 silly CHANGE node_modules/map-obj
259 silly REMOVE node_modules/make-dir/node_modules/semver
260 silly CHANGE node_modules/lru-cache
261 silly ADD node_modules/lru-cache/node_modules/yallist
262 silly CHANGE node_modules/is-plain-obj
263 silly REMOVE node_modules/http-proxy-middleware/node_modules/is-plain-obj
264 silly CHANGE node_modules/hosted-git-info
265 silly REMOVE node_modules/globule/node_modules/glob/node_modules/minimatch
266 silly CHANGE node_modules/execa/node_modules/semver
267 silly REMOVE node_modules/espree/node_modules/acorn-jsx
268 silly ADD node_modules/eslint-plugin-vue/node_modules/semver
269 silly ADD node_modules/eslint-plugin-vue/node_modules/lru-cache
270 silly ADD node_modules/eslint/node_modules/semver
271 silly ADD node_modules/eslint/node_modules/lru-cache
272 silly REMOVE node_modules/eslint/node_modules/type-fest
273 silly ADD node_modules/decamelize-keys/node_modules/map-obj
274 silly ADD node_modules/css-loader/node_modules/semver
275 silly ADD node_modules/css-loader/node_modules/lru-cache
276 silly REMOVE node_modules/camelcase-keys/node_modules/map-obj
277 silly ADD node_modules/cacache/node_modules/mkdirp
278 silly ADD node_modules/cacache/node_modules/lru-cache
279 silly REMOVE node_modules/babel-plugin-polyfill-corejs2/node_modules/semver
280 silly REMOVE node_modules/acorn-jsx/node_modules/acorn
281 timing command:install Completed in 3504ms
282 verbose exit 0
283 timing npm Completed in 3644ms
284 info ok
